AR;16777216;0,1,2,3,4,5,6,7
AR;4194304;0,1,2,3,4,5,6,7
AR;4096;0,1,2,3,4,5,6,7
AR;4194304;0,1,2,3,4,5,6,7
AR;4096;0,1,2,3,4,5,6,7
AR;16777216;0,1,2,3,4,5,6,7
AR;16777216;0,1,2,3,4,5,6,7
AR;4194304;0,1,2,3,4,5,6,7
AR;4096;0,1,2,3,4,5,6,7
AR;4194304;0,1,2,3,4,5,6,7
AR;4096;0,1,2,3,4,5,6,7
AR;16777216;0,1,2,3,4,5,6,7
AR;4194304;0,1,2,3,4,5,6,7
AR;4096;0,1,2,3,4,5,6,7
AR;4194304;0,1,2,3,4,5,6,7
AR;4096;0,1,2,3,4,5,6,7
AR;16777216;0,1,2,3,4,5,6,7
AR;16777216;0,1,2,3,4,5,6,7
AR;4194304;0,1,2,3,4,5,6,7
AR;4096;0,1,2,3,4,5,6,7
AR;4194304;0,1,2,3,4,5,6,7
AR;4096;0,1,2,3,4,5,6,7
AR;16777216;0,1,2,3,4,5,6,7
AR;4194304;0,1,2,3,4,5,6,7
AR;4096;0,1,2,3,4,5,6,7
AR;4194304;0,1,2,3,4,5,6,7
AR;4096;0,1,2,3,4,5,6,7
AR;16777216;0,1,2,3,4,5,6,7
AR;16777216;0,1,2,3,4,5,6,7
AR;4194304;0,1,2,3,4,5,6,7
AR;4096;0,1,2,3,4,5,6,7
AR;4194304;0,1,2,3,4,5,6,7
AR;4096;0,1,2,3,4,5,6,7
AR;16777216;0,1,2,3,4,5,6,7
AR;4194304;0,1,2,3,4,5,6,7
AR;4096;0,1,2,3,4,5,6,7
AR;4194304;0,1,2,3,4,5,6,7
AR;4096;0,1,2,3,4,5,6,7
AR;16777216;0,1,2,3,4,5,6,7
AR;16777216;0,1,2,3,4,5,6,7
AR;4194304;0,1,2,3,4,5,6,7
AR;4096;0,1,2,3,4,5,6,7
AR;4194304;0,1,2,3,4,5,6,7
AR;4096;0,1,2,3,4,5,6,7
AR;16777216;0,1,2,3,4,5,6,7
AR;4194304;0,1,2,3,4,5,6,7
AR;4096;0,1,2,3,4,5,6,7
AR;4194304;0,1,2,3,4,5,6,7
AR;4096;0,1,2,3,4,5,6,7
AR;16777216;0,1,2,3,4,5,6,7
AR;16777216;0,1,2,3,4,5,6,7
AR;4194304;0,1,2,3,4,5,6,7
AR;4096;0,1,2,3,4,5,6,7
AR;4194304;0,1,2,3,4,5,6,7
AR;4096;0,1,2,3,4,5,6,7
AR;16777216;0,1,2,3,4,5,6,7
AR;4194304;0,1,2,3,4,5,6,7
AR;4096;0,1,2,3,4,5,6,7
AR;4194304;0,1,2,3,4,5,6,7
AR;4096;0,1,2,3,4,5,6,7
AR;16777216;0,1,2,3,4,5,6,7
AR;16777216;0,1,2,3,4,5,6,7
AR;4194304;0,1,2,3,4,5,6,7
AR;4096;0,1,2,3,4,5,6,7
AR;4194304;0,1,2,3,4,5,6,7
AR;4096;0,1,2,3,4,5,6,7
AR;16777216;0,1,2,3,4,5,6,7
AR;4194304;0,1,2,3,4,5,6,7
AR;4096;0,1,2,3,4,5,6,7
AR;4194304;0,1,2,3,4,5,6,7
AR;4096;0,1,2,3,4,5,6,7
AR;16777216;0,1,2,3,4,5,6,7
AR;16777216;0,1,2,3,4,5,6,7
AR;4194304;0,1,2,3,4,5,6,7
AR;4096;0,1,2,3,4,5,6,7
AR;4194304;0,1,2,3,4,5,6,7
AR;4096;0,1,2,3,4,5,6,7
AR;16777216;0,1,2,3,4,5,6,7
AR;4194304;0,1,2,3,4,5,6,7
AR;4096;0,1,2,3,4,5,6,7
AR;4194304;0,1,2,3,4,5,6,7
AR;4096;0,1,2,3,4,5,6,7
AR;16777216;0,1,2,3,4,5,6,7
AR;16777216;0,1,2,3,4,5,6,7
AR;4194304;0,1,2,3,4,5,6,7
AR;4096;0,1,2,3,4,5,6,7
AR;4194304;0,1,2,3,4,5,6,7
AR;4096;0,1,2,3,4,5,6,7
AR;16777216;0,1,2,3,4,5,6,7
AR;4194304;0,1,2,3,4,5,6,7
AR;4096;0,1,2,3,4,5,6,7
AR;4194304;0,1,2,3,4,5,6,7
AR;4096;0,1,2,3,4,5,6,7
AR;16777216;0,1,2,3,4,5,6,7
AR;16777216;0,1,2,3,4,5,6,7
AR;4194304;0,1,2,3,4,5,6,7
AR;4096;0,1,2,3,4,5,6,7
AR;4194304;0,1,2,3,4,5,6,7
AR;4096;0,1,2,3,4,5,6,7
AR;16777216;0,1,2,3,4,5,6,7
AR;4194304;0,1,2,3,4,5,6,7
AR;4096;0,1,2,3,4,5,6,7
AR;4194304;0,1,2,3,4,5,6,7
AR;4096;0,1,2,3,4,5,6,7
AR;16777216;0,1,2,3,4,5,6,7
AR;16777216;0,1,2,3,4,5,6,7
AR;4194304;0,1,2,3,4,5,6,7
AR;4096;0,1,2,3,4,5,6,7
AR;4194304;0,1,2,3,4,5,6,7
AR;4096;0,1,2,3,4,5,6,7
AR;16777216;0,1,2,3,4,5,6,7
AR;4194304;0,1,2,3,4,5,6,7
AR;4096;0,1,2,3,4,5,6,7
AR;4194304;0,1,2,3,4,5,6,7
AR;4096;0,1,2,3,4,5,6,7
AR;16777216;0,1,2,3,4,5,6,7
AR;16777216;0,1,2,3,4,5,6,7
AR;4194304;0,1,2,3,4,5,6,7
AR;4096;0,1,2,3,4,5,6,7
AR;4194304;0,1,2,3,4,5,6,7
AR;4096;0,1,2,3,4,5,6,7
AR;16777216;0,1,2,3,4,5,6,7
AR;4194304;0,1,2,3,4,5,6,7
AR;4096;0,1,2,3,4,5,6,7
AR;4194304;0,1,2,3,4,5,6,7
AR;4096;0,1,2,3,4,5,6,7
AR;16777216;0,1,2,3,4,5,6,7
AR;16777216;0,1,2,3,4,5,6,7
AR;4194304;0,1,2,3,4,5,6,7
AR;4096;0,1,2,3,4,5,6,7
AR;4194304;0,1,2,3,4,5,6,7
AR;4096;0,1,2,3,4,5,6,7
AR;4096;0,1,2,3,4,5,6,7
AR;4;0,1,2,3,4,5,6,7
L2L;4194304;1;0;0;0
L2L;4194304;1;1;0;0
L2L;4194304;1;0;1;1
L2L;4194304;1;1;1;1
L2L;4194304;1;0;2;2
L2L;4194304;1;1;2;2
L2L;4194304;1;0;3;3
L2L;4194304;1;1;3;3
L2L;4194304;1;0;4;4
L2L;4194304;1;1;4;4
L2L;4194304;1;0;5;5
L2L;4194304;1;1;5;5
L2L;4194304;1;0;6;6
L2L;4194304;1;1;6;6
L2L;4194304;1;0;7;7
L2L;4194304;1;1;7;7
L2L;4194304;2;0;0;0
L2L;4194304;2;1;0;0
L2L;4194304;2;0;1;1
L2L;4194304;2;1;1;1
L2L;4194304;2;0;2;2
L2L;4194304;2;1;2;2
L2L;4194304;2;0;3;3
L2L;4194304;2;1;3;3
L2L;4194304;2;0;4;4
L2L;4194304;2;1;4;4
L2L;4194304;2;0;5;5
L2L;4194304;2;1;5;5
L2L;4194304;2;0;6;6
L2L;4194304;2;1;6;6
L2L;4194304;2;0;7;7
L2L;4194304;2;1;7;7
L2L;4194304;3;0;0;0
L2L;4194304;3;1;0;0
L2L;4194304;3;0;1;1
L2L;4194304;3;1;1;1
L2L;4194304;3;0;2;2
L2L;4194304;3;1;2;2
L2L;4194304;3;0;3;3
L2L;4194304;3;1;3;3
L2L;4194304;3;0;4;4
L2L;4194304;3;1;4;4
L2L;4194304;3;0;5;5
L2L;4194304;3;1;5;5
L2L;4194304;3;0;6;6
L2L;4194304;3;1;6;6
L2L;4194304;3;0;7;7
L2L;4194304;3;1;7;7
L2L;4194304;5;0;0;0
L2L;4194304;5;1;0;0
L2L;4194304;5;0;1;1
L2L;4194304;5;1;1;1
L2L;4194304;5;0;2;2
L2L;4194304;5;1;2;2
L2L;4194304;5;0;3;3
L2L;4194304;5;1;3;3
L2L;4194304;5;0;4;4
L2L;4194304;5;1;4;4
L2L;4194304;5;0;5;5
L2L;4194304;5;1;5;5
L2L;4194304;5;0;6;6
L2L;4194304;5;1;6;6
L2L;4194304;5;0;7;7
L2L;4194304;5;1;7;7
L2L;4194304;6;0;0;0
L2L;4194304;6;1;0;0
L2L;4194304;6;0;1;1
L2L;4194304;6;1;1;1
L2L;4194304;6;0;2;2
L2L;4194304;6;1;2;2
L2L;4194304;6;0;3;3
L2L;4194304;6;1;3;3
L2L;4194304;6;0;4;4
L2L;4194304;6;1;4;4
L2L;4194304;6;0;5;5
L2L;4194304;6;1;5;5
L2L;4194304;6;0;6;6
L2L;4194304;6;1;6;6
L2L;4194304;6;0;7;7
L2L;4194304;6;1;7;7
L2L;4194304;6;0;0;0
L2L;4194304;6;1;0;0
L2L;4194304;6;0;1;1
L2L;4194304;6;1;1;1
L2L;4194304;6;0;2;2
L2L;4194304;6;1;2;2
L2L;4194304;6;0;3;3
L2L;4194304;6;1;3;3
L2L;4194304;6;0;4;4
L2L;4194304;6;1;4;4
L2L;4194304;6;0;5;5
L2L;4194304;6;1;5;5
L2L;4194304;6;0;6;6
L2L;4194304;6;1;6;6
L2L;4194304;6;0;7;7
L2L;4194304;6;1;7;7
L2L;4194304;6;0;0;0
L2L;4194304;6;1;0;0
L2L;4194304;6;0;1;1
L2L;4194304;6;1;1;1
L2L;4194304;6;0;2;2
L2L;4194304;6;1;2;2
L2L;4194304;6;0;3;3
L2L;4194304;6;1;3;3
L2L;4194304;6;0;4;4
L2L;4194304;6;1;4;4
L2L;4194304;6;0;5;5
L2L;4194304;6;1;5;5
L2L;4194304;6;0;6;6
L2L;4194304;6;1;6;6
L2L;4194304;6;0;7;7
L2L;4194304;6;1;7;7
L2L;4194304;7;0;0;0
L2L;4194304;7;1;0;0
L2L;4194304;7;0;1;1
L2L;4194304;7;1;1;1
L2L;4194304;7;0;2;2
L2L;4194304;7;1;2;2
L2L;4194304;7;0;3;3
L2L;4194304;7;1;3;3
L2L;4194304;7;0;4;4
L2L;4194304;7;1;4;4
L2L;4194304;7;0;5;5
L2L;4194304;7;1;5;5
L2L;4194304;7;0;6;6
L2L;4194304;7;1;6;6
L2L;4194304;7;0;7;7
L2L;4194304;7;1;7;7
L2L;4194304;7;0;0;0
L2L;4194304;7;1;0;0
L2L;4194304;7;0;1;1
L2L;4194304;7;1;1;1
L2L;4194304;7;0;2;2
L2L;4194304;7;1;2;2
L2L;4194304;7;0;3;3
L2L;4194304;7;1;3;3
L2L;4194304;7;0;4;4
L2L;4194304;7;1;4;4
L2L;4194304;7;0;5;5
L2L;4194304;7;1;5;5
L2L;4194304;7;0;6;6
L2L;4194304;7;1;6;6
L2L;4194304;7;0;7;7
L2L;4194304;7;1;7;7
L2L;4194304;8;0;0;0
L2L;4194304;8;1;0;0
L2L;4194304;8;0;1;1
L2L;4194304;8;1;1;1
L2L;4194304;8;0;2;2
L2L;4194304;8;1;2;2
L2L;4194304;8;0;3;3
L2L;4194304;8;1;3;3
L2L;4194304;8;0;4;4
L2L;4194304;8;1;4;4
L2L;4194304;8;0;5;5
L2L;4194304;8;1;5;5
L2L;4194304;8;0;6;6
L2L;4194304;8;1;6;6
L2L;4194304;8;0;7;7
L2L;4194304;8;1;7;7
L2L;4194304;9;0;0;0
L2L;4194304;9;1;0;0
L2L;4194304;9;0;1;1
L2L;4194304;9;1;1;1
L2L;4194304;9;0;2;2
L2L;4194304;9;1;2;2
L2L;4194304;9;0;3;3
L2L;4194304;9;1;3;3
L2L;4194304;9;0;4;4
L2L;4194304;9;1;4;4
L2L;4194304;9;0;5;5
L2L;4194304;9;1;5;5
L2L;4194304;9;0;6;6
L2L;4194304;9;1;6;6
L2L;4194304;9;0;7;7
L2L;4194304;9;1;7;7
L2L;4194304;10;0;0;0
L2L;4194304;10;1;0;0
L2L;4194304;10;0;1;1
L2L;4194304;10;1;1;1
L2L;4194304;10;0;2;2
L2L;4194304;10;1;2;2
L2L;4194304;10;0;3;3
L2L;4194304;10;1;3;3
L2L;4194304;10;0;4;4
L2L;4194304;10;1;4;4
L2L;4194304;10;0;5;5
L2L;4194304;10;1;5;5
L2L;4194304;10;0;6;6
L2L;4194304;10;1;6;6
L2L;4194304;10;0;7;7
L2L;4194304;10;1;7;7
L2L;4194304;10;0;0;0
L2L;4194304;10;1;0;0
L2L;4194304;10;0;1;1
L2L;4194304;10;1;1;1
L2L;4194304;10;0;2;2
L2L;4194304;10;1;2;2
L2L;4194304;10;0;3;3
L2L;4194304;10;1;3;3
L2L;4194304;10;0;4;4
L2L;4194304;10;1;4;4
L2L;4194304;10;0;5;5
L2L;4194304;10;1;5;5
L2L;4194304;10;0;6;6
L2L;4194304;10;1;6;6
L2L;4194304;10;0;7;7
L2L;4194304;10;1;7;7
L2L;4194304;10;0;0;0
L2L;4194304;10;1;0;0
L2L;4194304;10;0;1;1
L2L;4194304;10;1;1;1
L2L;4194304;10;0;2;2
L2L;4194304;10;1;2;2
L2L;4194304;10;0;3;3
L2L;4194304;10;1;3;3
L2L;4194304;10;0;4;4
L2L;4194304;10;1;4;4
L2L;4194304;10;0;5;5
L2L;4194304;10;1;5;5
L2L;4194304;10;0;6;6
L2L;4194304;10;1;6;6
L2L;4194304;10;0;7;7
L2L;4194304;10;1;7;7
L2L;4194304;11;0;0;0
L2L;4194304;11;1;0;0
L2L;4194304;11;0;1;1
L2L;4194304;11;1;1;1
L2L;4194304;11;0;2;2
L2L;4194304;11;1;2;2
L2L;4194304;11;0;3;3
L2L;4194304;11;1;3;3
L2L;4194304;11;0;4;4
L2L;4194304;11;1;4;4
L2L;4194304;11;0;5;5
L2L;4194304;11;1;5;5
L2L;4194304;11;0;6;6
L2L;4194304;11;1;6;6
L2L;4194304;11;0;7;7
L2L;4194304;11;1;7;7
L2L;4194304;11;0;0;0
L2L;4194304;11;1;0;0
L2L;4194304;11;0;1;1
L2L;4194304;11;1;1;1
L2L;4194304;11;0;2;2
L2L;4194304;11;1;2;2
L2L;4194304;11;0;3;3
L2L;4194304;11;1;3;3
L2L;4194304;11;0;4;4
L2L;4194304;11;1;4;4
L2L;4194304;11;0;5;5
L2L;4194304;11;1;5;5
L2L;4194304;11;0;6;6
L2L;4194304;11;1;6;6
L2L;4194304;11;0;7;7
L2L;4194304;11;1;7;7
L2L;4194304;12;0;0;0
L2L;4194304;12;1;0;0
L2L;4194304;12;0;1;1
L2L;4194304;12;1;1;1
L2L;4194304;12;0;2;2
L2L;4194304;12;1;2;2
L2L;4194304;12;0;3;3
L2L;4194304;12;1;3;3
L2L;4194304;12;0;4;4
L2L;4194304;12;1;4;4
L2L;4194304;12;0;5;5
L2L;4194304;12;1;5;5
L2L;4194304;12;0;6;6
L2L;4194304;12;1;6;6
L2L;4194304;12;0;7;7
L2L;4194304;12;1;7;7
L2L;4194304;13;0;0;0
L2L;4194304;13;1;0;0
L2L;4194304;13;0;1;1
L2L;4194304;13;1;1;1
L2L;4194304;13;0;2;2
L2L;4194304;13;1;2;2
L2L;4194304;13;0;3;3
L2L;4194304;13;1;3;3
L2L;4194304;13;0;4;4
L2L;4194304;13;1;4;4
L2L;4194304;13;0;5;5
L2L;4194304;13;1;5;5
L2L;4194304;13;0;6;6
L2L;4194304;13;1;6;6
L2L;4194304;13;0;7;7
L2L;4194304;13;1;7;7
L2L;4194304;14;0;0;0
L2L;4194304;14;1;0;0
L2L;4194304;14;0;1;1
L2L;4194304;14;1;1;1
L2L;4194304;14;0;2;2
L2L;4194304;14;1;2;2
L2L;4194304;14;0;3;3
L2L;4194304;14;1;3;3
L2L;4194304;14;0;4;4
L2L;4194304;14;1;4;4
L2L;4194304;14;0;5;5
L2L;4194304;14;1;5;5
L2L;4194304;14;0;6;6
L2L;4194304;14;1;6;6
L2L;4194304;14;0;7;7
L2L;4194304;14;1;7;7
L2L;4194304;14;0;0;0
L2L;4194304;14;1;0;0
L2L;4194304;14;0;1;1
L2L;4194304;14;1;1;1
L2L;4194304;14;0;2;2
L2L;4194304;14;1;2;2
L2L;4194304;14;0;3;3
L2L;4194304;14;1;3;3
L2L;4194304;14;0;4;4
L2L;4194304;14;1;4;4
L2L;4194304;14;0;5;5
L2L;4194304;14;1;5;5
L2L;4194304;14;0;6;6
L2L;4194304;14;1;6;6
L2L;4194304;14;0;7;7
L2L;4194304;14;1;7;7
L2L;4194304;14;0;0;0
L2L;4194304;14;1;0;0
L2L;4194304;14;0;1;1
L2L;4194304;14;1;1;1
L2L;4194304;14;0;2;2
L2L;4194304;14;1;2;2
L2L;4194304;14;0;3;3
L2L;4194304;14;1;3;3
L2L;4194304;14;0;4;4
L2L;4194304;14;1;4;4
L2L;4194304;14;0;5;5
L2L;4194304;14;1;5;5
L2L;4194304;14;0;6;6
L2L;4194304;14;1;6;6
L2L;4194304;14;0;7;7
L2L;4194304;14;1;7;7
L2L;4194304;15;0;0;0
L2L;4194304;15;1;0;0
L2L;4194304;15;0;1;1
L2L;4194304;15;1;1;1
L2L;4194304;15;0;2;2
L2L;4194304;15;1;2;2
L2L;4194304;15;0;3;3
L2L;4194304;15;1;3;3
L2L;4194304;15;0;4;4
L2L;4194304;15;1;4;4
L2L;4194304;15;0;5;5
L2L;4194304;15;1;5;5
L2L;4194304;15;0;6;6
L2L;4194304;15;1;6;6
L2L;4194304;15;0;7;7
L2L;4194304;15;1;7;7
L2L;4194304;15;0;0;0
L2L;4194304;15;1;0;0
L2L;4194304;15;0;1;1
L2L;4194304;15;1;1;1
L2L;4194304;15;0;2;2
L2L;4194304;15;1;2;2
L2L;4194304;15;0;3;3
L2L;4194304;15;1;3;3
L2L;4194304;15;0;4;4
L2L;4194304;15;1;4;4
L2L;4194304;15;0;5;5
L2L;4194304;15;1;5;5
L2L;4194304;15;0;6;6
L2L;4194304;15;1;6;6
L2L;4194304;15;0;7;7
L2L;4194304;15;1;7;7
L2L;4194304;16;0;0;0
L2L;4194304;16;1;0;0
L2L;4194304;16;0;1;1
L2L;4194304;16;1;1;1
L2L;4194304;16;0;2;2
L2L;4194304;16;1;2;2
L2L;4194304;16;0;3;3
L2L;4194304;16;1;3;3
L2L;4194304;16;0;4;4
L2L;4194304;16;1;4;4
L2L;4194304;16;0;5;5
L2L;4194304;16;1;5;5
L2L;4194304;16;0;6;6
L2L;4194304;16;1;6;6
L2L;4194304;16;0;7;7
L2L;4194304;16;1;7;7
L2L;4194304;16;0;0;0
L2L;4194304;16;1;0;0
L2L;4194304;16;0;1;1
L2L;4194304;16;1;1;1
L2L;4194304;16;0;2;2
L2L;4194304;16;1;2;2
L2L;4194304;16;0;3;3
L2L;4194304;16;1;3;3
L2L;4194304;16;0;4;4
L2L;4194304;16;1;4;4
L2L;4194304;16;0;5;5
L2L;4194304;16;1;5;5
L2L;4194304;16;0;6;6
L2L;4194304;16;1;6;6
L2L;4194304;16;0;7;7
L2L;4194304;16;1;7;7
L2L;4194304;16;0;0;0
L2L;4194304;16;1;0;0
L2L;4194304;16;0;1;1
L2L;4194304;16;1;1;1
L2L;4194304;16;0;2;2
L2L;4194304;16;1;2;2
L2L;4194304;16;0;3;3
L2L;4194304;16;1;3;3
L2L;4194304;16;0;4;4
L2L;4194304;16;1;4;4
L2L;4194304;16;0;5;5
L2L;4194304;16;1;5;5
L2L;4194304;16;0;6;6
L2L;4194304;16;1;6;6
L2L;4194304;16;0;7;7
L2L;4194304;16;1;7;7
L2L;4194304;17;0;0;0
L2L;4194304;17;1;0;0
L2L;4194304;17;0;1;1
L2L;4194304;17;1;1;1
L2L;4194304;17;0;2;2
L2L;4194304;17;1;2;2
L2L;4194304;17;0;3;3
L2L;4194304;17;1;3;3
L2L;4194304;17;0;4;4
L2L;4194304;17;1;4;4
L2L;4194304;17;0;5;5
L2L;4194304;17;1;5;5
L2L;4194304;17;0;6;6
L2L;4194304;17;1;6;6
L2L;4194304;17;0;7;7
L2L;4194304;17;1;7;7
L2L;4194304;17;0;0;0
L2L;4194304;17;1;0;0
L2L;4194304;17;0;1;1
L2L;4194304;17;1;1;1
L2L;4194304;17;0;2;2
L2L;4194304;17;1;2;2
L2L;4194304;17;0;3;3
L2L;4194304;17;1;3;3
L2L;4194304;17;0;4;4
L2L;4194304;17;1;4;4
L2L;4194304;17;0;5;5
L2L;4194304;17;1;5;5
L2L;4194304;17;0;6;6
L2L;4194304;17;1;6;6
L2L;4194304;17;0;7;7
L2L;4194304;17;1;7;7
L2L;4194304;18;0;0;0
L2L;4194304;18;1;0;0
L2L;4194304;18;0;1;1
L2L;4194304;18;1;1;1
L2L;4194304;18;0;2;2
L2L;4194304;18;1;2;2
L2L;4194304;18;0;3;3
L2L;4194304;18;1;3;3
L2L;4194304;18;0;4;4
L2L;4194304;18;1;4;4
L2L;4194304;18;0;5;5
L2L;4194304;18;1;5;5
L2L;4194304;18;0;6;6
L2L;4194304;18;1;6;6
L2L;4194304;18;0;7;7
L2L;4194304;18;1;7;7
L2L;4194304;19;0;0;0
L2L;4194304;19;1;0;0
L2L;4194304;19;0;1;1
L2L;4194304;19;1;1;1
L2L;4194304;19;0;2;2
L2L;4194304;19;1;2;2
L2L;4194304;19;0;3;3
L2L;4194304;19;1;3;3
L2L;4194304;19;0;4;4
L2L;4194304;19;1;4;4
L2L;4194304;19;0;5;5
L2L;4194304;19;1;5;5
L2L;4194304;19;0;6;6
L2L;4194304;19;1;6;6
L2L;4194304;19;0;7;7
L2L;4194304;19;1;7;7
L2L;4194304;20;0;0;0
L2L;4194304;20;1;0;0
L2L;4194304;20;0;1;1
L2L;4194304;20;1;1;1
L2L;4194304;20;0;2;2
L2L;4194304;20;1;2;2
L2L;4194304;20;0;3;3
L2L;4194304;20;1;3;3
L2L;4194304;20;0;4;4
L2L;4194304;20;1;4;4
L2L;4194304;20;0;5;5
L2L;4194304;20;1;5;5
L2L;4194304;20;0;6;6
L2L;4194304;20;1;6;6
L2L;4194304;20;0;7;7
L2L;4194304;20;1;7;7
L2L;4194304;20;0;0;0
L2L;4194304;20;1;0;0
L2L;4194304;20;0;1;1
L2L;4194304;20;1;1;1
L2L;4194304;20;0;2;2
L2L;4194304;20;1;2;2
L2L;4194304;20;0;3;3
L2L;4194304;20;1;3;3
L2L;4194304;20;0;4;4
L2L;4194304;20;1;4;4
L2L;4194304;20;0;5;5
L2L;4194304;20;1;5;5
L2L;4194304;20;0;6;6
L2L;4194304;20;1;6;6
L2L;4194304;20;0;7;7
L2L;4194304;20;1;7;7
L2L;4194304;20;0;0;0
L2L;4194304;20;1;0;0
L2L;4194304;20;0;1;1
L2L;4194304;20;1;1;1
L2L;4194304;20;0;2;2
L2L;4194304;20;1;2;2
L2L;4194304;20;0;3;3
L2L;4194304;20;1;3;3
L2L;4194304;20;0;4;4
L2L;4194304;20;1;4;4
L2L;4194304;20;0;5;5
L2L;4194304;20;1;5;5
L2L;4194304;20;0;6;6
L2L;4194304;20;1;6;6
L2L;4194304;20;0;7;7
L2L;4194304;20;1;7;7
L2L;4194304;21;0;0;0
L2L;4194304;21;1;0;0
L2L;4194304;21;0;1;1
L2L;4194304;21;1;1;1
L2L;4194304;21;0;2;2
L2L;4194304;21;1;2;2
L2L;4194304;21;0;3;3
L2L;4194304;21;1;3;3
L2L;4194304;21;0;4;4
L2L;4194304;21;1;4;4
L2L;4194304;21;0;5;5
L2L;4194304;21;1;5;5
L2L;4194304;21;0;6;6
L2L;4194304;21;1;6;6
L2L;4194304;21;0;7;7
L2L;4194304;21;1;7;7
L2L;4194304;21;0;0;0
L2L;4194304;21;1;0;0
L2L;4194304;21;0;1;1
L2L;4194304;21;1;1;1
L2L;4194304;21;0;2;2
L2L;4194304;21;1;2;2
L2L;4194304;21;0;3;3
L2L;4194304;21;1;3;3
L2L;4194304;21;0;4;4
L2L;4194304;21;1;4;4
L2L;4194304;21;0;5;5
L2L;4194304;21;1;5;5
L2L;4194304;21;0;6;6
L2L;4194304;21;1;6;6
L2L;4194304;21;0;7;7
L2L;4194304;21;1;7;7
L2L;4194304;22;0;0;0
L2L;4194304;22;1;0;0
L2L;4194304;22;0;1;1
L2L;4194304;22;1;1;1
L2L;4194304;22;0;2;2
L2L;4194304;22;1;2;2
L2L;4194304;22;0;3;3
L2L;4194304;22;1;3;3
L2L;4194304;22;0;4;4
L2L;4194304;22;1;4;4
L2L;4194304;22;0;5;5
L2L;4194304;22;1;5;5
L2L;4194304;22;0;6;6
L2L;4194304;22;1;6;6
L2L;4194304;22;0;7;7
L2L;4194304;22;1;7;7
L2L;4194304;23;0;0;0
L2L;4194304;23;1;0;0
L2L;4194304;23;0;1;1
L2L;4194304;23;1;1;1
L2L;4194304;23;0;2;2
L2L;4194304;23;1;2;2
L2L;4194304;23;0;3;3
L2L;4194304;23;1;3;3
L2L;4194304;23;0;4;4
L2L;4194304;23;1;4;4
L2L;4194304;23;0;5;5
L2L;4194304;23;1;5;5
L2L;4194304;23;0;6;6
L2L;4194304;23;1;6;6
L2L;4194304;23;0;7;7
L2L;4194304;23;1;7;7
L2L;4194304;24;0;0;0
L2L;4194304;24;1;0;0
L2L;4194304;24;0;1;1
L2L;4194304;24;1;1;1
L2L;4194304;24;0;2;2
L2L;4194304;24;1;2;2
L2L;4194304;24;0;3;3
L2L;4194304;24;1;3;3
L2L;4194304;24;0;4;4
L2L;4194304;24;1;4;4
L2L;4194304;24;0;5;5
L2L;4194304;24;1;5;5
L2L;4194304;24;0;6;6
L2L;4194304;24;1;6;6
L2L;4194304;24;0;7;7
L2L;4194304;24;1;7;7
L2L;4194304;24;0;0;0
L2L;4194304;24;1;0;0
L2L;4194304;24;0;1;1
L2L;4194304;24;1;1;1
L2L;4194304;24;0;2;2
L2L;4194304;24;1;2;2
L2L;4194304;24;0;3;3
L2L;4194304;24;1;3;3
L2L;4194304;24;0;4;4
L2L;4194304;24;1;4;4
L2L;4194304;24;0;5;5
L2L;4194304;24;1;5;5
L2L;4194304;24;0;6;6
L2L;4194304;24;1;6;6
L2L;4194304;24;0;7;7
L2L;4194304;24;1;7;7
L2L;4194304;24;0;0;0
L2L;4194304;24;1;0;0
L2L;4194304;24;0;1;1
L2L;4194304;24;1;1;1
L2L;4194304;24;0;2;2
L2L;4194304;24;1;2;2
L2L;4194304;24;0;3;3
L2L;4194304;24;1;3;3
L2L;4194304;24;0;4;4
L2L;4194304;24;1;4;4
L2L;4194304;24;0;5;5
L2L;4194304;24;1;5;5
L2L;4194304;24;0;6;6
L2L;4194304;24;1;6;6
L2L;4194304;24;0;7;7
L2L;4194304;24;1;7;7
L2L;4194304;25;0;0;0
L2L;4194304;25;1;0;0
L2L;4194304;25;0;1;1
L2L;4194304;25;1;1;1
L2L;4194304;25;0;2;2
L2L;4194304;25;1;2;2
L2L;4194304;25;0;3;3
L2L;4194304;25;1;3;3
L2L;4194304;25;0;4;4
L2L;4194304;25;1;4;4
L2L;4194304;25;0;5;5
L2L;4194304;25;1;5;5
L2L;4194304;25;0;6;6
L2L;4194304;25;1;6;6
L2L;4194304;25;0;7;7
L2L;4194304;25;1;7;7
L2L;4194304;25;0;0;0
L2L;4194304;25;1;0;0
L2L;4194304;25;0;1;1
L2L;4194304;25;1;1;1
L2L;4194304;25;0;2;2
L2L;4194304;25;1;2;2
L2L;4194304;25;0;3;3
L2L;4194304;25;1;3;3
L2L;4194304;25;0;4;4
L2L;4194304;25;1;4;4
L2L;4194304;25;0;5;5
L2L;4194304;25;1;5;5
L2L;4194304;25;0;6;6
L2L;4194304;25;1;6;6
L2L;4194304;25;0;7;7
L2L;4194304;25;1;7;7
L2L;4194304;26;0;0;0
L2L;4194304;26;1;0;0
L2L;4194304;26;0;1;1
L2L;4194304;26;1;1;1
L2L;4194304;26;0;2;2
L2L;4194304;26;1;2;2
L2L;4194304;26;0;3;3
L2L;4194304;26;1;3;3
L2L;4194304;26;0;4;4
L2L;4194304;26;1;4;4
L2L;4194304;26;0;5;5
L2L;4194304;26;1;5;5
L2L;4194304;26;0;6;6
L2L;4194304;26;1;6;6
L2L;4194304;26;0;7;7
L2L;4194304;26;1;7;7
L2L;4194304;26;0;0;0
L2L;4194304;26;1;0;0
L2L;4194304;26;0;1;1
L2L;4194304;26;1;1;1
L2L;4194304;26;0;2;2
L2L;4194304;26;1;2;2
L2L;4194304;26;0;3;3
L2L;4194304;26;1;3;3
L2L;4194304;26;0;4;4
L2L;4194304;26;1;4;4
L2L;4194304;26;0;5;5
L2L;4194304;26;1;5;5
L2L;4194304;26;0;6;6
L2L;4194304;26;1;6;6
L2L;4194304;26;0;7;7
L2L;4194304;26;1;7;7
L2L;4194304;26;0;0;0
L2L;4194304;26;1;0;0
L2L;4194304;26;0;1;1
L2L;4194304;26;1;1;1
L2L;4194304;26;0;2;2
L2L;4194304;26;1;2;2
L2L;4194304;26;0;3;3
L2L;4194304;26;1;3;3
L2L;4194304;26;0;4;4
L2L;4194304;26;1;4;4
L2L;4194304;26;0;5;5
L2L;4194304;26;1;5;5
L2L;4194304;26;0;6;6
L2L;4194304;26;1;6;6
L2L;4194304;26;0;7;7
L2L;4194304;26;1;7;7
L2L;4194304;27;0;0;0
L2L;4194304;27;1;0;0
L2L;4194304;27;0;1;1
L2L;4194304;27;1;1;1
L2L;4194304;27;0;2;2
L2L;4194304;27;1;2;2
L2L;4194304;27;0;3;3
L2L;4194304;27;1;3;3
L2L;4194304;27;0;4;4
L2L;4194304;27;1;4;4
L2L;4194304;27;0;5;5
L2L;4194304;27;1;5;5
L2L;4194304;27;0;6;6
L2L;4194304;27;1;6;6
L2L;4194304;27;0;7;7
L2L;4194304;27;1;7;7
L2L;4194304;27;0;0;0
L2L;4194304;27;1;0;0
L2L;4194304;27;0;1;1
L2L;4194304;27;1;1;1
L2L;4194304;27;0;2;2
L2L;4194304;27;1;2;2
L2L;4194304;27;0;3;3
L2L;4194304;27;1;3;3
L2L;4194304;27;0;4;4
L2L;4194304;27;1;4;4
L2L;4194304;27;0;5;5
L2L;4194304;27;1;5;5
L2L;4194304;27;0;6;6
L2L;4194304;27;1;6;6
L2L;4194304;27;0;7;7
L2L;4194304;27;1;7;7
L2L;4194304;28;0;0;0
L2L;4194304;28;1;0;0
L2L;4194304;28;0;1;1
L2L;4194304;28;1;1;1
L2L;4194304;28;0;2;2
L2L;4194304;28;1;2;2
L2L;4194304;28;0;3;3
L2L;4194304;28;1;3;3
L2L;4194304;28;0;4;4
L2L;4194304;28;1;4;4
L2L;4194304;28;0;5;5
L2L;4194304;28;1;5;5
L2L;4194304;28;0;6;6
L2L;4194304;28;1;6;6
L2L;4194304;28;0;7;7
L2L;4194304;28;1;7;7
L2L;4194304;29;0;0;0
L2L;4194304;29;1;0;0
L2L;4194304;29;0;1;1
L2L;4194304;29;1;1;1
L2L;4194304;29;0;2;2
L2L;4194304;29;1;2;2
L2L;4194304;29;0;3;3
L2L;4194304;29;1;3;3
L2L;4194304;29;0;4;4
L2L;4194304;29;1;4;4
L2L;4194304;29;0;5;5
L2L;4194304;29;1;5;5
L2L;4194304;29;0;6;6
L2L;4194304;29;1;6;6
L2L;4194304;29;0;7;7
L2L;4194304;29;1;7;7
L2L;4194304;30;0;0;0
L2L;4194304;30;1;0;0
L2L;4194304;30;0;1;1
L2L;4194304;30;1;1;1
L2L;4194304;30;0;2;2
L2L;4194304;30;1;2;2
L2L;4194304;30;0;3;3
L2L;4194304;30;1;3;3
L2L;4194304;30;0;4;4
L2L;4194304;30;1;4;4
L2L;4194304;30;0;5;5
L2L;4194304;30;1;5;5
L2L;4194304;30;0;6;6
L2L;4194304;30;1;6;6
L2L;4194304;30;0;7;7
L2L;4194304;30;1;7;7
L2L;4194304;30;0;0;0
L2L;4194304;30;1;0;0
L2L;4194304;30;0;1;1
L2L;4194304;30;1;1;1
L2L;4194304;30;0;2;2
L2L;4194304;30;1;2;2
L2L;4194304;30;0;3;3
L2L;4194304;30;1;3;3
L2L;4194304;30;0;4;4
L2L;4194304;30;1;4;4
L2L;4194304;30;0;5;5
L2L;4194304;30;1;5;5
L2L;4194304;30;0;6;6
L2L;4194304;30;1;6;6
L2L;4194304;30;0;7;7
L2L;4194304;30;1;7;7
L2L;4194304;30;0;0;0
L2L;4194304;30;1;0;0
L2L;4194304;30;0;1;1
L2L;4194304;30;1;1;1
L2L;4194304;30;0;2;2
L2L;4194304;30;1;2;2
L2L;4194304;30;0;3;3
L2L;4194304;30;1;3;3
L2L;4194304;30;0;4;4
L2L;4194304;30;1;4;4
L2L;4194304;30;0;5;5
L2L;4194304;30;1;5;5
L2L;4194304;30;0;6;6
L2L;4194304;30;1;6;6
L2L;4194304;30;0;7;7
L2L;4194304;30;1;7;7
L2L;4194304;31;0;0;0
L2L;4194304;31;1;0;0
L2L;4194304;31;0;1;1
L2L;4194304;31;1;1;1
L2L;4194304;31;0;2;2
L2L;4194304;31;1;2;2
L2L;4194304;31;0;3;3
L2L;4194304;31;1;3;3
L2L;4194304;31;0;4;4
L2L;4194304;31;1;4;4
L2L;4194304;31;0;5;5
L2L;4194304;31;1;5;5
L2L;4194304;31;0;6;6
L2L;4194304;31;1;6;6
L2L;4194304;31;0;7;7
L2L;4194304;31;1;7;7
L2L;4194304;31;0;0;0
L2L;4194304;31;1;0;0
L2L;4194304;31;0;1;1
L2L;4194304;31;1;1;1
L2L;4194304;31;0;2;2
L2L;4194304;31;1;2;2
L2L;4194304;31;0;3;3
L2L;4194304;31;1;3;3
L2L;4194304;31;0;4;4
L2L;4194304;31;1;4;4
L2L;4194304;31;0;5;5
L2L;4194304;31;1;5;5
L2L;4194304;31;0;6;6
L2L;4194304;31;1;6;6
L2L;4194304;31;0;7;7
L2L;4194304;31;1;7;7
L2L;4194304;32;0;0;0
L2L;4194304;32;1;0;0
L2L;4194304;32;0;1;1
L2L;4194304;32;1;1;1
L2L;4194304;32;0;2;2
L2L;4194304;32;1;2;2
L2L;4194304;32;0;3;3
L2L;4194304;32;1;3;3
L2L;4194304;32;0;4;4
L2L;4194304;32;1;4;4
L2L;4194304;32;0;5;5
L2L;4194304;32;1;5;5
L2L;4194304;32;0;6;6
L2L;4194304;32;1;6;6
L2L;4194304;32;0;7;7
L2L;4194304;32;1;7;7
L2L;4194304;33;0;0;0
L2L;4194304;33;1;0;0
L2L;4194304;33;0;1;1
L2L;4194304;33;1;1;1
L2L;4194304;33;0;2;2
L2L;4194304;33;1;2;2
L2L;4194304;33;0;3;3
L2L;4194304;33;1;3;3
L2L;4194304;33;0;4;4
L2L;4194304;33;1;4;4
L2L;4194304;33;0;5;5
L2L;4194304;33;1;5;5
L2L;4194304;33;0;6;6
L2L;4194304;33;1;6;6
L2L;4194304;33;0;7;7
L2L;4194304;33;1;7;7
L2L;4194304;34;0;0;0
L2L;4194304;34;1;0;0
L2L;4194304;34;0;1;1
L2L;4194304;34;1;1;1
L2L;4194304;34;0;2;2
L2L;4194304;34;1;2;2
L2L;4194304;34;0;3;3
L2L;4194304;34;1;3;3
L2L;4194304;34;0;4;4
L2L;4194304;34;1;4;4
L2L;4194304;34;0;5;5
L2L;4194304;34;1;5;5
L2L;4194304;34;0;6;6
L2L;4194304;34;1;6;6
L2L;4194304;34;0;7;7
L2L;4194304;34;1;7;7
L2L;4194304;34;0;0;0
L2L;4194304;34;1;0;0
L2L;4194304;34;0;1;1
L2L;4194304;34;1;1;1
L2L;4194304;34;0;2;2
L2L;4194304;34;1;2;2
L2L;4194304;34;0;3;3
L2L;4194304;34;1;3;3
L2L;4194304;34;0;4;4
L2L;4194304;34;1;4;4
L2L;4194304;34;0;5;5
L2L;4194304;34;1;5;5
L2L;4194304;34;0;6;6
L2L;4194304;34;1;6;6
L2L;4194304;34;0;7;7
L2L;4194304;34;1;7;7
L2L;4194304;34;0;0;0
L2L;4194304;34;1;0;0
L2L;4194304;34;0;1;1
L2L;4194304;34;1;1;1
L2L;4194304;34;0;2;2
L2L;4194304;34;1;2;2
L2L;4194304;34;0;3;3
L2L;4194304;34;1;3;3
L2L;4194304;34;0;4;4
L2L;4194304;34;1;4;4
L2L;4194304;34;0;5;5
L2L;4194304;34;1;5;5
L2L;4194304;34;0;6;6
L2L;4194304;34;1;6;6
L2L;4194304;34;0;7;7
L2L;4194304;34;1;7;7
L2L;4194304;35;0;0;0
L2L;4194304;35;1;0;0
L2L;4194304;35;0;1;1
L2L;4194304;35;1;1;1
L2L;4194304;35;0;2;2
L2L;4194304;35;1;2;2
L2L;4194304;35;0;3;3
L2L;4194304;35;1;3;3
L2L;4194304;35;0;4;4
L2L;4194304;35;1;4;4
L2L;4194304;35;0;5;5
L2L;4194304;35;1;5;5
L2L;4194304;35;0;6;6
L2L;4194304;35;1;6;6
L2L;4194304;35;0;7;7
L2L;4194304;35;1;7;7
L2L;4194304;35;0;0;0
L2L;4194304;35;1;0;0
L2L;4194304;35;0;1;1
L2L;4194304;35;1;1;1
L2L;4194304;35;0;2;2
L2L;4194304;35;1;2;2
L2L;4194304;35;0;3;3
L2L;4194304;35;1;3;3
L2L;4194304;35;0;4;4
L2L;4194304;35;1;4;4
L2L;4194304;35;0;5;5
L2L;4194304;35;1;5;5
L2L;4194304;35;0;6;6
L2L;4194304;35;1;6;6
L2L;4194304;35;0;7;7
L2L;4194304;35;1;7;7
L2L;4194304;36;0;0;0
L2L;4194304;36;1;0;0
L2L;4194304;36;0;1;1
L2L;4194304;36;1;1;1
L2L;4194304;36;0;2;2
L2L;4194304;36;1;2;2
L2L;4194304;36;0;3;3
L2L;4194304;36;1;3;3
L2L;4194304;36;0;4;4
L2L;4194304;36;1;4;4
L2L;4194304;36;0;5;5
L2L;4194304;36;1;5;5
L2L;4194304;36;0;6;6
L2L;4194304;36;1;6;6
L2L;4194304;36;0;7;7
L2L;4194304;36;1;7;7
L2L;4194304;36;0;0;0
L2L;4194304;36;1;0;0
L2L;4194304;36;0;1;1
L2L;4194304;36;1;1;1
L2L;4194304;36;0;2;2
L2L;4194304;36;1;2;2
L2L;4194304;36;0;3;3
L2L;4194304;36;1;3;3
L2L;4194304;36;0;4;4
L2L;4194304;36;1;4;4
L2L;4194304;36;0;5;5
L2L;4194304;36;1;5;5
L2L;4194304;36;0;6;6
L2L;4194304;36;1;6;6
L2L;4194304;36;0;7;7
L2L;4194304;36;1;7;7
L2L;4194304;36;0;0;0
L2L;4194304;36;1;0;0
L2L;4194304;36;0;1;1
L2L;4194304;36;1;1;1
L2L;4194304;36;0;2;2
L2L;4194304;36;1;2;2
L2L;4194304;36;0;3;3
L2L;4194304;36;1;3;3
L2L;4194304;36;0;4;4
L2L;4194304;36;1;4;4
L2L;4194304;36;0;5;5
L2L;4194304;36;1;5;5
L2L;4194304;36;0;6;6
L2L;4194304;36;1;6;6
L2L;4194304;36;0;7;7
L2L;4194304;36;1;7;7
L2L;4194304;37;0;0;0
L2L;4194304;37;1;0;0
L2L;4194304;37;0;1;1
L2L;4194304;37;1;1;1
L2L;4194304;37;0;2;2
L2L;4194304;37;1;2;2
L2L;4194304;37;0;3;3
L2L;4194304;37;1;3;3
L2L;4194304;37;0;4;4
L2L;4194304;37;1;4;4
L2L;4194304;37;0;5;5
L2L;4194304;37;1;5;5
L2L;4194304;37;0;6;6
L2L;4194304;37;1;6;6
L2L;4194304;37;0;7;7
L2L;4194304;37;1;7;7
L2L;4194304;37;0;0;0
L2L;4194304;37;1;0;0
L2L;4194304;37;0;1;1
L2L;4194304;37;1;1;1
L2L;4194304;37;0;2;2
L2L;4194304;37;1;2;2
L2L;4194304;37;0;3;3
L2L;4194304;37;1;3;3
L2L;4194304;37;0;4;4
L2L;4194304;37;1;4;4
L2L;4194304;37;0;5;5
L2L;4194304;37;1;5;5
L2L;4194304;37;0;6;6
L2L;4194304;37;1;6;6
L2L;4194304;37;0;7;7
L2L;4194304;37;1;7;7
L2L;4194304;38;0;0;0
L2L;4194304;38;1;0;0
L2L;4194304;38;0;1;1
L2L;4194304;38;1;1;1
L2L;4194304;38;0;2;2
L2L;4194304;38;1;2;2
L2L;4194304;38;0;3;3
L2L;4194304;38;1;3;3
L2L;4194304;38;0;4;4
L2L;4194304;38;1;4;4
L2L;4194304;38;0;5;5
L2L;4194304;38;1;5;5
L2L;4194304;38;0;6;6
L2L;4194304;38;1;6;6
L2L;4194304;38;0;7;7
L2L;4194304;38;1;7;7
L2L;4194304;39;0;0;0
L2L;4194304;39;1;0;0
L2L;4194304;39;0;1;1
L2L;4194304;39;1;1;1
L2L;4194304;39;0;2;2
L2L;4194304;39;1;2;2
L2L;4194304;39;0;3;3
L2L;4194304;39;1;3;3
L2L;4194304;39;0;4;4
L2L;4194304;39;1;4;4
L2L;4194304;39;0;5;5
L2L;4194304;39;1;5;5
L2L;4194304;39;0;6;6
L2L;4194304;39;1;6;6
L2L;4194304;39;0;7;7
L2L;4194304;39;1;7;7
L2L;4194304;40;0;0;0
L2L;4194304;40;1;0;0
L2L;4194304;40;0;1;1
L2L;4194304;40;1;1;1
L2L;4194304;40;0;2;2
L2L;4194304;40;1;2;2
L2L;4194304;40;0;3;3
L2L;4194304;40;1;3;3
L2L;4194304;40;0;4;4
L2L;4194304;40;1;4;4
L2L;4194304;40;0;5;5
L2L;4194304;40;1;5;5
L2L;4194304;40;0;6;6
L2L;4194304;40;1;6;6
L2L;4194304;40;0;7;7
L2L;4194304;40;1;7;7
L2L;4194304;40;0;0;0
L2L;4194304;40;1;0;0
L2L;4194304;40;0;1;1
L2L;4194304;40;1;1;1
L2L;4194304;40;0;2;2
L2L;4194304;40;1;2;2
L2L;4194304;40;0;3;3
L2L;4194304;40;1;3;3
L2L;4194304;40;0;4;4
L2L;4194304;40;1;4;4
L2L;4194304;40;0;5;5
L2L;4194304;40;1;5;5
L2L;4194304;40;0;6;6
L2L;4194304;40;1;6;6
L2L;4194304;40;0;7;7
L2L;4194304;40;1;7;7
L2L;4194304;40;0;0;0
L2L;4194304;40;1;0;0
L2L;4194304;40;0;1;1
L2L;4194304;40;1;1;1
L2L;4194304;40;0;2;2
L2L;4194304;40;1;2;2
L2L;4194304;40;0;3;3
L2L;4194304;40;1;3;3
L2L;4194304;40;0;4;4
L2L;4194304;40;1;4;4
L2L;4194304;40;0;5;5
L2L;4194304;40;1;5;5
L2L;4194304;40;0;6;6
L2L;4194304;40;1;6;6
L2L;4194304;40;0;7;7
L2L;4194304;40;1;7;7
L2L;4194304;41;0;0;0
L2L;4194304;41;1;0;0
L2L;4194304;41;0;1;1
L2L;4194304;41;1;1;1
L2L;4194304;41;0;2;2
L2L;4194304;41;1;2;2
L2L;4194304;41;0;3;3
L2L;4194304;41;1;3;3
L2L;4194304;41;0;4;4
L2L;4194304;41;1;4;4
L2L;4194304;41;0;5;5
L2L;4194304;41;1;5;5
L2L;4194304;41;0;6;6
L2L;4194304;41;1;6;6
L2L;4194304;41;0;7;7
L2L;4194304;41;1;7;7
L2L;4194304;41;0;0;0
L2L;4194304;41;1;0;0
L2L;4194304;41;0;1;1
L2L;4194304;41;1;1;1
L2L;4194304;41;0;2;2
L2L;4194304;41;1;2;2
L2L;4194304;41;0;3;3
L2L;4194304;41;1;3;3
L2L;4194304;41;0;4;4
L2L;4194304;41;1;4;4
L2L;4194304;41;0;5;5
L2L;4194304;41;1;5;5
L2L;4194304;41;0;6;6
L2L;4194304;41;1;6;6
L2L;4194304;41;0;7;7
L2L;4194304;41;1;7;7
L2L;4194304;42;0;0;0
L2L;4194304;42;1;0;0
L2L;4194304;42;0;1;1
L2L;4194304;42;1;1;1
L2L;4194304;42;0;2;2
L2L;4194304;42;1;2;2
L2L;4194304;42;0;3;3
L2L;4194304;42;1;3;3
L2L;4194304;42;0;4;4
L2L;4194304;42;1;4;4
L2L;4194304;42;0;5;5
L2L;4194304;42;1;5;5
L2L;4194304;42;0;6;6
L2L;4194304;42;1;6;6
L2L;4194304;42;0;7;7
L2L;4194304;42;1;7;7
L2L;4194304;43;0;0;0
L2L;4194304;43;1;0;0
L2L;4194304;43;0;1;1
L2L;4194304;43;1;1;1
L2L;4194304;43;0;2;2
L2L;4194304;43;1;2;2
L2L;4194304;43;0;3;3
L2L;4194304;43;1;3;3
L2L;4194304;43;0;4;4
L2L;4194304;43;1;4;4
L2L;4194304;43;0;5;5
L2L;4194304;43;1;5;5
L2L;4194304;43;0;6;6
L2L;4194304;43;1;6;6
L2L;4194304;43;0;7;7
L2L;4194304;43;1;7;7
L2L;4194304;44;0;0;0
L2L;4194304;44;1;0;0
L2L;4194304;44;0;1;1
L2L;4194304;44;1;1;1
L2L;4194304;44;0;2;2
L2L;4194304;44;1;2;2
L2L;4194304;44;0;3;3
L2L;4194304;44;1;3;3
L2L;4194304;44;0;4;4
L2L;4194304;44;1;4;4
L2L;4194304;44;0;5;5
L2L;4194304;44;1;5;5
L2L;4194304;44;0;6;6
L2L;4194304;44;1;6;6
L2L;4194304;44;0;7;7
L2L;4194304;44;1;7;7
L2L;4194304;44;0;0;0
L2L;4194304;44;1;0;0
L2L;4194304;44;0;1;1
L2L;4194304;44;1;1;1
L2L;4194304;44;0;2;2
L2L;4194304;44;1;2;2
L2L;4194304;44;0;3;3
L2L;4194304;44;1;3;3
L2L;4194304;44;0;4;4
L2L;4194304;44;1;4;4
L2L;4194304;44;0;5;5
L2L;4194304;44;1;5;5
L2L;4194304;44;0;6;6
L2L;4194304;44;1;6;6
L2L;4194304;44;0;7;7
L2L;4194304;44;1;7;7
L2L;4194304;44;0;0;0
L2L;4194304;44;1;0;0
L2L;4194304;44;0;1;1
L2L;4194304;44;1;1;1
L2L;4194304;44;0;2;2
L2L;4194304;44;1;2;2
L2L;4194304;44;0;3;3
L2L;4194304;44;1;3;3
L2L;4194304;44;0;4;4
L2L;4194304;44;1;4;4
L2L;4194304;44;0;5;5
L2L;4194304;44;1;5;5
L2L;4194304;44;0;6;6
L2L;4194304;44;1;6;6
L2L;4194304;44;0;7;7
L2L;4194304;44;1;7;7
L2L;4194304;45;0;0;0
L2L;4194304;45;1;0;0
L2L;4194304;45;0;1;1
L2L;4194304;45;1;1;1
L2L;4194304;45;0;2;2
L2L;4194304;45;1;2;2
L2L;4194304;45;0;3;3
L2L;4194304;45;1;3;3
L2L;4194304;45;0;4;4
L2L;4194304;45;1;4;4
L2L;4194304;45;0;5;5
L2L;4194304;45;1;5;5
L2L;4194304;45;0;6;6
L2L;4194304;45;1;6;6
L2L;4194304;45;0;7;7
L2L;4194304;45;1;7;7
L2L;4194304;45;0;0;0
L2L;4194304;45;1;0;0
L2L;4194304;45;0;1;1
L2L;4194304;45;1;1;1
L2L;4194304;45;0;2;2
L2L;4194304;45;1;2;2
L2L;4194304;45;0;3;3
L2L;4194304;45;1;3;3
L2L;4194304;45;0;4;4
L2L;4194304;45;1;4;4
L2L;4194304;45;0;5;5
L2L;4194304;45;1;5;5
L2L;4194304;45;0;6;6
L2L;4194304;45;1;6;6
L2L;4194304;45;0;7;7
L2L;4194304;45;1;7;7
L2L;4194304;46;0;0;0
L2L;4194304;46;1;0;0
L2L;4194304;46;0;1;1
L2L;4194304;46;1;1;1
L2L;4194304;46;0;2;2
L2L;4194304;46;1;2;2
L2L;4194304;46;0;3;3
L2L;4194304;46;1;3;3
L2L;4194304;46;0;4;4
L2L;4194304;46;1;4;4
L2L;4194304;46;0;5;5
L2L;4194304;46;1;5;5
L2L;4194304;46;0;6;6
L2L;4194304;46;1;6;6
L2L;4194304;46;0;7;7
L2L;4194304;46;1;7;7
L2L;4194304;46;0;0;0
L2L;4194304;46;1;0;0
L2L;4194304;46;0;1;1
L2L;4194304;46;1;1;1
L2L;4194304;46;0;2;2
L2L;4194304;46;1;2;2
L2L;4194304;46;0;3;3
L2L;4194304;46;1;3;3
L2L;4194304;46;0;4;4
L2L;4194304;46;1;4;4
L2L;4194304;46;0;5;5
L2L;4194304;46;1;5;5
L2L;4194304;46;0;6;6
L2L;4194304;46;1;6;6
L2L;4194304;46;0;7;7
L2L;4194304;46;1;7;7
L2L;4194304;46;0;0;0
L2L;4194304;46;1;0;0
L2L;4194304;46;0;1;1
L2L;4194304;46;1;1;1
L2L;4194304;46;0;2;2
L2L;4194304;46;1;2;2
L2L;4194304;46;0;3;3
L2L;4194304;46;1;3;3
L2L;4194304;46;0;4;4
L2L;4194304;46;1;4;4
L2L;4194304;46;0;5;5
L2L;4194304;46;1;5;5
L2L;4194304;46;0;6;6
L2L;4194304;46;1;6;6
L2L;4194304;46;0;7;7
L2L;4194304;46;1;7;7
L2L;4194304;47;0;0;0
L2L;4194304;47;1;0;0
L2L;4194304;47;0;1;1
L2L;4194304;47;1;1;1
L2L;4194304;47;0;2;2
L2L;4194304;47;1;2;2
L2L;4194304;47;0;3;3
L2L;4194304;47;1;3;3
L2L;4194304;47;0;4;4
L2L;4194304;47;1;4;4
L2L;4194304;47;0;5;5
L2L;4194304;47;1;5;5
L2L;4194304;47;0;6;6
L2L;4194304;47;1;6;6
L2L;4194304;47;0;7;7
L2L;4194304;47;1;7;7
L2L;4194304;47;0;0;0
L2L;4194304;47;1;0;0
L2L;4194304;47;0;1;1
L2L;4194304;47;1;1;1
L2L;4194304;47;0;2;2
L2L;4194304;47;1;2;2
L2L;4194304;47;0;3;3
L2L;4194304;47;1;3;3
L2L;4194304;47;0;4;4
L2L;4194304;47;1;4;4
L2L;4194304;47;0;5;5
L2L;4194304;47;1;5;5
L2L;4194304;47;0;6;6
L2L;4194304;47;1;6;6
L2L;4194304;47;0;7;7
L2L;4194304;47;1;7;7
L2L;4194304;48;0;0;0
L2L;4194304;48;1;0;0
L2L;4194304;48;0;1;1
L2L;4194304;48;1;1;1
L2L;4194304;48;0;2;2
L2L;4194304;48;1;2;2
L2L;4194304;48;0;3;3
L2L;4194304;48;1;3;3
L2L;4194304;48;0;4;4
L2L;4194304;48;1;4;4
L2L;4194304;48;0;5;5
L2L;4194304;48;1;5;5
L2L;4194304;48;0;6;6
L2L;4194304;48;1;6;6
L2L;4194304;48;0;7;7
L2L;4194304;48;1;7;7
L2L;4194304;49;0;0;0
L2L;4194304;49;1;0;0
L2L;4194304;49;0;1;1
L2L;4194304;49;1;1;1
L2L;4194304;49;0;2;2
L2L;4194304;49;1;2;2
L2L;4194304;49;0;3;3
L2L;4194304;49;1;3;3
L2L;4194304;49;0;4;4
L2L;4194304;49;1;4;4
L2L;4194304;49;0;5;5
L2L;4194304;49;1;5;5
L2L;4194304;49;0;6;6
L2L;4194304;49;1;6;6
L2L;4194304;49;0;7;7
L2L;4194304;49;1;7;7
L2L;4194304;50;0;0;0
L2L;4194304;50;1;0;0
L2L;4194304;50;0;1;1
L2L;4194304;50;1;1;1
L2L;4194304;50;0;2;2
L2L;4194304;50;1;2;2
L2L;4194304;50;0;3;3
L2L;4194304;50;1;3;3
L2L;4194304;50;0;4;4
L2L;4194304;50;1;4;4
L2L;4194304;50;0;5;5
L2L;4194304;50;1;5;5
L2L;4194304;50;0;6;6
L2L;4194304;50;1;6;6
L2L;4194304;50;0;7;7
L2L;4194304;50;1;7;7
L2L;4194304;50;0;0;0
L2L;4194304;50;1;0;0
L2L;4194304;50;0;1;1
L2L;4194304;50;1;1;1
L2L;4194304;50;0;2;2
L2L;4194304;50;1;2;2
L2L;4194304;50;0;3;3
L2L;4194304;50;1;3;3
L2L;4194304;50;0;4;4
L2L;4194304;50;1;4;4
L2L;4194304;50;0;5;5
L2L;4194304;50;1;5;5
L2L;4194304;50;0;6;6
L2L;4194304;50;1;6;6
L2L;4194304;50;0;7;7
L2L;4194304;50;1;7;7
L2L;4194304;50;0;0;0
L2L;4194304;50;1;0;0
L2L;4194304;50;0;1;1
L2L;4194304;50;1;1;1
L2L;4194304;50;0;2;2
L2L;4194304;50;1;2;2
L2L;4194304;50;0;3;3
L2L;4194304;50;1;3;3
L2L;4194304;50;0;4;4
L2L;4194304;50;1;4;4
L2L;4194304;50;0;5;5
L2L;4194304;50;1;5;5
L2L;4194304;50;0;6;6
L2L;4194304;50;1;6;6
L2L;4194304;50;0;7;7
L2L;4194304;50;1;7;7
L2L;4194304;51;0;0;0
L2L;4194304;51;1;0;0
L2L;4194304;51;0;1;1
L2L;4194304;51;1;1;1
L2L;4194304;51;0;2;2
L2L;4194304;51;1;2;2
L2L;4194304;51;0;3;3
L2L;4194304;51;1;3;3
L2L;4194304;51;0;4;4
L2L;4194304;51;1;4;4
L2L;4194304;51;0;5;5
L2L;4194304;51;1;5;5
L2L;4194304;51;0;6;6
L2L;4194304;51;1;6;6
L2L;4194304;51;0;7;7
L2L;4194304;51;1;7;7
L2L;4194304;51;0;0;0
L2L;4194304;51;1;0;0
L2L;4194304;51;0;1;1
L2L;4194304;51;1;1;1
L2L;4194304;51;0;2;2
L2L;4194304;51;1;2;2
L2L;4194304;51;0;3;3
L2L;4194304;51;1;3;3
L2L;4194304;51;0;4;4
L2L;4194304;51;1;4;4
L2L;4194304;51;0;5;5
L2L;4194304;51;1;5;5
L2L;4194304;51;0;6;6
L2L;4194304;51;1;6;6
L2L;4194304;51;0;7;7
L2L;4194304;51;1;7;7
L2L;4194304;52;0;0;0
L2L;4194304;52;1;0;0
L2L;4194304;52;0;1;1
L2L;4194304;52;1;1;1
L2L;4194304;52;0;2;2
L2L;4194304;52;1;2;2
L2L;4194304;52;0;3;3
L2L;4194304;52;1;3;3
L2L;4194304;52;0;4;4
L2L;4194304;52;1;4;4
L2L;4194304;52;0;5;5
L2L;4194304;52;1;5;5
L2L;4194304;52;0;6;6
L2L;4194304;52;1;6;6
L2L;4194304;52;0;7;7
L2L;4194304;52;1;7;7
L2L;4194304;53;0;0;0
L2L;4194304;53;1;0;0
L2L;4194304;53;0;1;1
L2L;4194304;53;1;1;1
L2L;4194304;53;0;2;2
L2L;4194304;53;1;2;2
L2L;4194304;53;0;3;3
L2L;4194304;53;1;3;3
L2L;4194304;53;0;4;4
L2L;4194304;53;1;4;4
L2L;4194304;53;0;5;5
L2L;4194304;53;1;5;5
L2L;4194304;53;0;6;6
L2L;4194304;53;1;6;6
L2L;4194304;53;0;7;7
L2L;4194304;53;1;7;7
L2L;4194304;54;0;0;0
L2L;4194304;54;1;0;0
L2L;4194304;54;0;1;1
L2L;4194304;54;1;1;1
L2L;4194304;54;0;2;2
L2L;4194304;54;1;2;2
L2L;4194304;54;0;3;3
L2L;4194304;54;1;3;3
L2L;4194304;54;0;4;4
L2L;4194304;54;1;4;4
L2L;4194304;54;0;5;5
L2L;4194304;54;1;5;5
L2L;4194304;54;0;6;6
L2L;4194304;54;1;6;6
L2L;4194304;54;0;7;7
L2L;4194304;54;1;7;7
L2L;4194304;54;0;0;0
L2L;4194304;54;1;0;0
L2L;4194304;54;0;1;1
L2L;4194304;54;1;1;1
L2L;4194304;54;0;2;2
L2L;4194304;54;1;2;2
L2L;4194304;54;0;3;3
L2L;4194304;54;1;3;3
L2L;4194304;54;0;4;4
L2L;4194304;54;1;4;4
L2L;4194304;54;0;5;5
L2L;4194304;54;1;5;5
L2L;4194304;54;0;6;6
L2L;4194304;54;1;6;6
L2L;4194304;54;0;7;7
L2L;4194304;54;1;7;7
L2L;4194304;54;0;0;0
L2L;4194304;54;1;0;0
L2L;4194304;54;0;1;1
L2L;4194304;54;1;1;1
L2L;4194304;54;0;2;2
L2L;4194304;54;1;2;2
L2L;4194304;54;0;3;3
L2L;4194304;54;1;3;3
L2L;4194304;54;0;4;4
L2L;4194304;54;1;4;4
L2L;4194304;54;0;5;5
L2L;4194304;54;1;5;5
L2L;4194304;54;0;6;6
L2L;4194304;54;1;6;6
L2L;4194304;54;0;7;7
L2L;4194304;54;1;7;7
L2L;4194304;55;0;0;0
L2L;4194304;55;1;0;0
L2L;4194304;55;0;1;1
L2L;4194304;55;1;1;1
L2L;4194304;55;0;2;2
L2L;4194304;55;1;2;2
L2L;4194304;55;0;3;3
L2L;4194304;55;1;3;3
L2L;4194304;55;0;4;4
L2L;4194304;55;1;4;4
L2L;4194304;55;0;5;5
L2L;4194304;55;1;5;5
L2L;4194304;55;0;6;6
L2L;4194304;55;1;6;6
L2L;4194304;55;0;7;7
L2L;4194304;55;1;7;7
L2L;4194304;55;0;0;0
L2L;4194304;55;1;0;0
L2L;4194304;55;0;1;1
L2L;4194304;55;1;1;1
L2L;4194304;55;0;2;2
L2L;4194304;55;1;2;2
L2L;4194304;55;0;3;3
L2L;4194304;55;1;3;3
L2L;4194304;55;0;4;4
L2L;4194304;55;1;4;4
L2L;4194304;55;0;5;5
L2L;4194304;55;1;5;5
L2L;4194304;55;0;6;6
L2L;4194304;55;1;6;6
L2L;4194304;55;0;7;7
L2L;4194304;55;1;7;7
L2L;4194304;56;0;0;0
L2L;4194304;56;1;0;0
L2L;4194304;56;0;1;1
L2L;4194304;56;1;1;1
L2L;4194304;56;0;2;2
L2L;4194304;56;1;2;2
L2L;4194304;56;0;3;3
L2L;4194304;56;1;3;3
L2L;4194304;56;0;4;4
L2L;4194304;56;1;4;4
L2L;4194304;56;0;5;5
L2L;4194304;56;1;5;5
L2L;4194304;56;0;6;6
L2L;4194304;56;1;6;6
L2L;4194304;56;0;7;7
L2L;4194304;56;1;7;7
L2L;4194304;56;0;0;0
L2L;4194304;56;1;0;0
L2L;4194304;56;0;1;1
L2L;4194304;56;1;1;1
L2L;4194304;56;0;2;2
L2L;4194304;56;1;2;2
L2L;4194304;56;0;3;3
L2L;4194304;56;1;3;3
L2L;4194304;56;0;4;4
L2L;4194304;56;1;4;4
L2L;4194304;56;0;5;5
L2L;4194304;56;1;5;5
L2L;4194304;56;0;6;6
L2L;4194304;56;1;6;6
L2L;4194304;56;0;7;7
L2L;4194304;56;1;7;7
L2L;4194304;56;0;0;0
L2L;4194304;56;1;0;0
L2L;4194304;56;0;1;1
L2L;4194304;56;1;1;1
L2L;4194304;56;0;2;2
L2L;4194304;56;1;2;2
L2L;4194304;56;0;3;3
L2L;4194304;56;1;3;3
L2L;4194304;56;0;4;4
L2L;4194304;56;1;4;4
L2L;4194304;56;0;5;5
L2L;4194304;56;1;5;5
L2L;4194304;56;0;6;6
L2L;4194304;56;1;6;6
L2L;4194304;56;0;7;7
L2L;4194304;56;1;7;7
L2L;4194304;57;0;0;0
L2L;4194304;57;1;0;0
L2L;4194304;57;0;1;1
L2L;4194304;57;1;1;1
L2L;4194304;57;0;2;2
L2L;4194304;57;1;2;2
L2L;4194304;57;0;3;3
L2L;4194304;57;1;3;3
L2L;4194304;57;0;4;4
L2L;4194304;57;1;4;4
L2L;4194304;57;0;5;5
L2L;4194304;57;1;5;5
L2L;4194304;57;0;6;6
L2L;4194304;57;1;6;6
L2L;4194304;57;0;7;7
L2L;4194304;57;1;7;7
L2L;4194304;57;0;0;0
L2L;4194304;57;1;0;0
L2L;4194304;57;0;1;1
L2L;4194304;57;1;1;1
L2L;4194304;57;0;2;2
L2L;4194304;57;1;2;2
L2L;4194304;57;0;3;3
L2L;4194304;57;1;3;3
L2L;4194304;57;0;4;4
L2L;4194304;57;1;4;4
L2L;4194304;57;0;5;5
L2L;4194304;57;1;5;5
L2L;4194304;57;0;6;6
L2L;4194304;57;1;6;6
L2L;4194304;57;0;7;7
L2L;4194304;57;1;7;7
L2L;4194304;58;0;0;0
L2L;4194304;58;1;0;0
L2L;4194304;58;0;1;1
L2L;4194304;58;1;1;1
L2L;4194304;58;0;2;2
L2L;4194304;58;1;2;2
L2L;4194304;58;0;3;3
L2L;4194304;58;1;3;3
L2L;4194304;58;0;4;4
L2L;4194304;58;1;4;4
L2L;4194304;58;0;5;5
L2L;4194304;58;1;5;5
L2L;4194304;58;0;6;6
L2L;4194304;58;1;6;6
L2L;4194304;58;0;7;7
L2L;4194304;58;1;7;7
L2L;4194304;59;0;0;0
L2L;4194304;59;1;0;0
L2L;4194304;59;0;1;1
L2L;4194304;59;1;1;1
L2L;4194304;59;0;2;2
L2L;4194304;59;1;2;2
L2L;4194304;59;0;3;3
L2L;4194304;59;1;3;3
L2L;4194304;59;0;4;4
L2L;4194304;59;1;4;4
L2L;4194304;59;0;5;5
L2L;4194304;59;1;5;5
L2L;4194304;59;0;6;6
L2L;4194304;59;1;6;6
L2L;4194304;59;0;7;7
L2L;4194304;59;1;7;7
L2L;4194304;60;0;0;0
L2L;4194304;60;1;0;0
L2L;4194304;60;0;1;1
L2L;4194304;60;1;1;1
L2L;4194304;60;0;2;2
L2L;4194304;60;1;2;2
L2L;4194304;60;0;3;3
L2L;4194304;60;1;3;3
L2L;4194304;60;0;4;4
L2L;4194304;60;1;4;4
L2L;4194304;60;0;5;5
L2L;4194304;60;1;5;5
L2L;4194304;60;0;6;6
L2L;4194304;60;1;6;6
L2L;4194304;60;0;7;7
L2L;4194304;60;1;7;7
L2L;4194304;60;0;0;0
L2L;4194304;60;1;0;0
L2L;4194304;60;0;1;1
L2L;4194304;60;1;1;1
L2L;4194304;60;0;2;2
L2L;4194304;60;1;2;2
L2L;4194304;60;0;3;3
L2L;4194304;60;1;3;3
L2L;4194304;60;0;4;4
L2L;4194304;60;1;4;4
L2L;4194304;60;0;5;5
L2L;4194304;60;1;5;5
L2L;4194304;60;0;6;6
L2L;4194304;60;1;6;6
L2L;4194304;60;0;7;7
L2L;4194304;60;1;7;7
L2L;4194304;60;0;0;0
L2L;4194304;60;1;0;0
L2L;4194304;60;0;1;1
L2L;4194304;60;1;1;1
L2L;4194304;60;0;2;2
L2L;4194304;60;1;2;2
L2L;4194304;60;0;3;3
L2L;4194304;60;1;3;3
L2L;4194304;60;0;4;4
L2L;4194304;60;1;4;4
L2L;4194304;60;0;5;5
L2L;4194304;60;1;5;5
L2L;4194304;60;0;6;6
L2L;4194304;60;1;6;6
L2L;4194304;60;0;7;7
L2L;4194304;60;1;7;7
L2L;4194304;61;0;0;0
L2L;4194304;61;1;0;0
L2L;4194304;61;0;1;1
L2L;4194304;61;1;1;1
L2L;4194304;61;0;2;2
L2L;4194304;61;1;2;2
L2L;4194304;61;0;3;3
L2L;4194304;61;1;3;3
L2L;4194304;61;0;4;4
L2L;4194304;61;1;4;4
L2L;4194304;61;0;5;5
L2L;4194304;61;1;5;5
L2L;4194304;61;0;6;6
L2L;4194304;61;1;6;6
L2L;4194304;61;0;7;7
L2L;4194304;61;1;7;7
L2L;4194304;61;0;0;0
L2L;4194304;61;1;0;0
L2L;4194304;61;0;1;1
L2L;4194304;61;1;1;1
L2L;4194304;61;0;2;2
L2L;4194304;61;1;2;2
L2L;4194304;61;0;3;3
L2L;4194304;61;1;3;3
L2L;4194304;61;0;4;4
L2L;4194304;61;1;4;4
L2L;4194304;61;0;5;5
L2L;4194304;61;1;5;5
L2L;4194304;61;0;6;6
L2L;4194304;61;1;6;6
L2L;4194304;61;0;7;7
L2L;4194304;61;1;7;7
L2L;4194304;62;0;0;0
L2L;4194304;62;1;0;0
L2L;4194304;62;0;1;1
L2L;4194304;62;1;1;1
L2L;4194304;62;0;2;2
L2L;4194304;62;1;2;2
L2L;4194304;62;0;3;3
L2L;4194304;62;1;3;3
L2L;4194304;62;0;4;4
L2L;4194304;62;1;4;4
L2L;4194304;62;0;5;5
L2L;4194304;62;1;5;5
L2L;4194304;62;0;6;6
L2L;4194304;62;1;6;6
L2L;4194304;62;0;7;7
L2L;4194304;62;1;7;7
L2L;4194304;63;0;0;0
L2L;4194304;63;1;0;0
L2L;4194304;63;0;1;1
L2L;4194304;63;1;1;1
L2L;4194304;63;0;2;2
L2L;4194304;63;1;2;2
L2L;4194304;63;0;3;3
L2L;4194304;63;1;3;3
L2L;4194304;63;0;4;4
L2L;4194304;63;1;4;4
L2L;4194304;63;0;5;5
L2L;4194304;63;1;5;5
L2L;4194304;63;0;6;6
L2L;4194304;63;1;6;6
L2L;4194304;63;0;7;7
L2L;4194304;63;1;7;7
L2L;4194304;64;0;0;0
L2L;4194304;64;1;0;0
L2L;4194304;64;0;1;1
L2L;4194304;64;1;1;1
L2L;4194304;64;0;2;2
L2L;4194304;64;1;2;2
L2L;4194304;64;0;3;3
L2L;4194304;64;1;3;3
L2L;4194304;64;0;4;4
L2L;4194304;64;1;4;4
L2L;4194304;64;0;5;5
L2L;4194304;64;1;5;5
L2L;4194304;64;0;6;6
L2L;4194304;64;1;6;6
L2L;4194304;64;0;7;7
L2L;4194304;64;1;7;7
L2L;4194304;64;0;0;0
L2L;4194304;64;1;0;0
L2L;4194304;64;0;1;1
L2L;4194304;64;1;1;1
L2L;4194304;64;0;2;2
L2L;4194304;64;1;2;2
L2L;4194304;64;0;3;3
L2L;4194304;64;1;3;3
L2L;4194304;64;0;4;4
L2L;4194304;64;1;4;4
L2L;4194304;64;0;5;5
L2L;4194304;64;1;5;5
L2L;4194304;64;0;6;6
L2L;4194304;64;1;6;6
L2L;4194304;64;0;7;7
L2L;4194304;64;1;7;7
L2L;4194304;64;0;0;0
L2L;4194304;64;1;0;0
L2L;4194304;64;0;1;1
L2L;4194304;64;1;1;1
L2L;4194304;64;0;2;2
L2L;4194304;64;1;2;2
L2L;4194304;64;0;3;3
L2L;4194304;64;1;3;3
L2L;4194304;64;0;4;4
L2L;4194304;64;1;4;4
L2L;4194304;64;0;5;5
L2L;4194304;64;1;5;5
L2L;4194304;64;0;6;6
L2L;4194304;64;1;6;6
L2L;4194304;64;0;7;7
L2L;4194304;64;1;7;7
L2L;4194304;65;0;0;0
L2L;4194304;65;1;0;0
L2L;4194304;65;0;1;1
L2L;4194304;65;1;1;1
L2L;4194304;65;0;2;2
L2L;4194304;65;1;2;2
L2L;4194304;65;0;3;3
L2L;4194304;65;1;3;3
L2L;4194304;65;0;4;4
L2L;4194304;65;1;4;4
L2L;4194304;65;0;5;5
L2L;4194304;65;1;5;5
L2L;4194304;65;0;6;6
L2L;4194304;65;1;6;6
L2L;4194304;65;0;7;7
L2L;4194304;65;1;7;7
L2L;4194304;65;0;0;0
L2L;4194304;65;1;0;0
L2L;4194304;65;0;1;1
L2L;4194304;65;1;1;1
L2L;4194304;65;0;2;2
L2L;4194304;65;1;2;2
L2L;4194304;65;0;3;3
L2L;4194304;65;1;3;3
L2L;4194304;65;0;4;4
L2L;4194304;65;1;4;4
L2L;4194304;65;0;5;5
L2L;4194304;65;1;5;5
L2L;4194304;65;0;6;6
L2L;4194304;65;1;6;6
L2L;4194304;65;0;7;7
L2L;4194304;65;1;7;7
L2L;4194304;66;0;0;0
L2L;4194304;66;1;0;0
L2L;4194304;66;0;1;1
L2L;4194304;66;1;1;1
L2L;4194304;66;0;2;2
L2L;4194304;66;1;2;2
L2L;4194304;66;0;3;3
L2L;4194304;66;1;3;3
L2L;4194304;66;0;4;4
L2L;4194304;66;1;4;4
L2L;4194304;66;0;5;5
L2L;4194304;66;1;5;5
L2L;4194304;66;0;6;6
L2L;4194304;66;1;6;6
L2L;4194304;66;0;7;7
L2L;4194304;66;1;7;7
L2L;4194304;66;0;0;0
L2L;4194304;66;1;0;0
L2L;4194304;66;0;1;1
L2L;4194304;66;1;1;1
L2L;4194304;66;0;2;2
L2L;4194304;66;1;2;2
L2L;4194304;66;0;3;3
L2L;4194304;66;1;3;3
L2L;4194304;66;0;4;4
L2L;4194304;66;1;4;4
L2L;4194304;66;0;5;5
L2L;4194304;66;1;5;5
L2L;4194304;66;0;6;6
L2L;4194304;66;1;6;6
L2L;4194304;66;0;7;7
L2L;4194304;66;1;7;7
L2L;4194304;66;0;0;0
L2L;4194304;66;1;0;0
L2L;4194304;66;0;1;1
L2L;4194304;66;1;1;1
L2L;4194304;66;0;2;2
L2L;4194304;66;1;2;2
L2L;4194304;66;0;3;3
L2L;4194304;66;1;3;3
L2L;4194304;66;0;4;4
L2L;4194304;66;1;4;4
L2L;4194304;66;0;5;5
L2L;4194304;66;1;5;5
L2L;4194304;66;0;6;6
L2L;4194304;66;1;6;6
L2L;4194304;66;0;7;7
L2L;4194304;66;1;7;7
L2L;4194304;67;0;0;0
L2L;4194304;67;1;0;0
L2L;4194304;67;0;1;1
L2L;4194304;67;1;1;1
L2L;4194304;67;0;2;2
L2L;4194304;67;1;2;2
L2L;4194304;67;0;3;3
L2L;4194304;67;1;3;3
L2L;4194304;67;0;4;4
L2L;4194304;67;1;4;4
L2L;4194304;67;0;5;5
L2L;4194304;67;1;5;5
L2L;4194304;67;0;6;6
L2L;4194304;67;1;6;6
L2L;4194304;67;0;7;7
L2L;4194304;67;1;7;7
L2L;4194304;67;0;0;0
L2L;4194304;67;1;0;0
L2L;4194304;67;0;1;1
L2L;4194304;67;1;1;1
L2L;4194304;67;0;2;2
L2L;4194304;67;1;2;2
L2L;4194304;67;0;3;3
L2L;4194304;67;1;3;3
L2L;4194304;67;0;4;4
L2L;4194304;67;1;4;4
L2L;4194304;67;0;5;5
L2L;4194304;67;1;5;5
L2L;4194304;67;0;6;6
L2L;4194304;67;1;6;6
L2L;4194304;67;0;7;7
L2L;4194304;67;1;7;7
L2L;4194304;68;0;0;0
L2L;4194304;68;1;0;0
L2L;4194304;68;0;1;1
L2L;4194304;68;1;1;1
L2L;4194304;68;0;2;2
L2L;4194304;68;1;2;2
L2L;4194304;68;0;3;3
L2L;4194304;68;1;3;3
L2L;4194304;68;0;4;4
L2L;4194304;68;1;4;4
L2L;4194304;68;0;5;5
L2L;4194304;68;1;5;5
L2L;4194304;68;0;6;6
L2L;4194304;68;1;6;6
L2L;4194304;68;0;7;7
L2L;4194304;68;1;7;7
L2L;4194304;69;0;0;0
L2L;4194304;69;1;0;0
L2L;4194304;69;0;1;1
L2L;4194304;69;1;1;1
L2L;4194304;69;0;2;2
L2L;4194304;69;1;2;2
L2L;4194304;69;0;3;3
L2L;4194304;69;1;3;3
L2L;4194304;69;0;4;4
L2L;4194304;69;1;4;4
L2L;4194304;69;0;5;5
L2L;4194304;69;1;5;5
L2L;4194304;69;0;6;6
L2L;4194304;69;1;6;6
L2L;4194304;69;0;7;7
L2L;4194304;69;1;7;7
L2L;4194304;70;0;0;0
L2L;4194304;70;1;0;0
L2L;4194304;70;0;1;1
L2L;4194304;70;1;1;1
L2L;4194304;70;0;2;2
L2L;4194304;70;1;2;2
L2L;4194304;70;0;3;3
L2L;4194304;70;1;3;3
L2L;4194304;70;0;4;4
L2L;4194304;70;1;4;4
L2L;4194304;70;0;5;5
L2L;4194304;70;1;5;5
L2L;4194304;70;0;6;6
L2L;4194304;70;1;6;6
L2L;4194304;70;0;7;7
L2L;4194304;70;1;7;7
L2L;4194304;70;0;0;0
L2L;4194304;70;1;0;0
L2L;4194304;70;0;1;1
L2L;4194304;70;1;1;1
L2L;4194304;70;0;2;2
L2L;4194304;70;1;2;2
L2L;4194304;70;0;3;3
L2L;4194304;70;1;3;3
L2L;4194304;70;0;4;4
L2L;4194304;70;1;4;4
L2L;4194304;70;0;5;5
L2L;4194304;70;1;5;5
L2L;4194304;70;0;6;6
L2L;4194304;70;1;6;6
L2L;4194304;70;0;7;7
L2L;4194304;70;1;7;7
L2L;4194304;70;0;0;0
L2L;4194304;70;1;0;0
L2L;4194304;70;0;1;1
L2L;4194304;70;1;1;1
L2L;4194304;70;0;2;2
L2L;4194304;70;1;2;2
L2L;4194304;70;0;3;3
L2L;4194304;70;1;3;3
L2L;4194304;70;0;4;4
L2L;4194304;70;1;4;4
L2L;4194304;70;0;5;5
L2L;4194304;70;1;5;5
L2L;4194304;70;0;6;6
L2L;4194304;70;1;6;6
L2L;4194304;70;0;7;7
L2L;4194304;70;1;7;7
L2L;4194304;71;0;0;0
L2L;4194304;71;1;0;0
L2L;4194304;71;0;1;1
L2L;4194304;71;1;1;1
L2L;4194304;71;0;2;2
L2L;4194304;71;1;2;2
L2L;4194304;71;0;3;3
L2L;4194304;71;1;3;3
L2L;4194304;71;0;4;4
L2L;4194304;71;1;4;4
L2L;4194304;71;0;5;5
L2L;4194304;71;1;5;5
L2L;4194304;71;0;6;6
L2L;4194304;71;1;6;6
L2L;4194304;71;0;7;7
L2L;4194304;71;1;7;7
L2L;4194304;71;0;0;0
L2L;4194304;71;1;0;0
L2L;4194304;71;0;1;1
L2L;4194304;71;1;1;1
L2L;4194304;71;0;2;2
L2L;4194304;71;1;2;2
L2L;4194304;71;0;3;3
L2L;4194304;71;1;3;3
L2L;4194304;71;0;4;4
L2L;4194304;71;1;4;4
L2L;4194304;71;0;5;5
L2L;4194304;71;1;5;5
L2L;4194304;71;0;6;6
L2L;4194304;71;1;6;6
L2L;4194304;71;0;7;7
L2L;4194304;71;1;7;7
L2L;4194304;72;0;0;0
L2L;4194304;72;1;0;0
L2L;4194304;72;0;1;1
L2L;4194304;72;1;1;1
L2L;4194304;72;0;2;2
L2L;4194304;72;1;2;2
L2L;4194304;72;0;3;3
L2L;4194304;72;1;3;3
L2L;4194304;72;0;4;4
L2L;4194304;72;1;4;4
L2L;4194304;72;0;5;5
L2L;4194304;72;1;5;5
L2L;4194304;72;0;6;6
L2L;4194304;72;1;6;6
L2L;4194304;72;0;7;7
L2L;4194304;72;1;7;7
L2L;4194304;73;0;0;0
L2L;4194304;73;1;0;0
L2L;4194304;73;0;1;1
L2L;4194304;73;1;1;1
L2L;4194304;73;0;2;2
L2L;4194304;73;1;2;2
L2L;4194304;73;0;3;3
L2L;4194304;73;1;3;3
L2L;4194304;73;0;4;4
L2L;4194304;73;1;4;4
L2L;4194304;73;0;5;5
L2L;4194304;73;1;5;5
L2L;4194304;73;0;6;6
L2L;4194304;73;1;6;6
L2L;4194304;73;0;7;7
L2L;4194304;73;1;7;7
L2L;4194304;74;0;0;0
L2L;4194304;74;1;0;0
L2L;4194304;74;0;1;1
L2L;4194304;74;1;1;1
L2L;4194304;74;0;2;2
L2L;4194304;74;1;2;2
L2L;4194304;74;0;3;3
L2L;4194304;74;1;3;3
L2L;4194304;74;0;4;4
L2L;4194304;74;1;4;4
L2L;4194304;74;0;5;5
L2L;4194304;74;1;5;5
L2L;4194304;74;0;6;6
L2L;4194304;74;1;6;6
L2L;4194304;74;0;7;7
L2L;4194304;74;1;7;7
L2L;4194304;74;0;0;0
L2L;4194304;74;1;0;0
L2L;4194304;74;0;1;1
L2L;4194304;74;1;1;1
L2L;4194304;74;0;2;2
L2L;4194304;74;1;2;2
L2L;4194304;74;0;3;3
L2L;4194304;74;1;3;3
L2L;4194304;74;0;4;4
L2L;4194304;74;1;4;4
L2L;4194304;74;0;5;5
L2L;4194304;74;1;5;5
L2L;4194304;74;0;6;6
L2L;4194304;74;1;6;6
L2L;4194304;74;0;7;7
L2L;4194304;74;1;7;7
L2L;4194304;74;0;0;0
L2L;4194304;74;1;0;0
L2L;4194304;74;0;1;1
L2L;4194304;74;1;1;1
L2L;4194304;74;0;2;2
L2L;4194304;74;1;2;2
L2L;4194304;74;0;3;3
L2L;4194304;74;1;3;3
L2L;4194304;74;0;4;4
L2L;4194304;74;1;4;4
L2L;4194304;74;0;5;5
L2L;4194304;74;1;5;5
L2L;4194304;74;0;6;6
L2L;4194304;74;1;6;6
L2L;4194304;74;0;7;7
L2L;4194304;74;1;7;7
L2L;4194304;75;0;0;0
L2L;4194304;75;1;0;0
L2L;4194304;75;0;1;1
L2L;4194304;75;1;1;1
L2L;4194304;75;0;2;2
L2L;4194304;75;1;2;2
L2L;4194304;75;0;3;3
L2L;4194304;75;1;3;3
L2L;4194304;75;0;4;4
L2L;4194304;75;1;4;4
L2L;4194304;75;0;5;5
L2L;4194304;75;1;5;5
L2L;4194304;75;0;6;6
L2L;4194304;75;1;6;6
L2L;4194304;75;0;7;7
L2L;4194304;75;1;7;7
L2L;4194304;75;0;0;0
L2L;4194304;75;1;0;0
L2L;4194304;75;0;1;1
L2L;4194304;75;1;1;1
L2L;4194304;75;0;2;2
L2L;4194304;75;1;2;2
L2L;4194304;75;0;3;3
L2L;4194304;75;1;3;3
L2L;4194304;75;0;4;4
L2L;4194304;75;1;4;4
L2L;4194304;75;0;5;5
L2L;4194304;75;1;5;5
L2L;4194304;75;0;6;6
L2L;4194304;75;1;6;6
L2L;4194304;75;0;7;7
L2L;4194304;75;1;7;7
L2L;4194304;76;0;0;0
L2L;4194304;76;1;0;0
L2L;4194304;76;0;1;1
L2L;4194304;76;1;1;1
L2L;4194304;76;0;2;2
L2L;4194304;76;1;2;2
L2L;4194304;76;0;3;3
L2L;4194304;76;1;3;3
L2L;4194304;76;0;4;4
L2L;4194304;76;1;4;4
L2L;4194304;76;0;5;5
L2L;4194304;76;1;5;5
L2L;4194304;76;0;6;6
L2L;4194304;76;1;6;6
L2L;4194304;76;0;7;7
L2L;4194304;76;1;7;7
L2L;4194304;76;0;0;0
L2L;4194304;76;1;0;0
L2L;4194304;76;0;1;1
L2L;4194304;76;1;1;1
L2L;4194304;76;0;2;2
L2L;4194304;76;1;2;2
L2L;4194304;76;0;3;3
L2L;4194304;76;1;3;3
L2L;4194304;76;0;4;4
L2L;4194304;76;1;4;4
L2L;4194304;76;0;5;5
L2L;4194304;76;1;5;5
L2L;4194304;76;0;6;6
L2L;4194304;76;1;6;6
L2L;4194304;76;0;7;7
L2L;4194304;76;1;7;7
L2L;4194304;76;0;0;0
L2L;4194304;76;1;0;0
L2L;4194304;76;0;1;1
L2L;4194304;76;1;1;1
L2L;4194304;76;0;2;2
L2L;4194304;76;1;2;2
L2L;4194304;76;0;3;3
L2L;4194304;76;1;3;3
L2L;4194304;76;0;4;4
L2L;4194304;76;1;4;4
L2L;4194304;76;0;5;5
L2L;4194304;76;1;5;5
L2L;4194304;76;0;6;6
L2L;4194304;76;1;6;6
L2L;4194304;76;0;7;7
L2L;4194304;76;1;7;7
L2L;4194304;77;0;0;0
L2L;4194304;77;1;0;0
L2L;4194304;77;0;1;1
L2L;4194304;77;1;1;1
L2L;4194304;77;0;2;2
L2L;4194304;77;1;2;2
L2L;4194304;77;0;3;3
L2L;4194304;77;1;3;3
L2L;4194304;77;0;4;4
L2L;4194304;77;1;4;4
L2L;4194304;77;0;5;5
L2L;4194304;77;1;5;5
L2L;4194304;77;0;6;6
L2L;4194304;77;1;6;6
L2L;4194304;77;0;7;7
L2L;4194304;77;1;7;7
L2L;4194304;77;0;0;0
L2L;4194304;77;1;0;0
L2L;4194304;77;0;1;1
L2L;4194304;77;1;1;1
L2L;4194304;77;0;2;2
L2L;4194304;77;1;2;2
L2L;4194304;77;0;3;3
L2L;4194304;77;1;3;3
L2L;4194304;77;0;4;4
L2L;4194304;77;1;4;4
L2L;4194304;77;0;5;5
L2L;4194304;77;1;5;5
L2L;4194304;77;0;6;6
L2L;4194304;77;1;6;6
L2L;4194304;77;0;7;7
L2L;4194304;77;1;7;7
L2L;4194304;78;0;0;0
L2L;4194304;78;1;0;0
L2L;4194304;78;0;1;1
L2L;4194304;78;1;1;1
L2L;4194304;78;0;2;2
L2L;4194304;78;1;2;2
L2L;4194304;78;0;3;3
L2L;4194304;78;1;3;3
L2L;4194304;78;0;4;4
L2L;4194304;78;1;4;4
L2L;4194304;78;0;5;5
L2L;4194304;78;1;5;5
L2L;4194304;78;0;6;6
L2L;4194304;78;1;6;6
L2L;4194304;78;0;7;7
L2L;4194304;78;1;7;7
L2L;4194304;79;0;0;0
L2L;4194304;79;1;0;0
L2L;4194304;79;0;1;1
L2L;4194304;79;1;1;1
L2L;4194304;79;0;2;2
L2L;4194304;79;1;2;2
L2L;4194304;79;0;3;3
L2L;4194304;79;1;3;3
L2L;4194304;79;0;4;4
L2L;4194304;79;1;4;4
L2L;4194304;79;0;5;5
L2L;4194304;79;1;5;5
L2L;4194304;79;0;6;6
L2L;4194304;79;1;6;6
L2L;4194304;79;0;7;7
L2L;4194304;79;1;7;7
L2L;4194304;80;0;0;0
L2L;4194304;80;1;0;0
L2L;4194304;80;0;1;1
L2L;4194304;80;1;1;1
L2L;4194304;80;0;2;2
L2L;4194304;80;1;2;2
L2L;4194304;80;0;3;3
L2L;4194304;80;1;3;3
L2L;4194304;80;0;4;4
L2L;4194304;80;1;4;4
L2L;4194304;80;0;5;5
L2L;4194304;80;1;5;5
L2L;4194304;80;0;6;6
L2L;4194304;80;1;6;6
L2L;4194304;80;0;7;7
L2L;4194304;80;1;7;7
L2L;4194304;80;0;0;0
L2L;4194304;80;1;0;0
L2L;4194304;80;0;1;1
L2L;4194304;80;1;1;1
L2L;4194304;80;0;2;2
L2L;4194304;80;1;2;2
L2L;4194304;80;0;3;3
L2L;4194304;80;1;3;3
L2L;4194304;80;0;4;4
L2L;4194304;80;1;4;4
L2L;4194304;80;0;5;5
L2L;4194304;80;1;5;5
L2L;4194304;80;0;6;6
L2L;4194304;80;1;6;6
L2L;4194304;80;0;7;7
L2L;4194304;80;1;7;7
L2L;4194304;80;0;0;0
L2L;4194304;80;1;0;0
L2L;4194304;80;0;1;1
L2L;4194304;80;1;1;1
L2L;4194304;80;0;2;2
L2L;4194304;80;1;2;2
L2L;4194304;80;0;3;3
L2L;4194304;80;1;3;3
L2L;4194304;80;0;4;4
L2L;4194304;80;1;4;4
L2L;4194304;80;0;5;5
L2L;4194304;80;1;5;5
L2L;4194304;80;0;6;6
L2L;4194304;80;1;6;6
L2L;4194304;80;0;7;7
L2L;4194304;80;1;7;7
L2L;4194304;81;0;0;0
L2L;4194304;81;1;0;0
L2L;4194304;81;0;1;1
L2L;4194304;81;1;1;1
L2L;4194304;81;0;2;2
L2L;4194304;81;1;2;2
L2L;4194304;81;0;3;3
L2L;4194304;81;1;3;3
L2L;4194304;81;0;4;4
L2L;4194304;81;1;4;4
L2L;4194304;81;0;5;5
L2L;4194304;81;1;5;5
L2L;4194304;81;0;6;6
L2L;4194304;81;1;6;6
L2L;4194304;81;0;7;7
L2L;4194304;81;1;7;7
L2L;4194304;81;0;0;0
L2L;4194304;81;1;0;0
L2L;4194304;81;0;1;1
L2L;4194304;81;1;1;1
L2L;4194304;81;0;2;2
L2L;4194304;81;1;2;2
L2L;4194304;81;0;3;3
L2L;4194304;81;1;3;3
L2L;4194304;81;0;4;4
L2L;4194304;81;1;4;4
L2L;4194304;81;0;5;5
L2L;4194304;81;1;5;5
L2L;4194304;81;0;6;6
L2L;4194304;81;1;6;6
L2L;4194304;81;0;7;7
L2L;4194304;81;1;7;7
L2L;4194304;82;0;0;0
L2L;4194304;82;1;0;0
L2L;4194304;82;0;1;1
L2L;4194304;82;1;1;1
L2L;4194304;82;0;2;2
L2L;4194304;82;1;2;2
L2L;4194304;82;0;3;3
L2L;4194304;82;1;3;3
L2L;4194304;82;0;4;4
L2L;4194304;82;1;4;4
L2L;4194304;82;0;5;5
L2L;4194304;82;1;5;5
L2L;4194304;82;0;6;6
L2L;4194304;82;1;6;6
L2L;4194304;82;0;7;7
L2L;4194304;82;1;7;7
L2L;4194304;83;0;0;0
L2L;4194304;83;1;0;0
L2L;4194304;83;0;1;1
L2L;4194304;83;1;1;1
L2L;4194304;83;0;2;2
L2L;4194304;83;1;2;2
L2L;4194304;83;0;3;3
L2L;4194304;83;1;3;3
L2L;4194304;83;0;4;4
L2L;4194304;83;1;4;4
L2L;4194304;83;0;5;5
L2L;4194304;83;1;5;5
L2L;4194304;83;0;6;6
L2L;4194304;83;1;6;6
L2L;4194304;83;0;7;7
L2L;4194304;83;1;7;7
L2L;4194304;84;0;0;0
L2L;4194304;84;1;0;0
L2L;4194304;84;0;1;1
L2L;4194304;84;1;1;1
L2L;4194304;84;0;2;2
L2L;4194304;84;1;2;2
L2L;4194304;84;0;3;3
L2L;4194304;84;1;3;3
L2L;4194304;84;0;4;4
L2L;4194304;84;1;4;4
L2L;4194304;84;0;5;5
L2L;4194304;84;1;5;5
L2L;4194304;84;0;6;6
L2L;4194304;84;1;6;6
L2L;4194304;84;0;7;7
L2L;4194304;84;1;7;7
L2L;4194304;84;0;0;0
L2L;4194304;84;1;0;0
L2L;4194304;84;0;1;1
L2L;4194304;84;1;1;1
L2L;4194304;84;0;2;2
L2L;4194304;84;1;2;2
L2L;4194304;84;0;3;3
L2L;4194304;84;1;3;3
L2L;4194304;84;0;4;4
L2L;4194304;84;1;4;4
L2L;4194304;84;0;5;5
L2L;4194304;84;1;5;5
L2L;4194304;84;0;6;6
L2L;4194304;84;1;6;6
L2L;4194304;84;0;7;7
L2L;4194304;84;1;7;7
L2L;4194304;84;0;0;0
L2L;4194304;84;1;0;0
L2L;4194304;84;0;1;1
L2L;4194304;84;1;1;1
L2L;4194304;84;0;2;2
L2L;4194304;84;1;2;2
L2L;4194304;84;0;3;3
L2L;4194304;84;1;3;3
L2L;4194304;84;0;4;4
L2L;4194304;84;1;4;4
L2L;4194304;84;0;5;5
L2L;4194304;84;1;5;5
L2L;4194304;84;0;6;6
L2L;4194304;84;1;6;6
L2L;4194304;84;0;7;7
L2L;4194304;84;1;7;7
L2L;4194304;85;0;0;0
L2L;4194304;85;1;0;0
L2L;4194304;85;0;1;1
L2L;4194304;85;1;1;1
L2L;4194304;85;0;2;2
L2L;4194304;85;1;2;2
L2L;4194304;85;0;3;3
L2L;4194304;85;1;3;3
L2L;4194304;85;0;4;4
L2L;4194304;85;1;4;4
L2L;4194304;85;0;5;5
L2L;4194304;85;1;5;5
L2L;4194304;85;0;6;6
L2L;4194304;85;1;6;6
L2L;4194304;85;0;7;7
L2L;4194304;85;1;7;7
L2L;4194304;85;0;0;0
L2L;4194304;85;1;0;0
L2L;4194304;85;0;1;1
L2L;4194304;85;1;1;1
L2L;4194304;85;0;2;2
L2L;4194304;85;1;2;2
L2L;4194304;85;0;3;3
L2L;4194304;85;1;3;3
L2L;4194304;85;0;4;4
L2L;4194304;85;1;4;4
L2L;4194304;85;0;5;5
L2L;4194304;85;1;5;5
L2L;4194304;85;0;6;6
L2L;4194304;85;1;6;6
L2L;4194304;85;0;7;7
L2L;4194304;85;1;7;7
L2L;4194304;86;0;0;0
L2L;4194304;86;1;0;0
L2L;4194304;86;0;1;1
L2L;4194304;86;1;1;1
L2L;4194304;86;0;2;2
L2L;4194304;86;1;2;2
L2L;4194304;86;0;3;3
L2L;4194304;86;1;3;3
L2L;4194304;86;0;4;4
L2L;4194304;86;1;4;4
L2L;4194304;86;0;5;5
L2L;4194304;86;1;5;5
L2L;4194304;86;0;6;6
L2L;4194304;86;1;6;6
L2L;4194304;86;0;7;7
L2L;4194304;86;1;7;7
L2L;4194304;86;0;0;0
L2L;4194304;86;1;0;0
L2L;4194304;86;0;1;1
L2L;4194304;86;1;1;1
L2L;4194304;86;0;2;2
L2L;4194304;86;1;2;2
L2L;4194304;86;0;3;3
L2L;4194304;86;1;3;3
L2L;4194304;86;0;4;4
L2L;4194304;86;1;4;4
L2L;4194304;86;0;5;5
L2L;4194304;86;1;5;5
L2L;4194304;86;0;6;6
L2L;4194304;86;1;6;6
L2L;4194304;86;0;7;7
L2L;4194304;86;1;7;7
L2L;4194304;86;0;0;0
L2L;4194304;86;1;0;0
L2L;4194304;86;0;1;1
L2L;4194304;86;1;1;1
L2L;4194304;86;0;2;2
L2L;4194304;86;1;2;2
L2L;4194304;86;0;3;3
L2L;4194304;86;1;3;3
L2L;4194304;86;0;4;4
L2L;4194304;86;1;4;4
L2L;4194304;86;0;5;5
L2L;4194304;86;1;5;5
L2L;4194304;86;0;6;6
L2L;4194304;86;1;6;6
L2L;4194304;86;0;7;7
L2L;4194304;86;1;7;7
L2L;4194304;87;0;0;0
L2L;4194304;87;1;0;0
L2L;4194304;87;0;1;1
L2L;4194304;87;1;1;1
L2L;4194304;87;0;2;2
L2L;4194304;87;1;2;2
L2L;4194304;87;0;3;3
L2L;4194304;87;1;3;3
L2L;4194304;87;0;4;4
L2L;4194304;87;1;4;4
L2L;4194304;87;0;5;5
L2L;4194304;87;1;5;5
L2L;4194304;87;0;6;6
L2L;4194304;87;1;6;6
L2L;4194304;87;0;7;7
L2L;4194304;87;1;7;7
L2L;4194304;87;0;0;0
L2L;4194304;87;1;0;0
L2L;4194304;87;0;1;1
L2L;4194304;87;1;1;1
L2L;4194304;87;0;2;2
L2L;4194304;87;1;2;2
L2L;4194304;87;0;3;3
L2L;4194304;87;1;3;3
L2L;4194304;87;0;4;4
L2L;4194304;87;1;4;4
L2L;4194304;87;0;5;5
L2L;4194304;87;1;5;5
L2L;4194304;87;0;6;6
L2L;4194304;87;1;6;6
L2L;4194304;87;0;7;7
L2L;4194304;87;1;7;7
L2L;4194304;88;0;0;0
L2L;4194304;88;1;0;0
L2L;4194304;88;0;1;1
L2L;4194304;88;1;1;1
L2L;4194304;88;0;2;2
L2L;4194304;88;1;2;2
L2L;4194304;88;0;3;3
L2L;4194304;88;1;3;3
L2L;4194304;88;0;4;4
L2L;4194304;88;1;4;4
L2L;4194304;88;0;5;5
L2L;4194304;88;1;5;5
L2L;4194304;88;0;6;6
L2L;4194304;88;1;6;6
L2L;4194304;88;0;7;7
L2L;4194304;88;1;7;7
L2L;4194304;89;0;0;0
L2L;4194304;89;1;0;0
L2L;4194304;89;0;1;1
L2L;4194304;89;1;1;1
L2L;4194304;89;0;2;2
L2L;4194304;89;1;2;2
L2L;4194304;89;0;3;3
L2L;4194304;89;1;3;3
L2L;4194304;89;0;4;4
L2L;4194304;89;1;4;4
L2L;4194304;89;0;5;5
L2L;4194304;89;1;5;5
L2L;4194304;89;0;6;6
L2L;4194304;89;1;6;6
L2L;4194304;89;0;7;7
L2L;4194304;89;1;7;7
L2L;4194304;90;0;0;0
L2L;4194304;90;1;0;0
L2L;4194304;90;0;1;1
L2L;4194304;90;1;1;1
L2L;4194304;90;0;2;2
L2L;4194304;90;1;2;2
L2L;4194304;90;0;3;3
L2L;4194304;90;1;3;3
L2L;4194304;90;0;4;4
L2L;4194304;90;1;4;4
L2L;4194304;90;0;5;5
L2L;4194304;90;1;5;5
L2L;4194304;90;0;6;6
L2L;4194304;90;1;6;6
L2L;4194304;90;0;7;7
L2L;4194304;90;1;7;7
L2L;4194304;90;0;0;0
L2L;4194304;90;1;0;0
L2L;4194304;90;0;1;1
L2L;4194304;90;1;1;1
L2L;4194304;90;0;2;2
L2L;4194304;90;1;2;2
L2L;4194304;90;0;3;3
L2L;4194304;90;1;3;3
L2L;4194304;90;0;4;4
L2L;4194304;90;1;4;4
L2L;4194304;90;0;5;5
L2L;4194304;90;1;5;5
L2L;4194304;90;0;6;6
L2L;4194304;90;1;6;6
L2L;4194304;90;0;7;7
L2L;4194304;90;1;7;7
L2L;4194304;90;0;0;0
L2L;4194304;90;1;0;0
L2L;4194304;90;0;1;1
L2L;4194304;90;1;1;1
L2L;4194304;90;0;2;2
L2L;4194304;90;1;2;2
L2L;4194304;90;0;3;3
L2L;4194304;90;1;3;3
L2L;4194304;90;0;4;4
L2L;4194304;90;1;4;4
L2L;4194304;90;0;5;5
L2L;4194304;90;1;5;5
L2L;4194304;90;0;6;6
L2L;4194304;90;1;6;6
L2L;4194304;90;0;7;7
L2L;4194304;90;1;7;7
L2L;4194304;91;0;0;0
L2L;4194304;91;1;0;0
L2L;4194304;91;0;1;1
L2L;4194304;91;1;1;1
L2L;4194304;91;0;2;2
L2L;4194304;91;1;2;2
L2L;4194304;91;0;3;3
L2L;4194304;91;1;3;3
L2L;4194304;91;0;4;4
L2L;4194304;91;1;4;4
L2L;4194304;91;0;5;5
L2L;4194304;91;1;5;5
L2L;4194304;91;0;6;6
L2L;4194304;91;1;6;6
L2L;4194304;91;0;7;7
L2L;4194304;91;1;7;7
L2L;4194304;91;0;0;0
L2L;4194304;91;1;0;0
L2L;4194304;91;0;1;1
L2L;4194304;91;1;1;1
L2L;4194304;91;0;2;2
L2L;4194304;91;1;2;2
L2L;4194304;91;0;3;3
L2L;4194304;91;1;3;3
L2L;4194304;91;0;4;4
L2L;4194304;91;1;4;4
L2L;4194304;91;0;5;5
L2L;4194304;91;1;5;5
L2L;4194304;91;0;6;6
L2L;4194304;91;1;6;6
L2L;4194304;91;0;7;7
L2L;4194304;91;1;7;7
L2L;4194304;92;0;0;0
L2L;4194304;92;1;0;0
L2L;4194304;92;0;1;1
L2L;4194304;92;1;1;1
L2L;4194304;92;0;2;2
L2L;4194304;92;1;2;2
L2L;4194304;92;0;3;3
L2L;4194304;92;1;3;3
L2L;4194304;92;0;4;4
L2L;4194304;92;1;4;4
L2L;4194304;92;0;5;5
L2L;4194304;92;1;5;5
L2L;4194304;92;0;6;6
L2L;4194304;92;1;6;6
L2L;4194304;92;0;7;7
L2L;4194304;92;1;7;7
L2L;4194304;93;0;0;0
L2L;4194304;93;1;0;0
L2L;4194304;93;0;1;1
L2L;4194304;93;1;1;1
L2L;4194304;93;0;2;2
L2L;4194304;93;1;2;2
L2L;4194304;93;0;3;3
L2L;4194304;93;1;3;3
L2L;4194304;93;0;4;4
L2L;4194304;93;1;4;4
L2L;4194304;93;0;5;5
L2L;4194304;93;1;5;5
L2L;4194304;93;0;6;6
L2L;4194304;93;1;6;6
L2L;4194304;93;0;7;7
L2L;4194304;93;1;7;7
L2L;4194304;94;0;0;0
L2L;4194304;94;1;0;0
L2L;4194304;94;0;1;1
L2L;4194304;94;1;1;1
L2L;4194304;94;0;2;2
L2L;4194304;94;1;2;2
L2L;4194304;94;0;3;3
L2L;4194304;94;1;3;3
L2L;4194304;94;0;4;4
L2L;4194304;94;1;4;4
L2L;4194304;94;0;5;5
L2L;4194304;94;1;5;5
L2L;4194304;94;0;6;6
L2L;4194304;94;1;6;6
L2L;4194304;94;0;7;7
L2L;4194304;94;1;7;7
L2L;4194304;94;0;0;0
L2L;4194304;94;1;0;0
L2L;4194304;94;0;1;1
L2L;4194304;94;1;1;1
L2L;4194304;94;0;2;2
L2L;4194304;94;1;2;2
L2L;4194304;94;0;3;3
L2L;4194304;94;1;3;3
L2L;4194304;94;0;4;4
L2L;4194304;94;1;4;4
L2L;4194304;94;0;5;5
L2L;4194304;94;1;5;5
L2L;4194304;94;0;6;6
L2L;4194304;94;1;6;6
L2L;4194304;94;0;7;7
L2L;4194304;94;1;7;7
L2L;4194304;94;0;0;0
L2L;4194304;94;1;0;0
L2L;4194304;94;0;1;1
L2L;4194304;94;1;1;1
L2L;4194304;94;0;2;2
L2L;4194304;94;1;2;2
L2L;4194304;94;0;3;3
L2L;4194304;94;1;3;3
L2L;4194304;94;0;4;4
L2L;4194304;94;1;4;4
L2L;4194304;94;0;5;5
L2L;4194304;94;1;5;5
L2L;4194304;94;0;6;6
L2L;4194304;94;1;6;6
L2L;4194304;94;0;7;7
L2L;4194304;94;1;7;7
L2L;4194304;95;0;0;0
L2L;4194304;95;1;0;0
L2L;4194304;95;0;1;1
L2L;4194304;95;1;1;1
L2L;4194304;95;0;2;2
L2L;4194304;95;1;2;2
L2L;4194304;95;0;3;3
L2L;4194304;95;1;3;3
L2L;4194304;95;0;4;4
L2L;4194304;95;1;4;4
L2L;4194304;95;0;5;5
L2L;4194304;95;1;5;5
L2L;4194304;95;0;6;6
L2L;4194304;95;1;6;6
L2L;4194304;95;0;7;7
L2L;4194304;95;1;7;7
L2L;4194304;95;0;0;0
L2L;4194304;95;1;0;0
L2L;4194304;95;0;1;1
L2L;4194304;95;1;1;1
L2L;4194304;95;0;2;2
L2L;4194304;95;1;2;2
L2L;4194304;95;0;3;3
L2L;4194304;95;1;3;3
L2L;4194304;95;0;4;4
L2L;4194304;95;1;4;4
L2L;4194304;95;0;5;5
L2L;4194304;95;1;5;5
L2L;4194304;95;0;6;6
L2L;4194304;95;1;6;6
L2L;4194304;95;0;7;7
L2L;4194304;95;1;7;7
L2L;4194304;96;0;0;0
L2L;4194304;96;1;0;0
L2L;4194304;96;0;1;1
L2L;4194304;96;1;1;1
L2L;4194304;96;0;2;2
L2L;4194304;96;1;2;2
L2L;4194304;96;0;3;3
L2L;4194304;96;1;3;3
L2L;4194304;96;0;4;4
L2L;4194304;96;1;4;4
L2L;4194304;96;0;5;5
L2L;4194304;96;1;5;5
L2L;4194304;96;0;6;6
L2L;4194304;96;1;6;6
L2L;4194304;96;0;7;7
L2L;4194304;96;1;7;7
L2L;4194304;96;0;0;0
L2L;4194304;96;1;0;0
L2L;4194304;96;0;1;1
L2L;4194304;96;1;1;1
L2L;4194304;96;0;2;2
L2L;4194304;96;1;2;2
L2L;4194304;96;0;3;3
L2L;4194304;96;1;3;3
L2L;4194304;96;0;4;4
L2L;4194304;96;1;4;4
L2L;4194304;96;0;5;5
L2L;4194304;96;1;5;5
L2L;4194304;96;0;6;6
L2L;4194304;96;1;6;6
L2L;4194304;96;0;7;7
L2L;4194304;96;1;7;7
L2L;4194304;96;0;0;0
L2L;4194304;96;1;0;0
L2L;4194304;96;0;1;1
L2L;4194304;96;1;1;1
L2L;4194304;96;0;2;2
L2L;4194304;96;1;2;2
L2L;4194304;96;0;3;3
L2L;4194304;96;1;3;3
L2L;4194304;96;0;4;4
L2L;4194304;96;1;4;4
L2L;4194304;96;0;5;5
L2L;4194304;96;1;5;5
L2L;4194304;96;0;6;6
L2L;4194304;96;1;6;6
L2L;4194304;96;0;7;7
L2L;4194304;96;1;7;7
L2L;4194304;97;0;0;0
L2L;4194304;97;1;0;0
L2L;4194304;97;0;1;1
L2L;4194304;97;1;1;1
L2L;4194304;97;0;2;2
L2L;4194304;97;1;2;2
L2L;4194304;97;0;3;3
L2L;4194304;97;1;3;3
L2L;4194304;97;0;4;4
L2L;4194304;97;1;4;4
L2L;4194304;97;0;5;5
L2L;4194304;97;1;5;5
L2L;4194304;97;0;6;6
L2L;4194304;97;1;6;6
L2L;4194304;97;0;7;7
L2L;4194304;97;1;7;7
L2L;4194304;97;0;0;0
L2L;4194304;97;1;0;0
L2L;4194304;97;0;1;1
L2L;4194304;97;1;1;1
L2L;4194304;97;0;2;2
L2L;4194304;97;1;2;2
L2L;4194304;97;0;3;3
L2L;4194304;97;1;3;3
L2L;4194304;97;0;4;4
L2L;4194304;97;1;4;4
L2L;4194304;97;0;5;5
L2L;4194304;97;1;5;5
L2L;4194304;97;0;6;6
L2L;4194304;97;1;6;6
L2L;4194304;97;0;7;7
L2L;4194304;97;1;7;7
L2L;4194304;98;0;0;0
L2L;4194304;98;1;0;0
L2L;4194304;98;0;1;1
L2L;4194304;98;1;1;1
L2L;4194304;98;0;2;2
L2L;4194304;98;1;2;2
L2L;4194304;98;0;3;3
L2L;4194304;98;1;3;3
L2L;4194304;98;0;4;4
L2L;4194304;98;1;4;4
L2L;4194304;98;0;5;5
L2L;4194304;98;1;5;5
L2L;4194304;98;0;6;6
L2L;4194304;98;1;6;6
L2L;4194304;98;0;7;7
L2L;4194304;98;1;7;7
L2L;4194304;99;0;0;0
L2L;4194304;99;1;0;0
L2L;4194304;99;0;1;1
L2L;4194304;99;1;1;1
L2L;4194304;99;0;2;2
L2L;4194304;99;1;2;2
L2L;4194304;99;0;3;3
L2L;4194304;99;1;3;3
L2L;4194304;99;0;4;4
L2L;4194304;99;1;4;4
L2L;4194304;99;0;5;5
L2L;4194304;99;1;5;5
L2L;4194304;99;0;6;6
L2L;4194304;99;1;6;6
L2L;4194304;99;0;7;7
L2L;4194304;99;1;7;7
L2L;4194304;100;0;0;0
L2L;4194304;100;1;0;0
L2L;4194304;100;0;1;1
L2L;4194304;100;1;1;1
L2L;4194304;100;0;2;2
L2L;4194304;100;1;2;2
L2L;4194304;100;0;3;3
L2L;4194304;100;1;3;3
L2L;4194304;100;0;4;4
L2L;4194304;100;1;4;4
L2L;4194304;100;0;5;5
L2L;4194304;100;1;5;5
L2L;4194304;100;0;6;6
L2L;4194304;100;1;6;6
L2L;4194304;100;0;7;7
L2L;4194304;100;1;7;7
L2L;4194304;100;0;0;0
L2L;4194304;100;1;0;0
L2L;4194304;100;0;1;1
L2L;4194304;100;1;1;1
L2L;4194304;100;0;2;2
L2L;4194304;100;1;2;2
L2L;4194304;100;0;3;3
L2L;4194304;100;1;3;3
L2L;4194304;100;0;4;4
L2L;4194304;100;1;4;4
L2L;4194304;100;0;5;5
L2L;4194304;100;1;5;5
L2L;4194304;100;0;6;6
L2L;4194304;100;1;6;6
L2L;4194304;100;0;7;7
L2L;4194304;100;1;7;7
L2L;4194304;100;0;0;0
L2L;4194304;100;1;0;0
L2L;4194304;100;0;1;1
L2L;4194304;100;1;1;1
L2L;4194304;100;0;2;2
L2L;4194304;100;1;2;2
L2L;4194304;100;0;3;3
L2L;4194304;100;1;3;3
L2L;4194304;100;0;4;4
L2L;4194304;100;1;4;4
L2L;4194304;100;0;5;5
L2L;4194304;100;1;5;5
L2L;4194304;100;0;6;6
L2L;4194304;100;1;6;6
L2L;4194304;100;0;7;7
L2L;4194304;100;1;7;7
L2L;4194304;101;0;0;0
L2L;4194304;101;1;0;0
L2L;4194304;101;0;1;1
L2L;4194304;101;1;1;1
L2L;4194304;101;0;2;2
L2L;4194304;101;1;2;2
L2L;4194304;101;0;3;3
L2L;4194304;101;1;3;3
L2L;4194304;101;0;4;4
L2L;4194304;101;1;4;4
L2L;4194304;101;0;5;5
L2L;4194304;101;1;5;5
L2L;4194304;101;0;6;6
L2L;4194304;101;1;6;6
L2L;4194304;101;0;7;7
L2L;4194304;101;1;7;7
L2L;4194304;101;0;0;0
L2L;4194304;101;1;0;0
L2L;4194304;101;0;1;1
L2L;4194304;101;1;1;1
L2L;4194304;101;0;2;2
L2L;4194304;101;1;2;2
L2L;4194304;101;0;3;3
L2L;4194304;101;1;3;3
L2L;4194304;101;0;4;4
L2L;4194304;101;1;4;4
L2L;4194304;101;0;5;5
L2L;4194304;101;1;5;5
L2L;4194304;101;0;6;6
L2L;4194304;101;1;6;6
L2L;4194304;101;0;7;7
L2L;4194304;101;1;7;7
L2L;4194304;102;0;0;0
L2L;4194304;102;1;0;0
L2L;4194304;102;0;1;1
L2L;4194304;102;1;1;1
L2L;4194304;102;0;2;2
L2L;4194304;102;1;2;2
L2L;4194304;102;0;3;3
L2L;4194304;102;1;3;3
L2L;4194304;102;0;4;4
L2L;4194304;102;1;4;4
L2L;4194304;102;0;5;5
L2L;4194304;102;1;5;5
L2L;4194304;102;0;6;6
L2L;4194304;102;1;6;6
L2L;4194304;102;0;7;7
L2L;4194304;102;1;7;7
L2L;4194304;103;0;0;0
L2L;4194304;103;1;0;0
L2L;4194304;103;0;1;1
L2L;4194304;103;1;1;1
L2L;4194304;103;0;2;2
L2L;4194304;103;1;2;2
L2L;4194304;103;0;3;3
L2L;4194304;103;1;3;3
L2L;4194304;103;0;4;4
L2L;4194304;103;1;4;4
L2L;4194304;103;0;5;5
L2L;4194304;103;1;5;5
L2L;4194304;103;0;6;6
L2L;4194304;103;1;6;6
L2L;4194304;103;0;7;7
L2L;4194304;103;1;7;7
L2L;4194304;104;0;0;0
L2L;4194304;104;1;0;0
L2L;4194304;104;0;1;1
L2L;4194304;104;1;1;1
L2L;4194304;104;0;2;2
L2L;4194304;104;1;2;2
L2L;4194304;104;0;3;3
L2L;4194304;104;1;3;3
L2L;4194304;104;0;4;4
L2L;4194304;104;1;4;4
L2L;4194304;104;0;5;5
L2L;4194304;104;1;5;5
L2L;4194304;104;0;6;6
L2L;4194304;104;1;6;6
L2L;4194304;104;0;7;7
L2L;4194304;104;1;7;7
L2L;4194304;104;0;0;0
L2L;4194304;104;1;0;0
L2L;4194304;104;0;1;1
L2L;4194304;104;1;1;1
L2L;4194304;104;0;2;2
L2L;4194304;104;1;2;2
L2L;4194304;104;0;3;3
L2L;4194304;104;1;3;3
L2L;4194304;104;0;4;4
L2L;4194304;104;1;4;4
L2L;4194304;104;0;5;5
L2L;4194304;104;1;5;5
L2L;4194304;104;0;6;6
L2L;4194304;104;1;6;6
L2L;4194304;104;0;7;7
L2L;4194304;104;1;7;7
L2L;4194304;104;0;0;0
L2L;4194304;104;1;0;0
L2L;4194304;104;0;1;1
L2L;4194304;104;1;1;1
L2L;4194304;104;0;2;2
L2L;4194304;104;1;2;2
L2L;4194304;104;0;3;3
L2L;4194304;104;1;3;3
L2L;4194304;104;0;4;4
L2L;4194304;104;1;4;4
L2L;4194304;104;0;5;5
L2L;4194304;104;1;5;5
L2L;4194304;104;0;6;6
L2L;4194304;104;1;6;6
L2L;4194304;104;0;7;7
L2L;4194304;104;1;7;7
L2L;4194304;105;0;0;0
L2L;4194304;105;1;0;0
L2L;4194304;105;0;1;1
L2L;4194304;105;1;1;1
L2L;4194304;105;0;2;2
L2L;4194304;105;1;2;2
L2L;4194304;105;0;3;3
L2L;4194304;105;1;3;3
L2L;4194304;105;0;4;4
L2L;4194304;105;1;4;4
L2L;4194304;105;0;5;5
L2L;4194304;105;1;5;5
L2L;4194304;105;0;6;6
L2L;4194304;105;1;6;6
L2L;4194304;105;0;7;7
L2L;4194304;105;1;7;7
L2L;4194304;105;0;0;0
L2L;4194304;105;1;0;0
L2L;4194304;105;0;1;1
L2L;4194304;105;1;1;1
L2L;4194304;105;0;2;2
L2L;4194304;105;1;2;2
L2L;4194304;105;0;3;3
L2L;4194304;105;1;3;3
L2L;4194304;105;0;4;4
L2L;4194304;105;1;4;4
L2L;4194304;105;0;5;5
L2L;4194304;105;1;5;5
L2L;4194304;105;0;6;6
L2L;4194304;105;1;6;6
L2L;4194304;105;0;7;7
L2L;4194304;105;1;7;7
L2L;4194304;106;0;0;0
L2L;4194304;106;1;0;0
L2L;4194304;106;0;1;1
L2L;4194304;106;1;1;1
L2L;4194304;106;0;2;2
L2L;4194304;106;1;2;2
L2L;4194304;106;0;3;3
L2L;4194304;106;1;3;3
L2L;4194304;106;0;4;4
L2L;4194304;106;1;4;4
L2L;4194304;106;0;5;5
L2L;4194304;106;1;5;5
L2L;4194304;106;0;6;6
L2L;4194304;106;1;6;6
L2L;4194304;106;0;7;7
L2L;4194304;106;1;7;7
L2L;4194304;106;0;0;0
L2L;4194304;106;1;0;0
L2L;4194304;106;0;1;1
L2L;4194304;106;1;1;1
L2L;4194304;106;0;2;2
L2L;4194304;106;1;2;2
L2L;4194304;106;0;3;3
L2L;4194304;106;1;3;3
L2L;4194304;106;0;4;4
L2L;4194304;106;1;4;4
L2L;4194304;106;0;5;5
L2L;4194304;106;1;5;5
L2L;4194304;106;0;6;6
L2L;4194304;106;1;6;6
L2L;4194304;106;0;7;7
L2L;4194304;106;1;7;7
L2L;4194304;106;0;0;0
L2L;4194304;106;1;0;0
L2L;4194304;106;0;1;1
L2L;4194304;106;1;1;1
L2L;4194304;106;0;2;2
L2L;4194304;106;1;2;2
L2L;4194304;106;0;3;3
L2L;4194304;106;1;3;3
L2L;4194304;106;0;4;4
L2L;4194304;106;1;4;4
L2L;4194304;106;0;5;5
L2L;4194304;106;1;5;5
L2L;4194304;106;0;6;6
L2L;4194304;106;1;6;6
L2L;4194304;106;0;7;7
L2L;4194304;106;1;7;7
L2L;4194304;107;0;0;0
L2L;4194304;107;1;0;0
L2L;4194304;107;0;1;1
L2L;4194304;107;1;1;1
L2L;4194304;107;0;2;2
L2L;4194304;107;1;2;2
L2L;4194304;107;0;3;3
L2L;4194304;107;1;3;3
L2L;4194304;107;0;4;4
L2L;4194304;107;1;4;4
L2L;4194304;107;0;5;5
L2L;4194304;107;1;5;5
L2L;4194304;107;0;6;6
L2L;4194304;107;1;6;6
L2L;4194304;107;0;7;7
L2L;4194304;107;1;7;7
L2L;4194304;107;0;0;0
L2L;4194304;107;1;0;0
L2L;4194304;107;0;1;1
L2L;4194304;107;1;1;1
L2L;4194304;107;0;2;2
L2L;4194304;107;1;2;2
L2L;4194304;107;0;3;3
L2L;4194304;107;1;3;3
L2L;4194304;107;0;4;4
L2L;4194304;107;1;4;4
L2L;4194304;107;0;5;5
L2L;4194304;107;1;5;5
L2L;4194304;107;0;6;6
L2L;4194304;107;1;6;6
L2L;4194304;107;0;7;7
L2L;4194304;107;1;7;7
L2L;4194304;108;0;0;0
L2L;4194304;108;1;0;0
L2L;4194304;108;0;1;1
L2L;4194304;108;1;1;1
L2L;4194304;108;0;2;2
L2L;4194304;108;1;2;2
L2L;4194304;108;0;3;3
L2L;4194304;108;1;3;3
L2L;4194304;108;0;4;4
L2L;4194304;108;1;4;4
L2L;4194304;108;0;5;5
L2L;4194304;108;1;5;5
L2L;4194304;108;0;6;6
L2L;4194304;108;1;6;6
L2L;4194304;108;0;7;7
L2L;4194304;108;1;7;7
L2L;4194304;109;0;0;0
L2L;4194304;109;1;0;0
L2L;4194304;109;0;1;1
L2L;4194304;109;1;1;1
L2L;4194304;109;0;2;2
L2L;4194304;109;1;2;2
L2L;4194304;109;0;3;3
L2L;4194304;109;1;3;3
L2L;4194304;109;0;4;4
L2L;4194304;109;1;4;4
L2L;4194304;109;0;5;5
L2L;4194304;109;1;5;5
L2L;4194304;109;0;6;6
L2L;4194304;109;1;6;6
L2L;4194304;109;0;7;7
L2L;4194304;109;1;7;7
L2L;4194304;110;0;0;0
L2L;4194304;110;1;0;0
L2L;4194304;110;0;1;1
L2L;4194304;110;1;1;1
L2L;4194304;110;0;2;2
L2L;4194304;110;1;2;2
L2L;4194304;110;0;3;3
L2L;4194304;110;1;3;3
L2L;4194304;110;0;4;4
L2L;4194304;110;1;4;4
L2L;4194304;110;0;5;5
L2L;4194304;110;1;5;5
L2L;4194304;110;0;6;6
L2L;4194304;110;1;6;6
L2L;4194304;110;0;7;7
L2L;4194304;110;1;7;7
L2L;4194304;110;0;0;0
L2L;4194304;110;1;0;0
L2L;4194304;110;0;1;1
L2L;4194304;110;1;1;1
L2L;4194304;110;0;2;2
L2L;4194304;110;1;2;2
L2L;4194304;110;0;3;3
L2L;4194304;110;1;3;3
L2L;4194304;110;0;4;4
L2L;4194304;110;1;4;4
L2L;4194304;110;0;5;5
L2L;4194304;110;1;5;5
L2L;4194304;110;0;6;6
L2L;4194304;110;1;6;6
L2L;4194304;110;0;7;7
L2L;4194304;110;1;7;7
L2L;4194304;110;0;0;0
L2L;4194304;110;1;0;0
L2L;4194304;110;0;1;1
L2L;4194304;110;1;1;1
L2L;4194304;110;0;2;2
L2L;4194304;110;1;2;2
L2L;4194304;110;0;3;3
L2L;4194304;110;1;3;3
L2L;4194304;110;0;4;4
L2L;4194304;110;1;4;4
L2L;4194304;110;0;5;5
L2L;4194304;110;1;5;5
L2L;4194304;110;0;6;6
L2L;4194304;110;1;6;6
L2L;4194304;110;0;7;7
L2L;4194304;110;1;7;7
L2L;4194304;111;0;0;0
L2L;4194304;111;1;0;0
L2L;4194304;111;0;1;1
L2L;4194304;111;1;1;1
L2L;4194304;111;0;2;2
L2L;4194304;111;1;2;2
L2L;4194304;111;0;3;3
L2L;4194304;111;1;3;3
L2L;4194304;111;0;4;4
L2L;4194304;111;1;4;4
L2L;4194304;111;0;5;5
L2L;4194304;111;1;5;5
L2L;4194304;111;0;6;6
L2L;4194304;111;1;6;6
L2L;4194304;111;0;7;7
L2L;4194304;111;1;7;7
L2L;4194304;111;0;0;0
L2L;4194304;111;1;0;0
L2L;4194304;111;0;1;1
L2L;4194304;111;1;1;1
L2L;4194304;111;0;2;2
L2L;4194304;111;1;2;2
L2L;4194304;111;0;3;3
L2L;4194304;111;1;3;3
L2L;4194304;111;0;4;4
L2L;4194304;111;1;4;4
L2L;4194304;111;0;5;5
L2L;4194304;111;1;5;5
L2L;4194304;111;0;6;6
L2L;4194304;111;1;6;6
L2L;4194304;111;0;7;7
L2L;4194304;111;1;7;7
L2L;4194304;112;0;0;0
L2L;4194304;112;1;0;0
L2L;4194304;112;0;1;1
L2L;4194304;112;1;1;1
L2L;4194304;112;0;2;2
L2L;4194304;112;1;2;2
L2L;4194304;112;0;3;3
L2L;4194304;112;1;3;3
L2L;4194304;112;0;4;4
L2L;4194304;112;1;4;4
L2L;4194304;112;0;5;5
L2L;4194304;112;1;5;5
L2L;4194304;112;0;6;6
L2L;4194304;112;1;6;6
L2L;4194304;112;0;7;7
L2L;4194304;112;1;7;7
L2L;4194304;113;0;0;0
L2L;4194304;113;1;0;0
L2L;4194304;113;0;1;1
L2L;4194304;113;1;1;1
L2L;4194304;113;0;2;2
L2L;4194304;113;1;2;2
L2L;4194304;113;0;3;3
L2L;4194304;113;1;3;3
L2L;4194304;113;0;4;4
L2L;4194304;113;1;4;4
L2L;4194304;113;0;5;5
L2L;4194304;113;1;5;5
L2L;4194304;113;0;6;6
L2L;4194304;113;1;6;6
L2L;4194304;113;0;7;7
L2L;4194304;113;1;7;7
L2L;4194304;114;0;0;0
L2L;4194304;114;1;0;0
L2L;4194304;114;0;1;1
L2L;4194304;114;1;1;1
L2L;4194304;114;0;2;2
L2L;4194304;114;1;2;2
L2L;4194304;114;0;3;3
L2L;4194304;114;1;3;3
L2L;4194304;114;0;4;4
L2L;4194304;114;1;4;4
L2L;4194304;114;0;5;5
L2L;4194304;114;1;5;5
L2L;4194304;114;0;6;6
L2L;4194304;114;1;6;6
L2L;4194304;114;0;7;7
L2L;4194304;114;1;7;7
L2L;4194304;114;0;0;0
L2L;4194304;114;1;0;0
L2L;4194304;114;0;1;1
L2L;4194304;114;1;1;1
L2L;4194304;114;0;2;2
L2L;4194304;114;1;2;2
L2L;4194304;114;0;3;3
L2L;4194304;114;1;3;3
L2L;4194304;114;0;4;4
L2L;4194304;114;1;4;4
L2L;4194304;114;0;5;5
L2L;4194304;114;1;5;5
L2L;4194304;114;0;6;6
L2L;4194304;114;1;6;6
L2L;4194304;114;0;7;7
L2L;4194304;114;1;7;7
L2L;4194304;114;0;0;0
L2L;4194304;114;1;0;0
L2L;4194304;114;0;1;1
L2L;4194304;114;1;1;1
L2L;4194304;114;0;2;2
L2L;4194304;114;1;2;2
L2L;4194304;114;0;3;3
L2L;4194304;114;1;3;3
L2L;4194304;114;0;4;4
L2L;4194304;114;1;4;4
L2L;4194304;114;0;5;5
L2L;4194304;114;1;5;5
L2L;4194304;114;0;6;6
L2L;4194304;114;1;6;6
L2L;4194304;114;0;7;7
L2L;4194304;114;1;7;7
L2L;4194304;115;0;0;0
L2L;4194304;115;1;0;0
L2L;4194304;115;0;1;1
L2L;4194304;115;1;1;1
L2L;4194304;115;0;2;2
L2L;4194304;115;1;2;2
L2L;4194304;115;0;3;3
L2L;4194304;115;1;3;3
L2L;4194304;115;0;4;4
L2L;4194304;115;1;4;4
L2L;4194304;115;0;5;5
L2L;4194304;115;1;5;5
L2L;4194304;115;0;6;6
L2L;4194304;115;1;6;6
L2L;4194304;115;0;7;7
L2L;4194304;115;1;7;7
L2L;4194304;115;0;0;0
L2L;4194304;115;1;0;0
L2L;4194304;115;0;1;1
L2L;4194304;115;1;1;1
L2L;4194304;115;0;2;2
L2L;4194304;115;1;2;2
L2L;4194304;115;0;3;3
L2L;4194304;115;1;3;3
L2L;4194304;115;0;4;4
L2L;4194304;115;1;4;4
L2L;4194304;115;0;5;5
L2L;4194304;115;1;5;5
L2L;4194304;115;0;6;6
L2L;4194304;115;1;6;6
L2L;4194304;115;0;7;7
L2L;4194304;115;1;7;7
L2L;4194304;116;0;0;0
L2L;4194304;116;1;0;0
L2L;4194304;116;0;1;1
L2L;4194304;116;1;1;1
L2L;4194304;116;0;2;2
L2L;4194304;116;1;2;2
L2L;4194304;116;0;3;3
L2L;4194304;116;1;3;3
L2L;4194304;116;0;4;4
L2L;4194304;116;1;4;4
L2L;4194304;116;0;5;5
L2L;4194304;116;1;5;5
L2L;4194304;116;0;6;6
L2L;4194304;116;1;6;6
L2L;4194304;116;0;7;7
L2L;4194304;116;1;7;7
L2L;4194304;116;0;0;0
L2L;4194304;116;1;0;0
L2L;4194304;116;0;1;1
L2L;4194304;116;1;1;1
L2L;4194304;116;0;2;2
L2L;4194304;116;1;2;2
L2L;4194304;116;0;3;3
L2L;4194304;116;1;3;3
L2L;4194304;116;0;4;4
L2L;4194304;116;1;4;4
L2L;4194304;116;0;5;5
L2L;4194304;116;1;5;5
L2L;4194304;116;0;6;6
L2L;4194304;116;1;6;6
L2L;4194304;116;0;7;7
L2L;4194304;116;1;7;7
L2L;4194304;116;0;0;0
L2L;4194304;116;1;0;0
L2L;4194304;116;0;1;1
L2L;4194304;116;1;1;1
L2L;4194304;116;0;2;2
L2L;4194304;116;1;2;2
L2L;4194304;116;0;3;3
L2L;4194304;116;1;3;3
L2L;4194304;116;0;4;4
L2L;4194304;116;1;4;4
L2L;4194304;116;0;5;5
L2L;4194304;116;1;5;5
L2L;4194304;116;0;6;6
L2L;4194304;116;1;6;6
L2L;4194304;116;0;7;7
L2L;4194304;116;1;7;7
L2L;4194304;117;0;0;0
L2L;4194304;117;1;0;0
L2L;4194304;117;0;1;1
L2L;4194304;117;1;1;1
L2L;4194304;117;0;2;2
L2L;4194304;117;1;2;2
L2L;4194304;117;0;3;3
L2L;4194304;117;1;3;3
L2L;4194304;117;0;4;4
L2L;4194304;117;1;4;4
L2L;4194304;117;0;5;5
L2L;4194304;117;1;5;5
L2L;4194304;117;0;6;6
L2L;4194304;117;1;6;6
L2L;4194304;117;0;7;7
L2L;4194304;117;1;7;7
L2L;4194304;117;0;0;0
L2L;4194304;117;1;0;0
L2L;4194304;117;0;1;1
L2L;4194304;117;1;1;1
L2L;4194304;117;0;2;2
L2L;4194304;117;1;2;2
L2L;4194304;117;0;3;3
L2L;4194304;117;1;3;3
L2L;4194304;117;0;4;4
L2L;4194304;117;1;4;4
L2L;4194304;117;0;5;5
L2L;4194304;117;1;5;5
L2L;4194304;117;0;6;6
L2L;4194304;117;1;6;6
L2L;4194304;117;0;7;7
L2L;4194304;117;1;7;7
L2L;4194304;118;0;0;0
L2L;4194304;118;1;0;0
L2L;4194304;118;0;1;1
L2L;4194304;118;1;1;1
L2L;4194304;118;0;2;2
L2L;4194304;118;1;2;2
L2L;4194304;118;0;3;3
L2L;4194304;118;1;3;3
L2L;4194304;118;0;4;4
L2L;4194304;118;1;4;4
L2L;4194304;118;0;5;5
L2L;4194304;118;1;5;5
L2L;4194304;118;0;6;6
L2L;4194304;118;1;6;6
L2L;4194304;118;0;7;7
L2L;4194304;118;1;7;7
L2L;4194304;119;0;0;0
L2L;4194304;119;1;0;0
L2L;4194304;119;0;1;1
L2L;4194304;119;1;1;1
L2L;4194304;119;0;2;2
L2L;4194304;119;1;2;2
L2L;4194304;119;0;3;3
L2L;4194304;119;1;3;3
L2L;4194304;119;0;4;4
L2L;4194304;119;1;4;4
L2L;4194304;119;0;5;5
L2L;4194304;119;1;5;5
L2L;4194304;119;0;6;6
L2L;4194304;119;1;6;6
L2L;4194304;119;0;7;7
L2L;4194304;119;1;7;7
L2L;4194304;120;0;0;0
L2L;4194304;120;1;0;0
L2L;4194304;120;0;1;1
L2L;4194304;120;1;1;1
L2L;4194304;120;0;2;2
L2L;4194304;120;1;2;2
L2L;4194304;120;0;3;3
L2L;4194304;120;1;3;3
L2L;4194304;120;0;4;4
L2L;4194304;120;1;4;4
L2L;4194304;120;0;5;5
L2L;4194304;120;1;5;5
L2L;4194304;120;0;6;6
L2L;4194304;120;1;6;6
L2L;4194304;120;0;7;7
L2L;4194304;120;1;7;7
