AR;256000000;0
AR;256000000;1
AR;256000000;2
AR;256000000;3
AR;256000000;4
AR;256000000;5
AR;256000000;6
AR;256000000;7
AR;256000000;8
AR;256000000;9
AR;256000000;10
AR;256000000;11
AR;256000000;12
AR;256000000;13
AR;256000000;14
AR;256000000;15
AR;256000000;0
AR;256000000;1
AR;256000000;2
AR;256000000;3
AR;256000000;4
AR;256000000;5
AR;256000000;6
AR;256000000;7
AR;256000000;8
AR;256000000;9
AR;256000000;10
AR;256000000;11
AR;256000000;12
AR;256000000;13
AR;256000000;14
AR;256000000;15
AR;256000000;0
AR;256000000;1
AR;256000000;2
AR;256000000;3
AR;256000000;4
AR;256000000;5
AR;256000000;6
AR;256000000;7
AR;256000000;8
AR;256000000;9
AR;256000000;10
AR;256000000;11
AR;256000000;12
AR;256000000;13
AR;256000000;14
AR;256000000;15
AR;256000000;0
AR;256000000;1
AR;256000000;2
AR;256000000;3
AR;256000000;4
AR;256000000;5
AR;256000000;6
AR;256000000;7
AR;256000000;8
AR;256000000;9
AR;256000000;10
AR;256000000;11
AR;256000000;12
AR;256000000;13
AR;256000000;14
AR;256000000;15
AR;512000000;0
AR;512000000;1
AR;512000000;2
AR;512000000;3
AR;512000000;4
AR;512000000;5
AR;512000000;6
AR;512000000;7
AR;512000000;8
AR;512000000;9
AR;512000000;10
AR;512000000;11
AR;512000000;12
AR;512000000;13
AR;512000000;14
AR;512000000;15
AR;512000000;0
AR;512000000;1
AR;512000000;2
AR;512000000;3
AR;512000000;4
AR;512000000;5
AR;512000000;6
AR;512000000;7
AR;512000000;8
AR;512000000;9
AR;512000000;10
AR;512000000;11
AR;512000000;12
AR;512000000;13
AR;512000000;14
AR;512000000;15
AR;512000000;0
AR;512000000;1
AR;512000000;2
AR;512000000;3
AR;512000000;4
AR;512000000;5
AR;512000000;6
AR;512000000;7
AR;512000000;8
AR;512000000;9
AR;512000000;10
AR;512000000;11
AR;512000000;12
AR;512000000;13
AR;512000000;14
AR;512000000;15
AR;512000000;0
AR;512000000;1
AR;512000000;2
AR;512000000;3
AR;512000000;4
AR;512000000;5
AR;512000000;6
AR;512000000;7
AR;512000000;8
AR;512000000;9
AR;512000000;10
AR;512000000;11
AR;512000000;12
AR;512000000;13
AR;512000000;14
AR;512000000;15
AR;8192;0,1,2,3,4,5,6,7,8,9,10,11,12,13,14,15
AR;134217728;0,1,2,3,4,5,6,7,8,9,10,11,12,13,14,15
AR;16384;0,1,2,3,4,5,6,7,8,9,10,11,12,13,14,15
AR;67108864;0,1,2,3,4,5,6,7,8,9,10,11,12,13,14,15
AR;16384;0,1,2,3,4,5,6,7,8,9,10,11,12,13,14,15
AR;67108864;0,1,2,3,4,5,6,7,8,9,10,11,12,13,14,15
AR;16384;0,1,2,3,4,5,6,7,8,9,10,11,12,13,14,15
AR;67108864;0,1,2,3,4,5,6,7,8,9,10,11,12,13,14,15
AR;16384;0,1,2,3,4,5,6,7,8,9,10,11,12,13,14,15
AR;67108864;0,1,2,3,4,5,6,7,8,9,10,11,12,13,14,15
AR;16384;0,1,2,3,4,5,6,7,8,9,10,11,12,13,14,15
AR;67108864;0,1,2,3,4,5,6,7,8,9,10,11,12,13,14,15
AR;16384;0,1,2,3,4,5,6,7,8,9,10,11,12,13,14,15
AR;67108864;0,1,2,3,4,5,6,7,8,9,10,11,12,13,14,15
AR;16384;0,1,2,3,4,5,6,7,8,9,10,11,12,13,14,15
AR;16388;0,1,2,3,4,5,6,7,8,9,10,11,12,13,14,15
AR;4;0,1,2,3,4,5,6,7,8,9,10,11,12,13,14,15
L2L;131072;128;0;0;0
L2L;131072;128;1;0;0
L2L;131072;128;0;0;1
L2L;131072;128;1;1;0
L2L;131072;128;0;0;2
L2L;131072;128;1;2;0
L2L;131072;128;0;0;3
L2L;131072;128;1;3;0
L2L;131072;128;0;0;4
L2L;131072;128;1;4;0
L2L;131072;128;0;0;5
L2L;131072;128;1;5;0
L2L;131072;128;0;0;6
L2L;131072;128;1;6;0
L2L;131072;128;0;0;7
L2L;131072;128;1;7;0
L2L;131072;128;0;0;8
L2L;131072;128;1;8;0
L2L;131072;128;0;0;9
L2L;131072;128;1;9;0
L2L;131072;128;0;0;10
L2L;131072;128;1;10;0
L2L;131072;128;0;0;11
L2L;131072;128;1;11;0
L2L;131072;128;0;0;12
L2L;131072;128;1;12;0
L2L;131072;128;0;0;13
L2L;131072;128;1;13;0
L2L;131072;128;0;0;14
L2L;131072;128;1;14;0
L2L;131072;128;0;0;15
L2L;131072;128;1;15;0
L2L;131072;128;0;1;0
L2L;131072;128;1;0;1
L2L;131072;128;0;1;1
L2L;131072;128;1;1;1
L2L;131072;128;0;1;2
L2L;131072;128;1;2;1
L2L;131072;128;0;1;3
L2L;131072;128;1;3;1
L2L;131072;128;0;1;4
L2L;131072;128;1;4;1
L2L;131072;128;0;1;5
L2L;131072;128;1;5;1
L2L;131072;128;0;1;6
L2L;131072;128;1;6;1
L2L;131072;128;0;1;7
L2L;131072;128;1;7;1
L2L;131072;128;0;1;8
L2L;131072;128;1;8;1
L2L;131072;128;0;1;9
L2L;131072;128;1;9;1
L2L;131072;128;0;1;10
L2L;131072;128;1;10;1
L2L;131072;128;0;1;11
L2L;131072;128;1;11;1
L2L;131072;128;0;1;12
L2L;131072;128;1;12;1
L2L;131072;128;0;1;13
L2L;131072;128;1;13;1
L2L;131072;128;0;1;14
L2L;131072;128;1;14;1
L2L;131072;128;0;1;15
L2L;131072;128;1;15;1
L2L;131072;128;0;2;0
L2L;131072;128;1;0;2
L2L;131072;128;0;2;1
L2L;131072;128;1;1;2
L2L;131072;128;0;2;2
L2L;131072;128;1;2;2
L2L;131072;128;0;2;3
L2L;131072;128;1;3;2
L2L;131072;128;0;2;4
L2L;131072;128;1;4;2
L2L;131072;128;0;2;5
L2L;131072;128;1;5;2
L2L;131072;128;0;2;6
L2L;131072;128;1;6;2
L2L;131072;128;0;2;7
L2L;131072;128;1;7;2
L2L;131072;128;0;2;8
L2L;131072;128;1;8;2
L2L;131072;128;0;2;9
L2L;131072;128;1;9;2
L2L;131072;128;0;2;10
L2L;131072;128;1;10;2
L2L;131072;128;0;2;11
L2L;131072;128;1;11;2
L2L;131072;128;0;2;12
L2L;131072;128;1;12;2
L2L;131072;128;0;2;13
L2L;131072;128;1;13;2
L2L;131072;128;0;2;14
L2L;131072;128;1;14;2
L2L;131072;128;0;2;15
L2L;131072;128;1;15;2
L2L;131072;128;0;3;0
L2L;131072;128;1;0;3
L2L;131072;128;0;3;1
L2L;131072;128;1;1;3
L2L;131072;128;0;3;2
L2L;131072;128;1;2;3
L2L;131072;128;0;3;3
L2L;131072;128;1;3;3
L2L;131072;128;0;3;4
L2L;131072;128;1;4;3
L2L;131072;128;0;3;5
L2L;131072;128;1;5;3
L2L;131072;128;0;3;6
L2L;131072;128;1;6;3
L2L;131072;128;0;3;7
L2L;131072;128;1;7;3
L2L;131072;128;0;3;8
L2L;131072;128;1;8;3
L2L;131072;128;0;3;9
L2L;131072;128;1;9;3
L2L;131072;128;0;3;10
L2L;131072;128;1;10;3
L2L;131072;128;0;3;11
L2L;131072;128;1;11;3
L2L;131072;128;0;3;12
L2L;131072;128;1;12;3
L2L;131072;128;0;3;13
L2L;131072;128;1;13;3
L2L;131072;128;0;3;14
L2L;131072;128;1;14;3
L2L;131072;128;0;3;15
L2L;131072;128;1;15;3
L2L;131072;128;0;4;0
L2L;131072;128;1;0;4
L2L;131072;128;0;4;1
L2L;131072;128;1;1;4
L2L;131072;128;0;4;2
L2L;131072;128;1;2;4
L2L;131072;128;0;4;3
L2L;131072;128;1;3;4
L2L;131072;128;0;4;4
L2L;131072;128;1;4;4
L2L;131072;128;0;4;5
L2L;131072;128;1;5;4
L2L;131072;128;0;4;6
L2L;131072;128;1;6;4
L2L;131072;128;0;4;7
L2L;131072;128;1;7;4
L2L;131072;128;0;4;8
L2L;131072;128;1;8;4
L2L;131072;128;0;4;9
L2L;131072;128;1;9;4
L2L;131072;128;0;4;10
L2L;131072;128;1;10;4
L2L;131072;128;0;4;11
L2L;131072;128;1;11;4
L2L;131072;128;0;4;12
L2L;131072;128;1;12;4
L2L;131072;128;0;4;13
L2L;131072;128;1;13;4
L2L;131072;128;0;4;14
L2L;131072;128;1;14;4
L2L;131072;128;0;4;15
L2L;131072;128;1;15;4
L2L;131072;128;0;5;0
L2L;131072;128;1;0;5
L2L;131072;128;0;5;1
L2L;131072;128;1;1;5
L2L;131072;128;0;5;2
L2L;131072;128;1;2;5
L2L;131072;128;0;5;3
L2L;131072;128;1;3;5
L2L;131072;128;0;5;4
L2L;131072;128;1;4;5
L2L;131072;128;0;5;5
L2L;131072;128;1;5;5
L2L;131072;128;0;5;6
L2L;131072;128;1;6;5
L2L;131072;128;0;5;7
L2L;131072;128;1;7;5
L2L;131072;128;0;5;8
L2L;131072;128;1;8;5
L2L;131072;128;0;5;9
L2L;131072;128;1;9;5
L2L;131072;128;0;5;10
L2L;131072;128;1;10;5
L2L;131072;128;0;5;11
L2L;131072;128;1;11;5
L2L;131072;128;0;5;12
L2L;131072;128;1;12;5
L2L;131072;128;0;5;13
L2L;131072;128;1;13;5
L2L;131072;128;0;5;14
L2L;131072;128;1;14;5
L2L;131072;128;0;5;15
L2L;131072;128;1;15;5
L2L;131072;128;0;6;0
L2L;131072;128;1;0;6
L2L;131072;128;0;6;1
L2L;131072;128;1;1;6
L2L;131072;128;0;6;2
L2L;131072;128;1;2;6
L2L;131072;128;0;6;3
L2L;131072;128;1;3;6
L2L;131072;128;0;6;4
L2L;131072;128;1;4;6
L2L;131072;128;0;6;5
L2L;131072;128;1;5;6
L2L;131072;128;0;6;6
L2L;131072;128;1;6;6
L2L;131072;128;0;6;7
L2L;131072;128;1;7;6
L2L;131072;128;0;6;8
L2L;131072;128;1;8;6
L2L;131072;128;0;6;9
L2L;131072;128;1;9;6
L2L;131072;128;0;6;10
L2L;131072;128;1;10;6
L2L;131072;128;0;6;11
L2L;131072;128;1;11;6
L2L;131072;128;0;6;12
L2L;131072;128;1;12;6
L2L;131072;128;0;6;13
L2L;131072;128;1;13;6
L2L;131072;128;0;6;14
L2L;131072;128;1;14;6
L2L;131072;128;0;6;15
L2L;131072;128;1;15;6
L2L;131072;128;0;7;0
L2L;131072;128;1;0;7
L2L;131072;128;0;7;1
L2L;131072;128;1;1;7
L2L;131072;128;0;7;2
L2L;131072;128;1;2;7
L2L;131072;128;0;7;3
L2L;131072;128;1;3;7
L2L;131072;128;0;7;4
L2L;131072;128;1;4;7
L2L;131072;128;0;7;5
L2L;131072;128;1;5;7
L2L;131072;128;0;7;6
L2L;131072;128;1;6;7
L2L;131072;128;0;7;7
L2L;131072;128;1;7;7
L2L;131072;128;0;7;8
L2L;131072;128;1;8;7
L2L;131072;128;0;7;9
L2L;131072;128;1;9;7
L2L;131072;128;0;7;10
L2L;131072;128;1;10;7
L2L;131072;128;0;7;11
L2L;131072;128;1;11;7
L2L;131072;128;0;7;12
L2L;131072;128;1;12;7
L2L;131072;128;0;7;13
L2L;131072;128;1;13;7
L2L;131072;128;0;7;14
L2L;131072;128;1;14;7
L2L;131072;128;0;7;15
L2L;131072;128;1;15;7
L2L;131072;128;0;8;0
L2L;131072;128;1;0;8
L2L;131072;128;0;8;1
L2L;131072;128;1;1;8
L2L;131072;128;0;8;2
L2L;131072;128;1;2;8
L2L;131072;128;0;8;3
L2L;131072;128;1;3;8
L2L;131072;128;0;8;4
L2L;131072;128;1;4;8
L2L;131072;128;0;8;5
L2L;131072;128;1;5;8
L2L;131072;128;0;8;6
L2L;131072;128;1;6;8
L2L;131072;128;0;8;7
L2L;131072;128;1;7;8
L2L;131072;128;0;8;8
L2L;131072;128;1;8;8
L2L;131072;128;0;8;9
L2L;131072;128;1;9;8
L2L;131072;128;0;8;10
L2L;131072;128;1;10;8
L2L;131072;128;0;8;11
L2L;131072;128;1;11;8
L2L;131072;128;0;8;12
L2L;131072;128;1;12;8
L2L;131072;128;0;8;13
L2L;131072;128;1;13;8
L2L;131072;128;0;8;14
L2L;131072;128;1;14;8
L2L;131072;128;0;8;15
L2L;131072;128;1;15;8
L2L;131072;128;0;9;0
L2L;131072;128;1;0;9
L2L;131072;128;0;9;1
L2L;131072;128;1;1;9
L2L;131072;128;0;9;2
L2L;131072;128;1;2;9
L2L;131072;128;0;9;3
L2L;131072;128;1;3;9
L2L;131072;128;0;9;4
L2L;131072;128;1;4;9
L2L;131072;128;0;9;5
L2L;131072;128;1;5;9
L2L;131072;128;0;9;6
L2L;131072;128;1;6;9
L2L;131072;128;0;9;7
L2L;131072;128;1;7;9
L2L;131072;128;0;9;8
L2L;131072;128;1;8;9
L2L;131072;128;0;9;9
L2L;131072;128;1;9;9
L2L;131072;128;0;9;10
L2L;131072;128;1;10;9
L2L;131072;128;0;9;11
L2L;131072;128;1;11;9
L2L;131072;128;0;9;12
L2L;131072;128;1;12;9
L2L;131072;128;0;9;13
L2L;131072;128;1;13;9
L2L;131072;128;0;9;14
L2L;131072;128;1;14;9
L2L;131072;128;0;9;15
L2L;131072;128;1;15;9
L2L;131072;128;0;10;0
L2L;131072;128;1;0;10
L2L;131072;128;0;10;1
L2L;131072;128;1;1;10
L2L;131072;128;0;10;2
L2L;131072;128;1;2;10
L2L;131072;128;0;10;3
L2L;131072;128;1;3;10
L2L;131072;128;0;10;4
L2L;131072;128;1;4;10
L2L;131072;128;0;10;5
L2L;131072;128;1;5;10
L2L;131072;128;0;10;6
L2L;131072;128;1;6;10
L2L;131072;128;0;10;7
L2L;131072;128;1;7;10
L2L;131072;128;0;10;8
L2L;131072;128;1;8;10
L2L;131072;128;0;10;9
L2L;131072;128;1;9;10
L2L;131072;128;0;10;10
L2L;131072;128;1;10;10
L2L;131072;128;0;10;11
L2L;131072;128;1;11;10
L2L;131072;128;0;10;12
L2L;131072;128;1;12;10
L2L;131072;128;0;10;13
L2L;131072;128;1;13;10
L2L;131072;128;0;10;14
L2L;131072;128;1;14;10
L2L;131072;128;0;10;15
L2L;131072;128;1;15;10
L2L;131072;128;0;11;0
L2L;131072;128;1;0;11
L2L;131072;128;0;11;1
L2L;131072;128;1;1;11
L2L;131072;128;0;11;2
L2L;131072;128;1;2;11
L2L;131072;128;0;11;3
L2L;131072;128;1;3;11
L2L;131072;128;0;11;4
L2L;131072;128;1;4;11
L2L;131072;128;0;11;5
L2L;131072;128;1;5;11
L2L;131072;128;0;11;6
L2L;131072;128;1;6;11
L2L;131072;128;0;11;7
L2L;131072;128;1;7;11
L2L;131072;128;0;11;8
L2L;131072;128;1;8;11
L2L;131072;128;0;11;9
L2L;131072;128;1;9;11
L2L;131072;128;0;11;10
L2L;131072;128;1;10;11
L2L;131072;128;0;11;11
L2L;131072;128;1;11;11
L2L;131072;128;0;11;12
L2L;131072;128;1;12;11
L2L;131072;128;0;11;13
L2L;131072;128;1;13;11
L2L;131072;128;0;11;14
L2L;131072;128;1;14;11
L2L;131072;128;0;11;15
L2L;131072;128;1;15;11
L2L;131072;128;0;12;0
L2L;131072;128;1;0;12
L2L;131072;128;0;12;1
L2L;131072;128;1;1;12
L2L;131072;128;0;12;2
L2L;131072;128;1;2;12
L2L;131072;128;0;12;3
L2L;131072;128;1;3;12
L2L;131072;128;0;12;4
L2L;131072;128;1;4;12
L2L;131072;128;0;12;5
L2L;131072;128;1;5;12
L2L;131072;128;0;12;6
L2L;131072;128;1;6;12
L2L;131072;128;0;12;7
L2L;131072;128;1;7;12
L2L;131072;128;0;12;8
L2L;131072;128;1;8;12
L2L;131072;128;0;12;9
L2L;131072;128;1;9;12
L2L;131072;128;0;12;10
L2L;131072;128;1;10;12
L2L;131072;128;0;12;11
L2L;131072;128;1;11;12
L2L;131072;128;0;12;12
L2L;131072;128;1;12;12
L2L;131072;128;0;12;13
L2L;131072;128;1;13;12
L2L;131072;128;0;12;14
L2L;131072;128;1;14;12
L2L;131072;128;0;12;15
L2L;131072;128;1;15;12
L2L;131072;128;0;13;0
L2L;131072;128;1;0;13
L2L;131072;128;0;13;1
L2L;131072;128;1;1;13
L2L;131072;128;0;13;2
L2L;131072;128;1;2;13
L2L;131072;128;0;13;3
L2L;131072;128;1;3;13
L2L;131072;128;0;13;4
L2L;131072;128;1;4;13
L2L;131072;128;0;13;5
L2L;131072;128;1;5;13
L2L;131072;128;0;13;6
L2L;131072;128;1;6;13
L2L;131072;128;0;13;7
L2L;131072;128;1;7;13
L2L;131072;128;0;13;8
L2L;131072;128;1;8;13
L2L;131072;128;0;13;9
L2L;131072;128;1;9;13
L2L;131072;128;0;13;10
L2L;131072;128;1;10;13
L2L;131072;128;0;13;11
L2L;131072;128;1;11;13
L2L;131072;128;0;13;12
L2L;131072;128;1;12;13
L2L;131072;128;0;13;13
L2L;131072;128;1;13;13
L2L;131072;128;0;13;14
L2L;131072;128;1;14;13
L2L;131072;128;0;13;15
L2L;131072;128;1;15;13
L2L;131072;128;0;14;0
L2L;131072;128;1;0;14
L2L;131072;128;0;14;1
L2L;131072;128;1;1;14
L2L;131072;128;0;14;2
L2L;131072;128;1;2;14
L2L;131072;128;0;14;3
L2L;131072;128;1;3;14
L2L;131072;128;0;14;4
L2L;131072;128;1;4;14
L2L;131072;128;0;14;5
L2L;131072;128;1;5;14
L2L;131072;128;0;14;6
L2L;131072;128;1;6;14
L2L;131072;128;0;14;7
L2L;131072;128;1;7;14
L2L;131072;128;0;14;8
L2L;131072;128;1;8;14
L2L;131072;128;0;14;9
L2L;131072;128;1;9;14
L2L;131072;128;0;14;10
L2L;131072;128;1;10;14
L2L;131072;128;0;14;11
L2L;131072;128;1;11;14
L2L;131072;128;0;14;12
L2L;131072;128;1;12;14
L2L;131072;128;0;14;13
L2L;131072;128;1;13;14
L2L;131072;128;0;14;14
L2L;131072;128;1;14;14
L2L;131072;128;0;14;15
L2L;131072;128;1;15;14
L2L;131072;128;0;15;0
L2L;131072;128;1;0;15
L2L;131072;128;0;15;1
L2L;131072;128;1;1;15
L2L;131072;128;0;15;2
L2L;131072;128;1;2;15
L2L;131072;128;0;15;3
L2L;131072;128;1;3;15
L2L;131072;128;0;15;4
L2L;131072;128;1;4;15
L2L;131072;128;0;15;5
L2L;131072;128;1;5;15
L2L;131072;128;0;15;6
L2L;131072;128;1;6;15
L2L;131072;128;0;15;7
L2L;131072;128;1;7;15
L2L;131072;128;0;15;8
L2L;131072;128;1;8;15
L2L;131072;128;0;15;9
L2L;131072;128;1;9;15
L2L;131072;128;0;15;10
L2L;131072;128;1;10;15
L2L;131072;128;0;15;11
L2L;131072;128;1;11;15
L2L;131072;128;0;15;12
L2L;131072;128;1;12;15
L2L;131072;128;0;15;13
L2L;131072;128;1;13;15
L2L;131072;128;0;15;14
L2L;131072;128;1;14;15
L2L;131072;128;0;15;15
L2L;131072;128;1;15;15
L2L;131072;128;0;0;0
L2L;131072;128;1;0;0
L2L;131072;128;0;0;1
L2L;131072;128;1;1;0
L2L;131072;128;0;0;2
L2L;131072;128;1;2;0
L2L;131072;128;0;0;3
L2L;131072;128;1;3;0
L2L;131072;128;0;0;4
L2L;131072;128;1;4;0
L2L;131072;128;0;0;5
L2L;131072;128;1;5;0
L2L;131072;128;0;0;6
L2L;131072;128;1;6;0
L2L;131072;128;0;0;7
L2L;131072;128;1;7;0
L2L;131072;128;0;0;8
L2L;131072;128;1;8;0
L2L;131072;128;0;0;9
L2L;131072;128;1;9;0
L2L;131072;128;0;0;10
L2L;131072;128;1;10;0
L2L;131072;128;0;0;11
L2L;131072;128;1;11;0
L2L;131072;128;0;0;12
L2L;131072;128;1;12;0
L2L;131072;128;0;0;13
L2L;131072;128;1;13;0
L2L;131072;128;0;0;14
L2L;131072;128;1;14;0
L2L;131072;128;0;0;15
L2L;131072;128;1;15;0
L2L;131072;128;0;1;0
L2L;131072;128;1;0;1
L2L;131072;128;0;1;1
L2L;131072;128;1;1;1
L2L;131072;128;0;1;2
L2L;131072;128;1;2;1
L2L;131072;128;0;1;3
L2L;131072;128;1;3;1
L2L;131072;128;0;1;4
L2L;131072;128;1;4;1
L2L;131072;128;0;1;5
L2L;131072;128;1;5;1
L2L;131072;128;0;1;6
L2L;131072;128;1;6;1
L2L;131072;128;0;1;7
L2L;131072;128;1;7;1
L2L;131072;128;0;1;8
L2L;131072;128;1;8;1
L2L;131072;128;0;1;9
L2L;131072;128;1;9;1
L2L;131072;128;0;1;10
L2L;131072;128;1;10;1
L2L;131072;128;0;1;11
L2L;131072;128;1;11;1
L2L;131072;128;0;1;12
L2L;131072;128;1;12;1
L2L;131072;128;0;1;13
L2L;131072;128;1;13;1
L2L;131072;128;0;1;14
L2L;131072;128;1;14;1
L2L;131072;128;0;1;15
L2L;131072;128;1;15;1
L2L;131072;128;0;2;0
L2L;131072;128;1;0;2
L2L;131072;128;0;2;1
L2L;131072;128;1;1;2
L2L;131072;128;0;2;2
L2L;131072;128;1;2;2
L2L;131072;128;0;2;3
L2L;131072;128;1;3;2
L2L;131072;128;0;2;4
L2L;131072;128;1;4;2
L2L;131072;128;0;2;5
L2L;131072;128;1;5;2
L2L;131072;128;0;2;6
L2L;131072;128;1;6;2
L2L;131072;128;0;2;7
L2L;131072;128;1;7;2
L2L;131072;128;0;2;8
L2L;131072;128;1;8;2
L2L;131072;128;0;2;9
L2L;131072;128;1;9;2
L2L;131072;128;0;2;10
L2L;131072;128;1;10;2
L2L;131072;128;0;2;11
L2L;131072;128;1;11;2
L2L;131072;128;0;2;12
L2L;131072;128;1;12;2
L2L;131072;128;0;2;13
L2L;131072;128;1;13;2
L2L;131072;128;0;2;14
L2L;131072;128;1;14;2
L2L;131072;128;0;2;15
L2L;131072;128;1;15;2
L2L;131072;128;0;3;0
L2L;131072;128;1;0;3
L2L;131072;128;0;3;1
L2L;131072;128;1;1;3
L2L;131072;128;0;3;2
L2L;131072;128;1;2;3
L2L;131072;128;0;3;3
L2L;131072;128;1;3;3
L2L;131072;128;0;3;4
L2L;131072;128;1;4;3
L2L;131072;128;0;3;5
L2L;131072;128;1;5;3
L2L;131072;128;0;3;6
L2L;131072;128;1;6;3
L2L;131072;128;0;3;7
L2L;131072;128;1;7;3
L2L;131072;128;0;3;8
L2L;131072;128;1;8;3
L2L;131072;128;0;3;9
L2L;131072;128;1;9;3
L2L;131072;128;0;3;10
L2L;131072;128;1;10;3
L2L;131072;128;0;3;11
L2L;131072;128;1;11;3
L2L;131072;128;0;3;12
L2L;131072;128;1;12;3
L2L;131072;128;0;3;13
L2L;131072;128;1;13;3
L2L;131072;128;0;3;14
L2L;131072;128;1;14;3
L2L;131072;128;0;3;15
L2L;131072;128;1;15;3
L2L;131072;128;0;4;0
L2L;131072;128;1;0;4
L2L;131072;128;0;4;1
L2L;131072;128;1;1;4
L2L;131072;128;0;4;2
L2L;131072;128;1;2;4
L2L;131072;128;0;4;3
L2L;131072;128;1;3;4
L2L;131072;128;0;4;4
L2L;131072;128;1;4;4
L2L;131072;128;0;4;5
L2L;131072;128;1;5;4
L2L;131072;128;0;4;6
L2L;131072;128;1;6;4
L2L;131072;128;0;4;7
L2L;131072;128;1;7;4
L2L;131072;128;0;4;8
L2L;131072;128;1;8;4
L2L;131072;128;0;4;9
L2L;131072;128;1;9;4
L2L;131072;128;0;4;10
L2L;131072;128;1;10;4
L2L;131072;128;0;4;11
L2L;131072;128;1;11;4
L2L;131072;128;0;4;12
L2L;131072;128;1;12;4
L2L;131072;128;0;4;13
L2L;131072;128;1;13;4
L2L;131072;128;0;4;14
L2L;131072;128;1;14;4
L2L;131072;128;0;4;15
L2L;131072;128;1;15;4
L2L;131072;128;0;5;0
L2L;131072;128;1;0;5
L2L;131072;128;0;5;1
L2L;131072;128;1;1;5
L2L;131072;128;0;5;2
L2L;131072;128;1;2;5
L2L;131072;128;0;5;3
L2L;131072;128;1;3;5
L2L;131072;128;0;5;4
L2L;131072;128;1;4;5
L2L;131072;128;0;5;5
L2L;131072;128;1;5;5
L2L;131072;128;0;5;6
L2L;131072;128;1;6;5
L2L;131072;128;0;5;7
L2L;131072;128;1;7;5
L2L;131072;128;0;5;8
L2L;131072;128;1;8;5
L2L;131072;128;0;5;9
L2L;131072;128;1;9;5
L2L;131072;128;0;5;10
L2L;131072;128;1;10;5
L2L;131072;128;0;5;11
L2L;131072;128;1;11;5
L2L;131072;128;0;5;12
L2L;131072;128;1;12;5
L2L;131072;128;0;5;13
L2L;131072;128;1;13;5
L2L;131072;128;0;5;14
L2L;131072;128;1;14;5
L2L;131072;128;0;5;15
L2L;131072;128;1;15;5
L2L;131072;128;0;6;0
L2L;131072;128;1;0;6
L2L;131072;128;0;6;1
L2L;131072;128;1;1;6
L2L;131072;128;0;6;2
L2L;131072;128;1;2;6
L2L;131072;128;0;6;3
L2L;131072;128;1;3;6
L2L;131072;128;0;6;4
L2L;131072;128;1;4;6
L2L;131072;128;0;6;5
L2L;131072;128;1;5;6
L2L;131072;128;0;6;6
L2L;131072;128;1;6;6
L2L;131072;128;0;6;7
L2L;131072;128;1;7;6
L2L;131072;128;0;6;8
L2L;131072;128;1;8;6
L2L;131072;128;0;6;9
L2L;131072;128;1;9;6
L2L;131072;128;0;6;10
L2L;131072;128;1;10;6
L2L;131072;128;0;6;11
L2L;131072;128;1;11;6
L2L;131072;128;0;6;12
L2L;131072;128;1;12;6
L2L;131072;128;0;6;13
L2L;131072;128;1;13;6
L2L;131072;128;0;6;14
L2L;131072;128;1;14;6
L2L;131072;128;0;6;15
L2L;131072;128;1;15;6
L2L;131072;128;0;7;0
L2L;131072;128;1;0;7
L2L;131072;128;0;7;1
L2L;131072;128;1;1;7
L2L;131072;128;0;7;2
L2L;131072;128;1;2;7
L2L;131072;128;0;7;3
L2L;131072;128;1;3;7
L2L;131072;128;0;7;4
L2L;131072;128;1;4;7
L2L;131072;128;0;7;5
L2L;131072;128;1;5;7
L2L;131072;128;0;7;6
L2L;131072;128;1;6;7
L2L;131072;128;0;7;7
L2L;131072;128;1;7;7
L2L;131072;128;0;7;8
L2L;131072;128;1;8;7
L2L;131072;128;0;7;9
L2L;131072;128;1;9;7
L2L;131072;128;0;7;10
L2L;131072;128;1;10;7
L2L;131072;128;0;7;11
L2L;131072;128;1;11;7
L2L;131072;128;0;7;12
L2L;131072;128;1;12;7
L2L;131072;128;0;7;13
L2L;131072;128;1;13;7
L2L;131072;128;0;7;14
L2L;131072;128;1;14;7
L2L;131072;128;0;7;15
L2L;131072;128;1;15;7
L2L;131072;128;0;8;0
L2L;131072;128;1;0;8
L2L;131072;128;0;8;1
L2L;131072;128;1;1;8
L2L;131072;128;0;8;2
L2L;131072;128;1;2;8
L2L;131072;128;0;8;3
L2L;131072;128;1;3;8
L2L;131072;128;0;8;4
L2L;131072;128;1;4;8
L2L;131072;128;0;8;5
L2L;131072;128;1;5;8
L2L;131072;128;0;8;6
L2L;131072;128;1;6;8
L2L;131072;128;0;8;7
L2L;131072;128;1;7;8
L2L;131072;128;0;8;8
L2L;131072;128;1;8;8
L2L;131072;128;0;8;9
L2L;131072;128;1;9;8
L2L;131072;128;0;8;10
L2L;131072;128;1;10;8
L2L;131072;128;0;8;11
L2L;131072;128;1;11;8
L2L;131072;128;0;8;12
L2L;131072;128;1;12;8
L2L;131072;128;0;8;13
L2L;131072;128;1;13;8
L2L;131072;128;0;8;14
L2L;131072;128;1;14;8
L2L;131072;128;0;8;15
L2L;131072;128;1;15;8
L2L;131072;128;0;9;0
L2L;131072;128;1;0;9
L2L;131072;128;0;9;1
L2L;131072;128;1;1;9
L2L;131072;128;0;9;2
L2L;131072;128;1;2;9
L2L;131072;128;0;9;3
L2L;131072;128;1;3;9
L2L;131072;128;0;9;4
L2L;131072;128;1;4;9
L2L;131072;128;0;9;5
L2L;131072;128;1;5;9
L2L;131072;128;0;9;6
L2L;131072;128;1;6;9
L2L;131072;128;0;9;7
L2L;131072;128;1;7;9
L2L;131072;128;0;9;8
L2L;131072;128;1;8;9
L2L;131072;128;0;9;9
L2L;131072;128;1;9;9
L2L;131072;128;0;9;10
L2L;131072;128;1;10;9
L2L;131072;128;0;9;11
L2L;131072;128;1;11;9
L2L;131072;128;0;9;12
L2L;131072;128;1;12;9
L2L;131072;128;0;9;13
L2L;131072;128;1;13;9
L2L;131072;128;0;9;14
L2L;131072;128;1;14;9
L2L;131072;128;0;9;15
L2L;131072;128;1;15;9
L2L;131072;128;0;10;0
L2L;131072;128;1;0;10
L2L;131072;128;0;10;1
L2L;131072;128;1;1;10
L2L;131072;128;0;10;2
L2L;131072;128;1;2;10
L2L;131072;128;0;10;3
L2L;131072;128;1;3;10
L2L;131072;128;0;10;4
L2L;131072;128;1;4;10
L2L;131072;128;0;10;5
L2L;131072;128;1;5;10
L2L;131072;128;0;10;6
L2L;131072;128;1;6;10
L2L;131072;128;0;10;7
L2L;131072;128;1;7;10
L2L;131072;128;0;10;8
L2L;131072;128;1;8;10
L2L;131072;128;0;10;9
L2L;131072;128;1;9;10
L2L;131072;128;0;10;10
L2L;131072;128;1;10;10
L2L;131072;128;0;10;11
L2L;131072;128;1;11;10
L2L;131072;128;0;10;12
L2L;131072;128;1;12;10
L2L;131072;128;0;10;13
L2L;131072;128;1;13;10
L2L;131072;128;0;10;14
L2L;131072;128;1;14;10
L2L;131072;128;0;10;15
L2L;131072;128;1;15;10
L2L;131072;128;0;11;0
L2L;131072;128;1;0;11
L2L;131072;128;0;11;1
L2L;131072;128;1;1;11
L2L;131072;128;0;11;2
L2L;131072;128;1;2;11
L2L;131072;128;0;11;3
L2L;131072;128;1;3;11
L2L;131072;128;0;11;4
L2L;131072;128;1;4;11
L2L;131072;128;0;11;5
L2L;131072;128;1;5;11
L2L;131072;128;0;11;6
L2L;131072;128;1;6;11
L2L;131072;128;0;11;7
L2L;131072;128;1;7;11
L2L;131072;128;0;11;8
L2L;131072;128;1;8;11
L2L;131072;128;0;11;9
L2L;131072;128;1;9;11
L2L;131072;128;0;11;10
L2L;131072;128;1;10;11
L2L;131072;128;0;11;11
L2L;131072;128;1;11;11
L2L;131072;128;0;11;12
L2L;131072;128;1;12;11
L2L;131072;128;0;11;13
L2L;131072;128;1;13;11
L2L;131072;128;0;11;14
L2L;131072;128;1;14;11
L2L;131072;128;0;11;15
L2L;131072;128;1;15;11
L2L;131072;128;0;12;0
L2L;131072;128;1;0;12
L2L;131072;128;0;12;1
L2L;131072;128;1;1;12
L2L;131072;128;0;12;2
L2L;131072;128;1;2;12
L2L;131072;128;0;12;3
L2L;131072;128;1;3;12
L2L;131072;128;0;12;4
L2L;131072;128;1;4;12
L2L;131072;128;0;12;5
L2L;131072;128;1;5;12
L2L;131072;128;0;12;6
L2L;131072;128;1;6;12
L2L;131072;128;0;12;7
L2L;131072;128;1;7;12
L2L;131072;128;0;12;8
L2L;131072;128;1;8;12
L2L;131072;128;0;12;9
L2L;131072;128;1;9;12
L2L;131072;128;0;12;10
L2L;131072;128;1;10;12
L2L;131072;128;0;12;11
L2L;131072;128;1;11;12
L2L;131072;128;0;12;12
L2L;131072;128;1;12;12
L2L;131072;128;0;12;13
L2L;131072;128;1;13;12
L2L;131072;128;0;12;14
L2L;131072;128;1;14;12
L2L;131072;128;0;12;15
L2L;131072;128;1;15;12
L2L;131072;128;0;13;0
L2L;131072;128;1;0;13
L2L;131072;128;0;13;1
L2L;131072;128;1;1;13
L2L;131072;128;0;13;2
L2L;131072;128;1;2;13
L2L;131072;128;0;13;3
L2L;131072;128;1;3;13
L2L;131072;128;0;13;4
L2L;131072;128;1;4;13
L2L;131072;128;0;13;5
L2L;131072;128;1;5;13
L2L;131072;128;0;13;6
L2L;131072;128;1;6;13
L2L;131072;128;0;13;7
L2L;131072;128;1;7;13
L2L;131072;128;0;13;8
L2L;131072;128;1;8;13
L2L;131072;128;0;13;9
L2L;131072;128;1;9;13
L2L;131072;128;0;13;10
L2L;131072;128;1;10;13
L2L;131072;128;0;13;11
L2L;131072;128;1;11;13
L2L;131072;128;0;13;12
L2L;131072;128;1;12;13
L2L;131072;128;0;13;13
L2L;131072;128;1;13;13
L2L;131072;128;0;13;14
L2L;131072;128;1;14;13
L2L;131072;128;0;13;15
L2L;131072;128;1;15;13
L2L;131072;128;0;14;0
L2L;131072;128;1;0;14
L2L;131072;128;0;14;1
L2L;131072;128;1;1;14
L2L;131072;128;0;14;2
L2L;131072;128;1;2;14
L2L;131072;128;0;14;3
L2L;131072;128;1;3;14
L2L;131072;128;0;14;4
L2L;131072;128;1;4;14
L2L;131072;128;0;14;5
L2L;131072;128;1;5;14
L2L;131072;128;0;14;6
L2L;131072;128;1;6;14
L2L;131072;128;0;14;7
L2L;131072;128;1;7;14
L2L;131072;128;0;14;8
L2L;131072;128;1;8;14
L2L;131072;128;0;14;9
L2L;131072;128;1;9;14
L2L;131072;128;0;14;10
L2L;131072;128;1;10;14
L2L;131072;128;0;14;11
L2L;131072;128;1;11;14
L2L;131072;128;0;14;12
L2L;131072;128;1;12;14
L2L;131072;128;0;14;13
L2L;131072;128;1;13;14
L2L;131072;128;0;14;14
L2L;131072;128;1;14;14
L2L;131072;128;0;14;15
L2L;131072;128;1;15;14
L2L;131072;128;0;15;0
L2L;131072;128;1;0;15
L2L;131072;128;0;15;1
L2L;131072;128;1;1;15
L2L;131072;128;0;15;2
L2L;131072;128;1;2;15
L2L;131072;128;0;15;3
L2L;131072;128;1;3;15
L2L;131072;128;0;15;4
L2L;131072;128;1;4;15
L2L;131072;128;0;15;5
L2L;131072;128;1;5;15
L2L;131072;128;0;15;6
L2L;131072;128;1;6;15
L2L;131072;128;0;15;7
L2L;131072;128;1;7;15
L2L;131072;128;0;15;8
L2L;131072;128;1;8;15
L2L;131072;128;0;15;9
L2L;131072;128;1;9;15
L2L;131072;128;0;15;10
L2L;131072;128;1;10;15
L2L;131072;128;0;15;11
L2L;131072;128;1;11;15
L2L;131072;128;0;15;12
L2L;131072;128;1;12;15
L2L;131072;128;0;15;13
L2L;131072;128;1;13;15
L2L;131072;128;0;15;14
L2L;131072;128;1;14;15
L2L;131072;128;0;15;15
L2L;131072;128;1;15;15
L2L;131072;128;0;0;0
L2L;131072;128;1;0;0
L2L;131072;128;0;0;1
L2L;131072;128;1;1;0
L2L;131072;128;0;0;2
L2L;131072;128;1;2;0
L2L;131072;128;0;0;3
L2L;131072;128;1;3;0
L2L;131072;128;0;0;4
L2L;131072;128;1;4;0
L2L;131072;128;0;0;5
L2L;131072;128;1;5;0
L2L;131072;128;0;0;6
L2L;131072;128;1;6;0
L2L;131072;128;0;0;7
L2L;131072;128;1;7;0
L2L;131072;128;0;0;8
L2L;131072;128;1;8;0
L2L;131072;128;0;0;9
L2L;131072;128;1;9;0
L2L;131072;128;0;0;10
L2L;131072;128;1;10;0
L2L;131072;128;0;0;11
L2L;131072;128;1;11;0
L2L;131072;128;0;0;12
L2L;131072;128;1;12;0
L2L;131072;128;0;0;13
L2L;131072;128;1;13;0
L2L;131072;128;0;0;14
L2L;131072;128;1;14;0
L2L;131072;128;0;0;15
L2L;131072;128;1;15;0
L2L;131072;128;0;1;0
L2L;131072;128;1;0;1
L2L;131072;128;0;1;1
L2L;131072;128;1;1;1
L2L;131072;128;0;1;2
L2L;131072;128;1;2;1
L2L;131072;128;0;1;3
L2L;131072;128;1;3;1
L2L;131072;128;0;1;4
L2L;131072;128;1;4;1
L2L;131072;128;0;1;5
L2L;131072;128;1;5;1
L2L;131072;128;0;1;6
L2L;131072;128;1;6;1
L2L;131072;128;0;1;7
L2L;131072;128;1;7;1
L2L;131072;128;0;1;8
L2L;131072;128;1;8;1
L2L;131072;128;0;1;9
L2L;131072;128;1;9;1
L2L;131072;128;0;1;10
L2L;131072;128;1;10;1
L2L;131072;128;0;1;11
L2L;131072;128;1;11;1
L2L;131072;128;0;1;12
L2L;131072;128;1;12;1
L2L;131072;128;0;1;13
L2L;131072;128;1;13;1
L2L;131072;128;0;1;14
L2L;131072;128;1;14;1
L2L;131072;128;0;1;15
L2L;131072;128;1;15;1
L2L;131072;128;0;2;0
L2L;131072;128;1;0;2
L2L;131072;128;0;2;1
L2L;131072;128;1;1;2
L2L;131072;128;0;2;2
L2L;131072;128;1;2;2
L2L;131072;128;0;2;3
L2L;131072;128;1;3;2
L2L;131072;128;0;2;4
L2L;131072;128;1;4;2
L2L;131072;128;0;2;5
L2L;131072;128;1;5;2
L2L;131072;128;0;2;6
L2L;131072;128;1;6;2
L2L;131072;128;0;2;7
L2L;131072;128;1;7;2
L2L;131072;128;0;2;8
L2L;131072;128;1;8;2
L2L;131072;128;0;2;9
L2L;131072;128;1;9;2
L2L;131072;128;0;2;10
L2L;131072;128;1;10;2
L2L;131072;128;0;2;11
L2L;131072;128;1;11;2
L2L;131072;128;0;2;12
L2L;131072;128;1;12;2
L2L;131072;128;0;2;13
L2L;131072;128;1;13;2
L2L;131072;128;0;2;14
L2L;131072;128;1;14;2
L2L;131072;128;0;2;15
L2L;131072;128;1;15;2
L2L;131072;128;0;3;0
L2L;131072;128;1;0;3
L2L;131072;128;0;3;1
L2L;131072;128;1;1;3
L2L;131072;128;0;3;2
L2L;131072;128;1;2;3
L2L;131072;128;0;3;3
L2L;131072;128;1;3;3
L2L;131072;128;0;3;4
L2L;131072;128;1;4;3
L2L;131072;128;0;3;5
L2L;131072;128;1;5;3
L2L;131072;128;0;3;6
L2L;131072;128;1;6;3
L2L;131072;128;0;3;7
L2L;131072;128;1;7;3
L2L;131072;128;0;3;8
L2L;131072;128;1;8;3
L2L;131072;128;0;3;9
L2L;131072;128;1;9;3
L2L;131072;128;0;3;10
L2L;131072;128;1;10;3
L2L;131072;128;0;3;11
L2L;131072;128;1;11;3
L2L;131072;128;0;3;12
L2L;131072;128;1;12;3
L2L;131072;128;0;3;13
L2L;131072;128;1;13;3
L2L;131072;128;0;3;14
L2L;131072;128;1;14;3
L2L;131072;128;0;3;15
L2L;131072;128;1;15;3
L2L;131072;128;0;4;0
L2L;131072;128;1;0;4
L2L;131072;128;0;4;1
L2L;131072;128;1;1;4
L2L;131072;128;0;4;2
L2L;131072;128;1;2;4
L2L;131072;128;0;4;3
L2L;131072;128;1;3;4
L2L;131072;128;0;4;4
L2L;131072;128;1;4;4
L2L;131072;128;0;4;5
L2L;131072;128;1;5;4
L2L;131072;128;0;4;6
L2L;131072;128;1;6;4
L2L;131072;128;0;4;7
L2L;131072;128;1;7;4
L2L;131072;128;0;4;8
L2L;131072;128;1;8;4
L2L;131072;128;0;4;9
L2L;131072;128;1;9;4
L2L;131072;128;0;4;10
L2L;131072;128;1;10;4
L2L;131072;128;0;4;11
L2L;131072;128;1;11;4
L2L;131072;128;0;4;12
L2L;131072;128;1;12;4
L2L;131072;128;0;4;13
L2L;131072;128;1;13;4
L2L;131072;128;0;4;14
L2L;131072;128;1;14;4
L2L;131072;128;0;4;15
L2L;131072;128;1;15;4
L2L;131072;128;0;5;0
L2L;131072;128;1;0;5
L2L;131072;128;0;5;1
L2L;131072;128;1;1;5
L2L;131072;128;0;5;2
L2L;131072;128;1;2;5
L2L;131072;128;0;5;3
L2L;131072;128;1;3;5
L2L;131072;128;0;5;4
L2L;131072;128;1;4;5
L2L;131072;128;0;5;5
L2L;131072;128;1;5;5
L2L;131072;128;0;5;6
L2L;131072;128;1;6;5
L2L;131072;128;0;5;7
L2L;131072;128;1;7;5
L2L;131072;128;0;5;8
L2L;131072;128;1;8;5
L2L;131072;128;0;5;9
L2L;131072;128;1;9;5
L2L;131072;128;0;5;10
L2L;131072;128;1;10;5
L2L;131072;128;0;5;11
L2L;131072;128;1;11;5
L2L;131072;128;0;5;12
L2L;131072;128;1;12;5
L2L;131072;128;0;5;13
L2L;131072;128;1;13;5
L2L;131072;128;0;5;14
L2L;131072;128;1;14;5
L2L;131072;128;0;5;15
L2L;131072;128;1;15;5
L2L;131072;128;0;6;0
L2L;131072;128;1;0;6
L2L;131072;128;0;6;1
L2L;131072;128;1;1;6
L2L;131072;128;0;6;2
L2L;131072;128;1;2;6
L2L;131072;128;0;6;3
L2L;131072;128;1;3;6
L2L;131072;128;0;6;4
L2L;131072;128;1;4;6
L2L;131072;128;0;6;5
L2L;131072;128;1;5;6
L2L;131072;128;0;6;6
L2L;131072;128;1;6;6
L2L;131072;128;0;6;7
L2L;131072;128;1;7;6
L2L;131072;128;0;6;8
L2L;131072;128;1;8;6
L2L;131072;128;0;6;9
L2L;131072;128;1;9;6
L2L;131072;128;0;6;10
L2L;131072;128;1;10;6
L2L;131072;128;0;6;11
L2L;131072;128;1;11;6
L2L;131072;128;0;6;12
L2L;131072;128;1;12;6
L2L;131072;128;0;6;13
L2L;131072;128;1;13;6
L2L;131072;128;0;6;14
L2L;131072;128;1;14;6
L2L;131072;128;0;6;15
L2L;131072;128;1;15;6
L2L;131072;128;0;7;0
L2L;131072;128;1;0;7
L2L;131072;128;0;7;1
L2L;131072;128;1;1;7
L2L;131072;128;0;7;2
L2L;131072;128;1;2;7
L2L;131072;128;0;7;3
L2L;131072;128;1;3;7
L2L;131072;128;0;7;4
L2L;131072;128;1;4;7
L2L;131072;128;0;7;5
L2L;131072;128;1;5;7
L2L;131072;128;0;7;6
L2L;131072;128;1;6;7
L2L;131072;128;0;7;7
L2L;131072;128;1;7;7
L2L;131072;128;0;7;8
L2L;131072;128;1;8;7
L2L;131072;128;0;7;9
L2L;131072;128;1;9;7
L2L;131072;128;0;7;10
L2L;131072;128;1;10;7
L2L;131072;128;0;7;11
L2L;131072;128;1;11;7
L2L;131072;128;0;7;12
L2L;131072;128;1;12;7
L2L;131072;128;0;7;13
L2L;131072;128;1;13;7
L2L;131072;128;0;7;14
L2L;131072;128;1;14;7
L2L;131072;128;0;7;15
L2L;131072;128;1;15;7
L2L;131072;128;0;8;0
L2L;131072;128;1;0;8
L2L;131072;128;0;8;1
L2L;131072;128;1;1;8
L2L;131072;128;0;8;2
L2L;131072;128;1;2;8
L2L;131072;128;0;8;3
L2L;131072;128;1;3;8
L2L;131072;128;0;8;4
L2L;131072;128;1;4;8
L2L;131072;128;0;8;5
L2L;131072;128;1;5;8
L2L;131072;128;0;8;6
L2L;131072;128;1;6;8
L2L;131072;128;0;8;7
L2L;131072;128;1;7;8
L2L;131072;128;0;8;8
L2L;131072;128;1;8;8
L2L;131072;128;0;8;9
L2L;131072;128;1;9;8
L2L;131072;128;0;8;10
L2L;131072;128;1;10;8
L2L;131072;128;0;8;11
L2L;131072;128;1;11;8
L2L;131072;128;0;8;12
L2L;131072;128;1;12;8
L2L;131072;128;0;8;13
L2L;131072;128;1;13;8
L2L;131072;128;0;8;14
L2L;131072;128;1;14;8
L2L;131072;128;0;8;15
L2L;131072;128;1;15;8
L2L;131072;128;0;9;0
L2L;131072;128;1;0;9
L2L;131072;128;0;9;1
L2L;131072;128;1;1;9
L2L;131072;128;0;9;2
L2L;131072;128;1;2;9
L2L;131072;128;0;9;3
L2L;131072;128;1;3;9
L2L;131072;128;0;9;4
L2L;131072;128;1;4;9
L2L;131072;128;0;9;5
L2L;131072;128;1;5;9
L2L;131072;128;0;9;6
L2L;131072;128;1;6;9
L2L;131072;128;0;9;7
L2L;131072;128;1;7;9
L2L;131072;128;0;9;8
L2L;131072;128;1;8;9
L2L;131072;128;0;9;9
L2L;131072;128;1;9;9
L2L;131072;128;0;9;10
L2L;131072;128;1;10;9
L2L;131072;128;0;9;11
L2L;131072;128;1;11;9
L2L;131072;128;0;9;12
L2L;131072;128;1;12;9
L2L;131072;128;0;9;13
L2L;131072;128;1;13;9
L2L;131072;128;0;9;14
L2L;131072;128;1;14;9
L2L;131072;128;0;9;15
L2L;131072;128;1;15;9
L2L;131072;128;0;10;0
L2L;131072;128;1;0;10
L2L;131072;128;0;10;1
L2L;131072;128;1;1;10
L2L;131072;128;0;10;2
L2L;131072;128;1;2;10
L2L;131072;128;0;10;3
L2L;131072;128;1;3;10
L2L;131072;128;0;10;4
L2L;131072;128;1;4;10
L2L;131072;128;0;10;5
L2L;131072;128;1;5;10
L2L;131072;128;0;10;6
L2L;131072;128;1;6;10
L2L;131072;128;0;10;7
L2L;131072;128;1;7;10
L2L;131072;128;0;10;8
L2L;131072;128;1;8;10
L2L;131072;128;0;10;9
L2L;131072;128;1;9;10
L2L;131072;128;0;10;10
L2L;131072;128;1;10;10
L2L;131072;128;0;10;11
L2L;131072;128;1;11;10
L2L;131072;128;0;10;12
L2L;131072;128;1;12;10
L2L;131072;128;0;10;13
L2L;131072;128;1;13;10
L2L;131072;128;0;10;14
L2L;131072;128;1;14;10
L2L;131072;128;0;10;15
L2L;131072;128;1;15;10
L2L;131072;128;0;11;0
L2L;131072;128;1;0;11
L2L;131072;128;0;11;1
L2L;131072;128;1;1;11
L2L;131072;128;0;11;2
L2L;131072;128;1;2;11
L2L;131072;128;0;11;3
L2L;131072;128;1;3;11
L2L;131072;128;0;11;4
L2L;131072;128;1;4;11
L2L;131072;128;0;11;5
L2L;131072;128;1;5;11
L2L;131072;128;0;11;6
L2L;131072;128;1;6;11
L2L;131072;128;0;11;7
L2L;131072;128;1;7;11
L2L;131072;128;0;11;8
L2L;131072;128;1;8;11
L2L;131072;128;0;11;9
L2L;131072;128;1;9;11
L2L;131072;128;0;11;10
L2L;131072;128;1;10;11
L2L;131072;128;0;11;11
L2L;131072;128;1;11;11
L2L;131072;128;0;11;12
L2L;131072;128;1;12;11
L2L;131072;128;0;11;13
L2L;131072;128;1;13;11
L2L;131072;128;0;11;14
L2L;131072;128;1;14;11
L2L;131072;128;0;11;15
L2L;131072;128;1;15;11
L2L;131072;128;0;12;0
L2L;131072;128;1;0;12
L2L;131072;128;0;12;1
L2L;131072;128;1;1;12
L2L;131072;128;0;12;2
L2L;131072;128;1;2;12
L2L;131072;128;0;12;3
L2L;131072;128;1;3;12
L2L;131072;128;0;12;4
L2L;131072;128;1;4;12
L2L;131072;128;0;12;5
L2L;131072;128;1;5;12
L2L;131072;128;0;12;6
L2L;131072;128;1;6;12
L2L;131072;128;0;12;7
L2L;131072;128;1;7;12
L2L;131072;128;0;12;8
L2L;131072;128;1;8;12
L2L;131072;128;0;12;9
L2L;131072;128;1;9;12
L2L;131072;128;0;12;10
L2L;131072;128;1;10;12
L2L;131072;128;0;12;11
L2L;131072;128;1;11;12
L2L;131072;128;0;12;12
L2L;131072;128;1;12;12
L2L;131072;128;0;12;13
L2L;131072;128;1;13;12
L2L;131072;128;0;12;14
L2L;131072;128;1;14;12
L2L;131072;128;0;12;15
L2L;131072;128;1;15;12
L2L;131072;128;0;13;0
L2L;131072;128;1;0;13
L2L;131072;128;0;13;1
L2L;131072;128;1;1;13
L2L;131072;128;0;13;2
L2L;131072;128;1;2;13
L2L;131072;128;0;13;3
L2L;131072;128;1;3;13
L2L;131072;128;0;13;4
L2L;131072;128;1;4;13
L2L;131072;128;0;13;5
L2L;131072;128;1;5;13
L2L;131072;128;0;13;6
L2L;131072;128;1;6;13
L2L;131072;128;0;13;7
L2L;131072;128;1;7;13
L2L;131072;128;0;13;8
L2L;131072;128;1;8;13
L2L;131072;128;0;13;9
L2L;131072;128;1;9;13
L2L;131072;128;0;13;10
L2L;131072;128;1;10;13
L2L;131072;128;0;13;11
L2L;131072;128;1;11;13
L2L;131072;128;0;13;12
L2L;131072;128;1;12;13
L2L;131072;128;0;13;13
L2L;131072;128;1;13;13
L2L;131072;128;0;13;14
L2L;131072;128;1;14;13
L2L;131072;128;0;13;15
L2L;131072;128;1;15;13
L2L;131072;128;0;14;0
L2L;131072;128;1;0;14
L2L;131072;128;0;14;1
L2L;131072;128;1;1;14
L2L;131072;128;0;14;2
L2L;131072;128;1;2;14
L2L;131072;128;0;14;3
L2L;131072;128;1;3;14
L2L;131072;128;0;14;4
L2L;131072;128;1;4;14
L2L;131072;128;0;14;5
L2L;131072;128;1;5;14
L2L;131072;128;0;14;6
L2L;131072;128;1;6;14
L2L;131072;128;0;14;7
L2L;131072;128;1;7;14
L2L;131072;128;0;14;8
L2L;131072;128;1;8;14
L2L;131072;128;0;14;9
L2L;131072;128;1;9;14
L2L;131072;128;0;14;10
L2L;131072;128;1;10;14
L2L;131072;128;0;14;11
L2L;131072;128;1;11;14
L2L;131072;128;0;14;12
L2L;131072;128;1;12;14
L2L;131072;128;0;14;13
L2L;131072;128;1;13;14
L2L;131072;128;0;14;14
L2L;131072;128;1;14;14
L2L;131072;128;0;14;15
L2L;131072;128;1;15;14
L2L;131072;128;0;15;0
L2L;131072;128;1;0;15
L2L;131072;128;0;15;1
L2L;131072;128;1;1;15
L2L;131072;128;0;15;2
L2L;131072;128;1;2;15
L2L;131072;128;0;15;3
L2L;131072;128;1;3;15
L2L;131072;128;0;15;4
L2L;131072;128;1;4;15
L2L;131072;128;0;15;5
L2L;131072;128;1;5;15
L2L;131072;128;0;15;6
L2L;131072;128;1;6;15
L2L;131072;128;0;15;7
L2L;131072;128;1;7;15
L2L;131072;128;0;15;8
L2L;131072;128;1;8;15
L2L;131072;128;0;15;9
L2L;131072;128;1;9;15
L2L;131072;128;0;15;10
L2L;131072;128;1;10;15
L2L;131072;128;0;15;11
L2L;131072;128;1;11;15
L2L;131072;128;0;15;12
L2L;131072;128;1;12;15
L2L;131072;128;0;15;13
L2L;131072;128;1;13;15
L2L;131072;128;0;15;14
L2L;131072;128;1;14;15
L2L;131072;128;0;15;15
L2L;131072;128;1;15;15
L2L;131072;128;0;0;0
L2L;131072;128;1;0;0
L2L;131072;128;0;0;1
L2L;131072;128;1;1;0
L2L;131072;128;0;0;2
L2L;131072;128;1;2;0
L2L;131072;128;0;0;3
L2L;131072;128;1;3;0
L2L;131072;128;0;0;4
L2L;131072;128;1;4;0
L2L;131072;128;0;0;5
L2L;131072;128;1;5;0
L2L;131072;128;0;0;6
L2L;131072;128;1;6;0
L2L;131072;128;0;0;7
L2L;131072;128;1;7;0
L2L;131072;128;0;0;8
L2L;131072;128;1;8;0
L2L;131072;128;0;0;9
L2L;131072;128;1;9;0
L2L;131072;128;0;0;10
L2L;131072;128;1;10;0
L2L;131072;128;0;0;11
L2L;131072;128;1;11;0
L2L;131072;128;0;0;12
L2L;131072;128;1;12;0
L2L;131072;128;0;0;13
L2L;131072;128;1;13;0
L2L;131072;128;0;0;14
L2L;131072;128;1;14;0
L2L;131072;128;0;0;15
L2L;131072;128;1;15;0
L2L;131072;128;0;1;0
L2L;131072;128;1;0;1
L2L;131072;128;0;1;1
L2L;131072;128;1;1;1
L2L;131072;128;0;1;2
L2L;131072;128;1;2;1
L2L;131072;128;0;1;3
L2L;131072;128;1;3;1
L2L;131072;128;0;1;4
L2L;131072;128;1;4;1
L2L;131072;128;0;1;5
L2L;131072;128;1;5;1
L2L;131072;128;0;1;6
L2L;131072;128;1;6;1
L2L;131072;128;0;1;7
L2L;131072;128;1;7;1
L2L;131072;128;0;1;8
L2L;131072;128;1;8;1
L2L;131072;128;0;1;9
L2L;131072;128;1;9;1
L2L;131072;128;0;1;10
L2L;131072;128;1;10;1
L2L;131072;128;0;1;11
L2L;131072;128;1;11;1
L2L;131072;128;0;1;12
L2L;131072;128;1;12;1
L2L;131072;128;0;1;13
L2L;131072;128;1;13;1
L2L;131072;128;0;1;14
L2L;131072;128;1;14;1
L2L;131072;128;0;1;15
L2L;131072;128;1;15;1
L2L;131072;128;0;2;0
L2L;131072;128;1;0;2
L2L;131072;128;0;2;1
L2L;131072;128;1;1;2
L2L;131072;128;0;2;2
L2L;131072;128;1;2;2
L2L;131072;128;0;2;3
L2L;131072;128;1;3;2
L2L;131072;128;0;2;4
L2L;131072;128;1;4;2
L2L;131072;128;0;2;5
L2L;131072;128;1;5;2
L2L;131072;128;0;2;6
L2L;131072;128;1;6;2
L2L;131072;128;0;2;7
L2L;131072;128;1;7;2
L2L;131072;128;0;2;8
L2L;131072;128;1;8;2
L2L;131072;128;0;2;9
L2L;131072;128;1;9;2
L2L;131072;128;0;2;10
L2L;131072;128;1;10;2
L2L;131072;128;0;2;11
L2L;131072;128;1;11;2
L2L;131072;128;0;2;12
L2L;131072;128;1;12;2
L2L;131072;128;0;2;13
L2L;131072;128;1;13;2
L2L;131072;128;0;2;14
L2L;131072;128;1;14;2
L2L;131072;128;0;2;15
L2L;131072;128;1;15;2
L2L;131072;128;0;3;0
L2L;131072;128;1;0;3
L2L;131072;128;0;3;1
L2L;131072;128;1;1;3
L2L;131072;128;0;3;2
L2L;131072;128;1;2;3
L2L;131072;128;0;3;3
L2L;131072;128;1;3;3
L2L;131072;128;0;3;4
L2L;131072;128;1;4;3
L2L;131072;128;0;3;5
L2L;131072;128;1;5;3
L2L;131072;128;0;3;6
L2L;131072;128;1;6;3
L2L;131072;128;0;3;7
L2L;131072;128;1;7;3
L2L;131072;128;0;3;8
L2L;131072;128;1;8;3
L2L;131072;128;0;3;9
L2L;131072;128;1;9;3
L2L;131072;128;0;3;10
L2L;131072;128;1;10;3
L2L;131072;128;0;3;11
L2L;131072;128;1;11;3
L2L;131072;128;0;3;12
L2L;131072;128;1;12;3
L2L;131072;128;0;3;13
L2L;131072;128;1;13;3
L2L;131072;128;0;3;14
L2L;131072;128;1;14;3
L2L;131072;128;0;3;15
L2L;131072;128;1;15;3
L2L;131072;128;0;4;0
L2L;131072;128;1;0;4
L2L;131072;128;0;4;1
L2L;131072;128;1;1;4
L2L;131072;128;0;4;2
L2L;131072;128;1;2;4
L2L;131072;128;0;4;3
L2L;131072;128;1;3;4
L2L;131072;128;0;4;4
L2L;131072;128;1;4;4
L2L;131072;128;0;4;5
L2L;131072;128;1;5;4
L2L;131072;128;0;4;6
L2L;131072;128;1;6;4
L2L;131072;128;0;4;7
L2L;131072;128;1;7;4
L2L;131072;128;0;4;8
L2L;131072;128;1;8;4
L2L;131072;128;0;4;9
L2L;131072;128;1;9;4
L2L;131072;128;0;4;10
L2L;131072;128;1;10;4
L2L;131072;128;0;4;11
L2L;131072;128;1;11;4
L2L;131072;128;0;4;12
L2L;131072;128;1;12;4
L2L;131072;128;0;4;13
L2L;131072;128;1;13;4
L2L;131072;128;0;4;14
L2L;131072;128;1;14;4
L2L;131072;128;0;4;15
L2L;131072;128;1;15;4
L2L;131072;128;0;5;0
L2L;131072;128;1;0;5
L2L;131072;128;0;5;1
L2L;131072;128;1;1;5
L2L;131072;128;0;5;2
L2L;131072;128;1;2;5
L2L;131072;128;0;5;3
L2L;131072;128;1;3;5
L2L;131072;128;0;5;4
L2L;131072;128;1;4;5
L2L;131072;128;0;5;5
L2L;131072;128;1;5;5
L2L;131072;128;0;5;6
L2L;131072;128;1;6;5
L2L;131072;128;0;5;7
L2L;131072;128;1;7;5
L2L;131072;128;0;5;8
L2L;131072;128;1;8;5
L2L;131072;128;0;5;9
L2L;131072;128;1;9;5
L2L;131072;128;0;5;10
L2L;131072;128;1;10;5
L2L;131072;128;0;5;11
L2L;131072;128;1;11;5
L2L;131072;128;0;5;12
L2L;131072;128;1;12;5
L2L;131072;128;0;5;13
L2L;131072;128;1;13;5
L2L;131072;128;0;5;14
L2L;131072;128;1;14;5
L2L;131072;128;0;5;15
L2L;131072;128;1;15;5
L2L;131072;128;0;6;0
L2L;131072;128;1;0;6
L2L;131072;128;0;6;1
L2L;131072;128;1;1;6
L2L;131072;128;0;6;2
L2L;131072;128;1;2;6
L2L;131072;128;0;6;3
L2L;131072;128;1;3;6
L2L;131072;128;0;6;4
L2L;131072;128;1;4;6
L2L;131072;128;0;6;5
L2L;131072;128;1;5;6
L2L;131072;128;0;6;6
L2L;131072;128;1;6;6
L2L;131072;128;0;6;7
L2L;131072;128;1;7;6
L2L;131072;128;0;6;8
L2L;131072;128;1;8;6
L2L;131072;128;0;6;9
L2L;131072;128;1;9;6
L2L;131072;128;0;6;10
L2L;131072;128;1;10;6
L2L;131072;128;0;6;11
L2L;131072;128;1;11;6
L2L;131072;128;0;6;12
L2L;131072;128;1;12;6
L2L;131072;128;0;6;13
L2L;131072;128;1;13;6
L2L;131072;128;0;6;14
L2L;131072;128;1;14;6
L2L;131072;128;0;6;15
L2L;131072;128;1;15;6
L2L;131072;128;0;7;0
L2L;131072;128;1;0;7
L2L;131072;128;0;7;1
L2L;131072;128;1;1;7
L2L;131072;128;0;7;2
L2L;131072;128;1;2;7
L2L;131072;128;0;7;3
L2L;131072;128;1;3;7
L2L;131072;128;0;7;4
L2L;131072;128;1;4;7
L2L;131072;128;0;7;5
L2L;131072;128;1;5;7
L2L;131072;128;0;7;6
L2L;131072;128;1;6;7
L2L;131072;128;0;7;7
L2L;131072;128;1;7;7
L2L;131072;128;0;7;8
L2L;131072;128;1;8;7
L2L;131072;128;0;7;9
L2L;131072;128;1;9;7
L2L;131072;128;0;7;10
L2L;131072;128;1;10;7
L2L;131072;128;0;7;11
L2L;131072;128;1;11;7
L2L;131072;128;0;7;12
L2L;131072;128;1;12;7
L2L;131072;128;0;7;13
L2L;131072;128;1;13;7
L2L;131072;128;0;7;14
L2L;131072;128;1;14;7
L2L;131072;128;0;7;15
L2L;131072;128;1;15;7
L2L;131072;128;0;8;0
L2L;131072;128;1;0;8
L2L;131072;128;0;8;1
L2L;131072;128;1;1;8
L2L;131072;128;0;8;2
L2L;131072;128;1;2;8
L2L;131072;128;0;8;3
L2L;131072;128;1;3;8
L2L;131072;128;0;8;4
L2L;131072;128;1;4;8
L2L;131072;128;0;8;5
L2L;131072;128;1;5;8
L2L;131072;128;0;8;6
L2L;131072;128;1;6;8
L2L;131072;128;0;8;7
L2L;131072;128;1;7;8
L2L;131072;128;0;8;8
L2L;131072;128;1;8;8
L2L;131072;128;0;8;9
L2L;131072;128;1;9;8
L2L;131072;128;0;8;10
L2L;131072;128;1;10;8
L2L;131072;128;0;8;11
L2L;131072;128;1;11;8
L2L;131072;128;0;8;12
L2L;131072;128;1;12;8
L2L;131072;128;0;8;13
L2L;131072;128;1;13;8
L2L;131072;128;0;8;14
L2L;131072;128;1;14;8
L2L;131072;128;0;8;15
L2L;131072;128;1;15;8
L2L;131072;128;0;9;0
L2L;131072;128;1;0;9
L2L;131072;128;0;9;1
L2L;131072;128;1;1;9
L2L;131072;128;0;9;2
L2L;131072;128;1;2;9
L2L;131072;128;0;9;3
L2L;131072;128;1;3;9
L2L;131072;128;0;9;4
L2L;131072;128;1;4;9
L2L;131072;128;0;9;5
L2L;131072;128;1;5;9
L2L;131072;128;0;9;6
L2L;131072;128;1;6;9
L2L;131072;128;0;9;7
L2L;131072;128;1;7;9
L2L;131072;128;0;9;8
L2L;131072;128;1;8;9
L2L;131072;128;0;9;9
L2L;131072;128;1;9;9
L2L;131072;128;0;9;10
L2L;131072;128;1;10;9
L2L;131072;128;0;9;11
L2L;131072;128;1;11;9
L2L;131072;128;0;9;12
L2L;131072;128;1;12;9
L2L;131072;128;0;9;13
L2L;131072;128;1;13;9
L2L;131072;128;0;9;14
L2L;131072;128;1;14;9
L2L;131072;128;0;9;15
L2L;131072;128;1;15;9
L2L;131072;128;0;10;0
L2L;131072;128;1;0;10
L2L;131072;128;0;10;1
L2L;131072;128;1;1;10
L2L;131072;128;0;10;2
L2L;131072;128;1;2;10
L2L;131072;128;0;10;3
L2L;131072;128;1;3;10
L2L;131072;128;0;10;4
L2L;131072;128;1;4;10
L2L;131072;128;0;10;5
L2L;131072;128;1;5;10
L2L;131072;128;0;10;6
L2L;131072;128;1;6;10
L2L;131072;128;0;10;7
L2L;131072;128;1;7;10
L2L;131072;128;0;10;8
L2L;131072;128;1;8;10
L2L;131072;128;0;10;9
L2L;131072;128;1;9;10
L2L;131072;128;0;10;10
L2L;131072;128;1;10;10
L2L;131072;128;0;10;11
L2L;131072;128;1;11;10
L2L;131072;128;0;10;12
L2L;131072;128;1;12;10
L2L;131072;128;0;10;13
L2L;131072;128;1;13;10
L2L;131072;128;0;10;14
L2L;131072;128;1;14;10
L2L;131072;128;0;10;15
L2L;131072;128;1;15;10
L2L;131072;128;0;11;0
L2L;131072;128;1;0;11
L2L;131072;128;0;11;1
L2L;131072;128;1;1;11
L2L;131072;128;0;11;2
L2L;131072;128;1;2;11
L2L;131072;128;0;11;3
L2L;131072;128;1;3;11
L2L;131072;128;0;11;4
L2L;131072;128;1;4;11
L2L;131072;128;0;11;5
L2L;131072;128;1;5;11
L2L;131072;128;0;11;6
L2L;131072;128;1;6;11
L2L;131072;128;0;11;7
L2L;131072;128;1;7;11
L2L;131072;128;0;11;8
L2L;131072;128;1;8;11
L2L;131072;128;0;11;9
L2L;131072;128;1;9;11
L2L;131072;128;0;11;10
L2L;131072;128;1;10;11
L2L;131072;128;0;11;11
L2L;131072;128;1;11;11
L2L;131072;128;0;11;12
L2L;131072;128;1;12;11
L2L;131072;128;0;11;13
L2L;131072;128;1;13;11
L2L;131072;128;0;11;14
L2L;131072;128;1;14;11
L2L;131072;128;0;11;15
L2L;131072;128;1;15;11
L2L;131072;128;0;12;0
L2L;131072;128;1;0;12
L2L;131072;128;0;12;1
L2L;131072;128;1;1;12
L2L;131072;128;0;12;2
L2L;131072;128;1;2;12
L2L;131072;128;0;12;3
L2L;131072;128;1;3;12
L2L;131072;128;0;12;4
L2L;131072;128;1;4;12
L2L;131072;128;0;12;5
L2L;131072;128;1;5;12
L2L;131072;128;0;12;6
L2L;131072;128;1;6;12
L2L;131072;128;0;12;7
L2L;131072;128;1;7;12
L2L;131072;128;0;12;8
L2L;131072;128;1;8;12
L2L;131072;128;0;12;9
L2L;131072;128;1;9;12
L2L;131072;128;0;12;10
L2L;131072;128;1;10;12
L2L;131072;128;0;12;11
L2L;131072;128;1;11;12
L2L;131072;128;0;12;12
L2L;131072;128;1;12;12
L2L;131072;128;0;12;13
L2L;131072;128;1;13;12
L2L;131072;128;0;12;14
L2L;131072;128;1;14;12
L2L;131072;128;0;12;15
L2L;131072;128;1;15;12
L2L;131072;128;0;13;0
L2L;131072;128;1;0;13
L2L;131072;128;0;13;1
L2L;131072;128;1;1;13
L2L;131072;128;0;13;2
L2L;131072;128;1;2;13
L2L;131072;128;0;13;3
L2L;131072;128;1;3;13
L2L;131072;128;0;13;4
L2L;131072;128;1;4;13
L2L;131072;128;0;13;5
L2L;131072;128;1;5;13
L2L;131072;128;0;13;6
L2L;131072;128;1;6;13
L2L;131072;128;0;13;7
L2L;131072;128;1;7;13
L2L;131072;128;0;13;8
L2L;131072;128;1;8;13
L2L;131072;128;0;13;9
L2L;131072;128;1;9;13
L2L;131072;128;0;13;10
L2L;131072;128;1;10;13
L2L;131072;128;0;13;11
L2L;131072;128;1;11;13
L2L;131072;128;0;13;12
L2L;131072;128;1;12;13
L2L;131072;128;0;13;13
L2L;131072;128;1;13;13
L2L;131072;128;0;13;14
L2L;131072;128;1;14;13
L2L;131072;128;0;13;15
L2L;131072;128;1;15;13
L2L;131072;128;0;14;0
L2L;131072;128;1;0;14
L2L;131072;128;0;14;1
L2L;131072;128;1;1;14
L2L;131072;128;0;14;2
L2L;131072;128;1;2;14
L2L;131072;128;0;14;3
L2L;131072;128;1;3;14
L2L;131072;128;0;14;4
L2L;131072;128;1;4;14
L2L;131072;128;0;14;5
L2L;131072;128;1;5;14
L2L;131072;128;0;14;6
L2L;131072;128;1;6;14
L2L;131072;128;0;14;7
L2L;131072;128;1;7;14
L2L;131072;128;0;14;8
L2L;131072;128;1;8;14
L2L;131072;128;0;14;9
L2L;131072;128;1;9;14
L2L;131072;128;0;14;10
L2L;131072;128;1;10;14
L2L;131072;128;0;14;11
L2L;131072;128;1;11;14
L2L;131072;128;0;14;12
L2L;131072;128;1;12;14
L2L;131072;128;0;14;13
L2L;131072;128;1;13;14
L2L;131072;128;0;14;14
L2L;131072;128;1;14;14
L2L;131072;128;0;14;15
L2L;131072;128;1;15;14
L2L;131072;128;0;15;0
L2L;131072;128;1;0;15
L2L;131072;128;0;15;1
L2L;131072;128;1;1;15
L2L;131072;128;0;15;2
L2L;131072;128;1;2;15
L2L;131072;128;0;15;3
L2L;131072;128;1;3;15
L2L;131072;128;0;15;4
L2L;131072;128;1;4;15
L2L;131072;128;0;15;5
L2L;131072;128;1;5;15
L2L;131072;128;0;15;6
L2L;131072;128;1;6;15
L2L;131072;128;0;15;7
L2L;131072;128;1;7;15
L2L;131072;128;0;15;8
L2L;131072;128;1;8;15
L2L;131072;128;0;15;9
L2L;131072;128;1;9;15
L2L;131072;128;0;15;10
L2L;131072;128;1;10;15
L2L;131072;128;0;15;11
L2L;131072;128;1;11;15
L2L;131072;128;0;15;12
L2L;131072;128;1;12;15
L2L;131072;128;0;15;13
L2L;131072;128;1;13;15
L2L;131072;128;0;15;14
L2L;131072;128;1;14;15
L2L;131072;128;0;15;15
L2L;131072;128;1;15;15
L2L;65536;129;0;0;0
L2L;65536;129;1;0;0
L2L;65536;129;0;0;1
L2L;65536;129;1;1;0
L2L;65536;129;0;0;2
L2L;65536;129;1;2;0
L2L;65536;129;0;0;3
L2L;65536;129;1;3;0
L2L;65536;129;0;0;4
L2L;65536;129;1;4;0
L2L;65536;129;0;0;5
L2L;65536;129;1;5;0
L2L;65536;129;0;0;6
L2L;65536;129;1;6;0
L2L;65536;129;0;0;7
L2L;65536;129;1;7;0
L2L;65536;129;0;0;8
L2L;65536;129;1;8;0
L2L;65536;129;0;0;9
L2L;65536;129;1;9;0
L2L;65536;129;0;0;10
L2L;65536;129;1;10;0
L2L;65536;129;0;0;11
L2L;65536;129;1;11;0
L2L;65536;129;0;0;12
L2L;65536;129;1;12;0
L2L;65536;129;0;0;13
L2L;65536;129;1;13;0
L2L;65536;129;0;0;14
L2L;65536;129;1;14;0
L2L;65536;129;0;0;15
L2L;65536;129;1;15;0
L2L;65536;129;0;1;0
L2L;65536;129;1;0;1
L2L;65536;129;0;1;1
L2L;65536;129;1;1;1
L2L;65536;129;0;1;2
L2L;65536;129;1;2;1
L2L;65536;129;0;1;3
L2L;65536;129;1;3;1
L2L;65536;129;0;1;4
L2L;65536;129;1;4;1
L2L;65536;129;0;1;5
L2L;65536;129;1;5;1
L2L;65536;129;0;1;6
L2L;65536;129;1;6;1
L2L;65536;129;0;1;7
L2L;65536;129;1;7;1
L2L;65536;129;0;1;8
L2L;65536;129;1;8;1
L2L;65536;129;0;1;9
L2L;65536;129;1;9;1
L2L;65536;129;0;1;10
L2L;65536;129;1;10;1
L2L;65536;129;0;1;11
L2L;65536;129;1;11;1
L2L;65536;129;0;1;12
L2L;65536;129;1;12;1
L2L;65536;129;0;1;13
L2L;65536;129;1;13;1
L2L;65536;129;0;1;14
L2L;65536;129;1;14;1
L2L;65536;129;0;1;15
L2L;65536;129;1;15;1
L2L;65536;129;0;2;0
L2L;65536;129;1;0;2
L2L;65536;129;0;2;1
L2L;65536;129;1;1;2
L2L;65536;129;0;2;2
L2L;65536;129;1;2;2
L2L;65536;129;0;2;3
L2L;65536;129;1;3;2
L2L;65536;129;0;2;4
L2L;65536;129;1;4;2
L2L;65536;129;0;2;5
L2L;65536;129;1;5;2
L2L;65536;129;0;2;6
L2L;65536;129;1;6;2
L2L;65536;129;0;2;7
L2L;65536;129;1;7;2
L2L;65536;129;0;2;8
L2L;65536;129;1;8;2
L2L;65536;129;0;2;9
L2L;65536;129;1;9;2
L2L;65536;129;0;2;10
L2L;65536;129;1;10;2
L2L;65536;129;0;2;11
L2L;65536;129;1;11;2
L2L;65536;129;0;2;12
L2L;65536;129;1;12;2
L2L;65536;129;0;2;13
L2L;65536;129;1;13;2
L2L;65536;129;0;2;14
L2L;65536;129;1;14;2
L2L;65536;129;0;2;15
L2L;65536;129;1;15;2
L2L;65536;129;0;3;0
L2L;65536;129;1;0;3
L2L;65536;129;0;3;1
L2L;65536;129;1;1;3
L2L;65536;129;0;3;2
L2L;65536;129;1;2;3
L2L;65536;129;0;3;3
L2L;65536;129;1;3;3
L2L;65536;129;0;3;4
L2L;65536;129;1;4;3
L2L;65536;129;0;3;5
L2L;65536;129;1;5;3
L2L;65536;129;0;3;6
L2L;65536;129;1;6;3
L2L;65536;129;0;3;7
L2L;65536;129;1;7;3
L2L;65536;129;0;3;8
L2L;65536;129;1;8;3
L2L;65536;129;0;3;9
L2L;65536;129;1;9;3
L2L;65536;129;0;3;10
L2L;65536;129;1;10;3
L2L;65536;129;0;3;11
L2L;65536;129;1;11;3
L2L;65536;129;0;3;12
L2L;65536;129;1;12;3
L2L;65536;129;0;3;13
L2L;65536;129;1;13;3
L2L;65536;129;0;3;14
L2L;65536;129;1;14;3
L2L;65536;129;0;3;15
L2L;65536;129;1;15;3
L2L;65536;129;0;4;0
L2L;65536;129;1;0;4
L2L;65536;129;0;4;1
L2L;65536;129;1;1;4
L2L;65536;129;0;4;2
L2L;65536;129;1;2;4
L2L;65536;129;0;4;3
L2L;65536;129;1;3;4
L2L;65536;129;0;4;4
L2L;65536;129;1;4;4
L2L;65536;129;0;4;5
L2L;65536;129;1;5;4
L2L;65536;129;0;4;6
L2L;65536;129;1;6;4
L2L;65536;129;0;4;7
L2L;65536;129;1;7;4
L2L;65536;129;0;4;8
L2L;65536;129;1;8;4
L2L;65536;129;0;4;9
L2L;65536;129;1;9;4
L2L;65536;129;0;4;10
L2L;65536;129;1;10;4
L2L;65536;129;0;4;11
L2L;65536;129;1;11;4
L2L;65536;129;0;4;12
L2L;65536;129;1;12;4
L2L;65536;129;0;4;13
L2L;65536;129;1;13;4
L2L;65536;129;0;4;14
L2L;65536;129;1;14;4
L2L;65536;129;0;4;15
L2L;65536;129;1;15;4
L2L;65536;129;0;5;0
L2L;65536;129;1;0;5
L2L;65536;129;0;5;1
L2L;65536;129;1;1;5
L2L;65536;129;0;5;2
L2L;65536;129;1;2;5
L2L;65536;129;0;5;3
L2L;65536;129;1;3;5
L2L;65536;129;0;5;4
L2L;65536;129;1;4;5
L2L;65536;129;0;5;5
L2L;65536;129;1;5;5
L2L;65536;129;0;5;6
L2L;65536;129;1;6;5
L2L;65536;129;0;5;7
L2L;65536;129;1;7;5
L2L;65536;129;0;5;8
L2L;65536;129;1;8;5
L2L;65536;129;0;5;9
L2L;65536;129;1;9;5
L2L;65536;129;0;5;10
L2L;65536;129;1;10;5
L2L;65536;129;0;5;11
L2L;65536;129;1;11;5
L2L;65536;129;0;5;12
L2L;65536;129;1;12;5
L2L;65536;129;0;5;13
L2L;65536;129;1;13;5
L2L;65536;129;0;5;14
L2L;65536;129;1;14;5
L2L;65536;129;0;5;15
L2L;65536;129;1;15;5
L2L;65536;129;0;6;0
L2L;65536;129;1;0;6
L2L;65536;129;0;6;1
L2L;65536;129;1;1;6
L2L;65536;129;0;6;2
L2L;65536;129;1;2;6
L2L;65536;129;0;6;3
L2L;65536;129;1;3;6
L2L;65536;129;0;6;4
L2L;65536;129;1;4;6
L2L;65536;129;0;6;5
L2L;65536;129;1;5;6
L2L;65536;129;0;6;6
L2L;65536;129;1;6;6
L2L;65536;129;0;6;7
L2L;65536;129;1;7;6
L2L;65536;129;0;6;8
L2L;65536;129;1;8;6
L2L;65536;129;0;6;9
L2L;65536;129;1;9;6
L2L;65536;129;0;6;10
L2L;65536;129;1;10;6
L2L;65536;129;0;6;11
L2L;65536;129;1;11;6
L2L;65536;129;0;6;12
L2L;65536;129;1;12;6
L2L;65536;129;0;6;13
L2L;65536;129;1;13;6
L2L;65536;129;0;6;14
L2L;65536;129;1;14;6
L2L;65536;129;0;6;15
L2L;65536;129;1;15;6
L2L;65536;129;0;7;0
L2L;65536;129;1;0;7
L2L;65536;129;0;7;1
L2L;65536;129;1;1;7
L2L;65536;129;0;7;2
L2L;65536;129;1;2;7
L2L;65536;129;0;7;3
L2L;65536;129;1;3;7
L2L;65536;129;0;7;4
L2L;65536;129;1;4;7
L2L;65536;129;0;7;5
L2L;65536;129;1;5;7
L2L;65536;129;0;7;6
L2L;65536;129;1;6;7
L2L;65536;129;0;7;7
L2L;65536;129;1;7;7
L2L;65536;129;0;7;8
L2L;65536;129;1;8;7
L2L;65536;129;0;7;9
L2L;65536;129;1;9;7
L2L;65536;129;0;7;10
L2L;65536;129;1;10;7
L2L;65536;129;0;7;11
L2L;65536;129;1;11;7
L2L;65536;129;0;7;12
L2L;65536;129;1;12;7
L2L;65536;129;0;7;13
L2L;65536;129;1;13;7
L2L;65536;129;0;7;14
L2L;65536;129;1;14;7
L2L;65536;129;0;7;15
L2L;65536;129;1;15;7
L2L;65536;129;0;8;0
L2L;65536;129;1;0;8
L2L;65536;129;0;8;1
L2L;65536;129;1;1;8
L2L;65536;129;0;8;2
L2L;65536;129;1;2;8
L2L;65536;129;0;8;3
L2L;65536;129;1;3;8
L2L;65536;129;0;8;4
L2L;65536;129;1;4;8
L2L;65536;129;0;8;5
L2L;65536;129;1;5;8
L2L;65536;129;0;8;6
L2L;65536;129;1;6;8
L2L;65536;129;0;8;7
L2L;65536;129;1;7;8
L2L;65536;129;0;8;8
L2L;65536;129;1;8;8
L2L;65536;129;0;8;9
L2L;65536;129;1;9;8
L2L;65536;129;0;8;10
L2L;65536;129;1;10;8
L2L;65536;129;0;8;11
L2L;65536;129;1;11;8
L2L;65536;129;0;8;12
L2L;65536;129;1;12;8
L2L;65536;129;0;8;13
L2L;65536;129;1;13;8
L2L;65536;129;0;8;14
L2L;65536;129;1;14;8
L2L;65536;129;0;8;15
L2L;65536;129;1;15;8
L2L;65536;129;0;9;0
L2L;65536;129;1;0;9
L2L;65536;129;0;9;1
L2L;65536;129;1;1;9
L2L;65536;129;0;9;2
L2L;65536;129;1;2;9
L2L;65536;129;0;9;3
L2L;65536;129;1;3;9
L2L;65536;129;0;9;4
L2L;65536;129;1;4;9
L2L;65536;129;0;9;5
L2L;65536;129;1;5;9
L2L;65536;129;0;9;6
L2L;65536;129;1;6;9
L2L;65536;129;0;9;7
L2L;65536;129;1;7;9
L2L;65536;129;0;9;8
L2L;65536;129;1;8;9
L2L;65536;129;0;9;9
L2L;65536;129;1;9;9
L2L;65536;129;0;9;10
L2L;65536;129;1;10;9
L2L;65536;129;0;9;11
L2L;65536;129;1;11;9
L2L;65536;129;0;9;12
L2L;65536;129;1;12;9
L2L;65536;129;0;9;13
L2L;65536;129;1;13;9
L2L;65536;129;0;9;14
L2L;65536;129;1;14;9
L2L;65536;129;0;9;15
L2L;65536;129;1;15;9
L2L;65536;129;0;10;0
L2L;65536;129;1;0;10
L2L;65536;129;0;10;1
L2L;65536;129;1;1;10
L2L;65536;129;0;10;2
L2L;65536;129;1;2;10
L2L;65536;129;0;10;3
L2L;65536;129;1;3;10
L2L;65536;129;0;10;4
L2L;65536;129;1;4;10
L2L;65536;129;0;10;5
L2L;65536;129;1;5;10
L2L;65536;129;0;10;6
L2L;65536;129;1;6;10
L2L;65536;129;0;10;7
L2L;65536;129;1;7;10
L2L;65536;129;0;10;8
L2L;65536;129;1;8;10
L2L;65536;129;0;10;9
L2L;65536;129;1;9;10
L2L;65536;129;0;10;10
L2L;65536;129;1;10;10
L2L;65536;129;0;10;11
L2L;65536;129;1;11;10
L2L;65536;129;0;10;12
L2L;65536;129;1;12;10
L2L;65536;129;0;10;13
L2L;65536;129;1;13;10
L2L;65536;129;0;10;14
L2L;65536;129;1;14;10
L2L;65536;129;0;10;15
L2L;65536;129;1;15;10
L2L;65536;129;0;11;0
L2L;65536;129;1;0;11
L2L;65536;129;0;11;1
L2L;65536;129;1;1;11
L2L;65536;129;0;11;2
L2L;65536;129;1;2;11
L2L;65536;129;0;11;3
L2L;65536;129;1;3;11
L2L;65536;129;0;11;4
L2L;65536;129;1;4;11
L2L;65536;129;0;11;5
L2L;65536;129;1;5;11
L2L;65536;129;0;11;6
L2L;65536;129;1;6;11
L2L;65536;129;0;11;7
L2L;65536;129;1;7;11
L2L;65536;129;0;11;8
L2L;65536;129;1;8;11
L2L;65536;129;0;11;9
L2L;65536;129;1;9;11
L2L;65536;129;0;11;10
L2L;65536;129;1;10;11
L2L;65536;129;0;11;11
L2L;65536;129;1;11;11
L2L;65536;129;0;11;12
L2L;65536;129;1;12;11
L2L;65536;129;0;11;13
L2L;65536;129;1;13;11
L2L;65536;129;0;11;14
L2L;65536;129;1;14;11
L2L;65536;129;0;11;15
L2L;65536;129;1;15;11
L2L;65536;129;0;12;0
L2L;65536;129;1;0;12
L2L;65536;129;0;12;1
L2L;65536;129;1;1;12
L2L;65536;129;0;12;2
L2L;65536;129;1;2;12
L2L;65536;129;0;12;3
L2L;65536;129;1;3;12
L2L;65536;129;0;12;4
L2L;65536;129;1;4;12
L2L;65536;129;0;12;5
L2L;65536;129;1;5;12
L2L;65536;129;0;12;6
L2L;65536;129;1;6;12
L2L;65536;129;0;12;7
L2L;65536;129;1;7;12
L2L;65536;129;0;12;8
L2L;65536;129;1;8;12
L2L;65536;129;0;12;9
L2L;65536;129;1;9;12
L2L;65536;129;0;12;10
L2L;65536;129;1;10;12
L2L;65536;129;0;12;11
L2L;65536;129;1;11;12
L2L;65536;129;0;12;12
L2L;65536;129;1;12;12
L2L;65536;129;0;12;13
L2L;65536;129;1;13;12
L2L;65536;129;0;12;14
L2L;65536;129;1;14;12
L2L;65536;129;0;12;15
L2L;65536;129;1;15;12
L2L;65536;129;0;13;0
L2L;65536;129;1;0;13
L2L;65536;129;0;13;1
L2L;65536;129;1;1;13
L2L;65536;129;0;13;2
L2L;65536;129;1;2;13
L2L;65536;129;0;13;3
L2L;65536;129;1;3;13
L2L;65536;129;0;13;4
L2L;65536;129;1;4;13
L2L;65536;129;0;13;5
L2L;65536;129;1;5;13
L2L;65536;129;0;13;6
L2L;65536;129;1;6;13
L2L;65536;129;0;13;7
L2L;65536;129;1;7;13
L2L;65536;129;0;13;8
L2L;65536;129;1;8;13
L2L;65536;129;0;13;9
L2L;65536;129;1;9;13
L2L;65536;129;0;13;10
L2L;65536;129;1;10;13
L2L;65536;129;0;13;11
L2L;65536;129;1;11;13
L2L;65536;129;0;13;12
L2L;65536;129;1;12;13
L2L;65536;129;0;13;13
L2L;65536;129;1;13;13
L2L;65536;129;0;13;14
L2L;65536;129;1;14;13
L2L;65536;129;0;13;15
L2L;65536;129;1;15;13
L2L;65536;129;0;14;0
L2L;65536;129;1;0;14
L2L;65536;129;0;14;1
L2L;65536;129;1;1;14
L2L;65536;129;0;14;2
L2L;65536;129;1;2;14
L2L;65536;129;0;14;3
L2L;65536;129;1;3;14
L2L;65536;129;0;14;4
L2L;65536;129;1;4;14
L2L;65536;129;0;14;5
L2L;65536;129;1;5;14
L2L;65536;129;0;14;6
L2L;65536;129;1;6;14
L2L;65536;129;0;14;7
L2L;65536;129;1;7;14
L2L;65536;129;0;14;8
L2L;65536;129;1;8;14
L2L;65536;129;0;14;9
L2L;65536;129;1;9;14
L2L;65536;129;0;14;10
L2L;65536;129;1;10;14
L2L;65536;129;0;14;11
L2L;65536;129;1;11;14
L2L;65536;129;0;14;12
L2L;65536;129;1;12;14
L2L;65536;129;0;14;13
L2L;65536;129;1;13;14
L2L;65536;129;0;14;14
L2L;65536;129;1;14;14
L2L;65536;129;0;14;15
L2L;65536;129;1;15;14
L2L;65536;129;0;15;0
L2L;65536;129;1;0;15
L2L;65536;129;0;15;1
L2L;65536;129;1;1;15
L2L;65536;129;0;15;2
L2L;65536;129;1;2;15
L2L;65536;129;0;15;3
L2L;65536;129;1;3;15
L2L;65536;129;0;15;4
L2L;65536;129;1;4;15
L2L;65536;129;0;15;5
L2L;65536;129;1;5;15
L2L;65536;129;0;15;6
L2L;65536;129;1;6;15
L2L;65536;129;0;15;7
L2L;65536;129;1;7;15
L2L;65536;129;0;15;8
L2L;65536;129;1;8;15
L2L;65536;129;0;15;9
L2L;65536;129;1;9;15
L2L;65536;129;0;15;10
L2L;65536;129;1;10;15
L2L;65536;129;0;15;11
L2L;65536;129;1;11;15
L2L;65536;129;0;15;12
L2L;65536;129;1;12;15
L2L;65536;129;0;15;13
L2L;65536;129;1;13;15
L2L;65536;129;0;15;14
L2L;65536;129;1;14;15
L2L;65536;129;0;15;15
L2L;65536;129;1;15;15
L2L;65536;129;0;0;0
L2L;65536;129;1;0;0
L2L;65536;129;0;0;1
L2L;65536;129;1;1;0
L2L;65536;129;0;0;2
L2L;65536;129;1;2;0
L2L;65536;129;0;0;3
L2L;65536;129;1;3;0
L2L;65536;129;0;0;4
L2L;65536;129;1;4;0
L2L;65536;129;0;0;5
L2L;65536;129;1;5;0
L2L;65536;129;0;0;6
L2L;65536;129;1;6;0
L2L;65536;129;0;0;7
L2L;65536;129;1;7;0
L2L;65536;129;0;0;8
L2L;65536;129;1;8;0
L2L;65536;129;0;0;9
L2L;65536;129;1;9;0
L2L;65536;129;0;0;10
L2L;65536;129;1;10;0
L2L;65536;129;0;0;11
L2L;65536;129;1;11;0
L2L;65536;129;0;0;12
L2L;65536;129;1;12;0
L2L;65536;129;0;0;13
L2L;65536;129;1;13;0
L2L;65536;129;0;0;14
L2L;65536;129;1;14;0
L2L;65536;129;0;0;15
L2L;65536;129;1;15;0
L2L;65536;129;0;1;0
L2L;65536;129;1;0;1
L2L;65536;129;0;1;1
L2L;65536;129;1;1;1
L2L;65536;129;0;1;2
L2L;65536;129;1;2;1
L2L;65536;129;0;1;3
L2L;65536;129;1;3;1
L2L;65536;129;0;1;4
L2L;65536;129;1;4;1
L2L;65536;129;0;1;5
L2L;65536;129;1;5;1
L2L;65536;129;0;1;6
L2L;65536;129;1;6;1
L2L;65536;129;0;1;7
L2L;65536;129;1;7;1
L2L;65536;129;0;1;8
L2L;65536;129;1;8;1
L2L;65536;129;0;1;9
L2L;65536;129;1;9;1
L2L;65536;129;0;1;10
L2L;65536;129;1;10;1
L2L;65536;129;0;1;11
L2L;65536;129;1;11;1
L2L;65536;129;0;1;12
L2L;65536;129;1;12;1
L2L;65536;129;0;1;13
L2L;65536;129;1;13;1
L2L;65536;129;0;1;14
L2L;65536;129;1;14;1
L2L;65536;129;0;1;15
L2L;65536;129;1;15;1
L2L;65536;129;0;2;0
L2L;65536;129;1;0;2
L2L;65536;129;0;2;1
L2L;65536;129;1;1;2
L2L;65536;129;0;2;2
L2L;65536;129;1;2;2
L2L;65536;129;0;2;3
L2L;65536;129;1;3;2
L2L;65536;129;0;2;4
L2L;65536;129;1;4;2
L2L;65536;129;0;2;5
L2L;65536;129;1;5;2
L2L;65536;129;0;2;6
L2L;65536;129;1;6;2
L2L;65536;129;0;2;7
L2L;65536;129;1;7;2
L2L;65536;129;0;2;8
L2L;65536;129;1;8;2
L2L;65536;129;0;2;9
L2L;65536;129;1;9;2
L2L;65536;129;0;2;10
L2L;65536;129;1;10;2
L2L;65536;129;0;2;11
L2L;65536;129;1;11;2
L2L;65536;129;0;2;12
L2L;65536;129;1;12;2
L2L;65536;129;0;2;13
L2L;65536;129;1;13;2
L2L;65536;129;0;2;14
L2L;65536;129;1;14;2
L2L;65536;129;0;2;15
L2L;65536;129;1;15;2
L2L;65536;129;0;3;0
L2L;65536;129;1;0;3
L2L;65536;129;0;3;1
L2L;65536;129;1;1;3
L2L;65536;129;0;3;2
L2L;65536;129;1;2;3
L2L;65536;129;0;3;3
L2L;65536;129;1;3;3
L2L;65536;129;0;3;4
L2L;65536;129;1;4;3
L2L;65536;129;0;3;5
L2L;65536;129;1;5;3
L2L;65536;129;0;3;6
L2L;65536;129;1;6;3
L2L;65536;129;0;3;7
L2L;65536;129;1;7;3
L2L;65536;129;0;3;8
L2L;65536;129;1;8;3
L2L;65536;129;0;3;9
L2L;65536;129;1;9;3
L2L;65536;129;0;3;10
L2L;65536;129;1;10;3
L2L;65536;129;0;3;11
L2L;65536;129;1;11;3
L2L;65536;129;0;3;12
L2L;65536;129;1;12;3
L2L;65536;129;0;3;13
L2L;65536;129;1;13;3
L2L;65536;129;0;3;14
L2L;65536;129;1;14;3
L2L;65536;129;0;3;15
L2L;65536;129;1;15;3
L2L;65536;129;0;4;0
L2L;65536;129;1;0;4
L2L;65536;129;0;4;1
L2L;65536;129;1;1;4
L2L;65536;129;0;4;2
L2L;65536;129;1;2;4
L2L;65536;129;0;4;3
L2L;65536;129;1;3;4
L2L;65536;129;0;4;4
L2L;65536;129;1;4;4
L2L;65536;129;0;4;5
L2L;65536;129;1;5;4
L2L;65536;129;0;4;6
L2L;65536;129;1;6;4
L2L;65536;129;0;4;7
L2L;65536;129;1;7;4
L2L;65536;129;0;4;8
L2L;65536;129;1;8;4
L2L;65536;129;0;4;9
L2L;65536;129;1;9;4
L2L;65536;129;0;4;10
L2L;65536;129;1;10;4
L2L;65536;129;0;4;11
L2L;65536;129;1;11;4
L2L;65536;129;0;4;12
L2L;65536;129;1;12;4
L2L;65536;129;0;4;13
L2L;65536;129;1;13;4
L2L;65536;129;0;4;14
L2L;65536;129;1;14;4
L2L;65536;129;0;4;15
L2L;65536;129;1;15;4
L2L;65536;129;0;5;0
L2L;65536;129;1;0;5
L2L;65536;129;0;5;1
L2L;65536;129;1;1;5
L2L;65536;129;0;5;2
L2L;65536;129;1;2;5
L2L;65536;129;0;5;3
L2L;65536;129;1;3;5
L2L;65536;129;0;5;4
L2L;65536;129;1;4;5
L2L;65536;129;0;5;5
L2L;65536;129;1;5;5
L2L;65536;129;0;5;6
L2L;65536;129;1;6;5
L2L;65536;129;0;5;7
L2L;65536;129;1;7;5
L2L;65536;129;0;5;8
L2L;65536;129;1;8;5
L2L;65536;129;0;5;9
L2L;65536;129;1;9;5
L2L;65536;129;0;5;10
L2L;65536;129;1;10;5
L2L;65536;129;0;5;11
L2L;65536;129;1;11;5
L2L;65536;129;0;5;12
L2L;65536;129;1;12;5
L2L;65536;129;0;5;13
L2L;65536;129;1;13;5
L2L;65536;129;0;5;14
L2L;65536;129;1;14;5
L2L;65536;129;0;5;15
L2L;65536;129;1;15;5
L2L;65536;129;0;6;0
L2L;65536;129;1;0;6
L2L;65536;129;0;6;1
L2L;65536;129;1;1;6
L2L;65536;129;0;6;2
L2L;65536;129;1;2;6
L2L;65536;129;0;6;3
L2L;65536;129;1;3;6
L2L;65536;129;0;6;4
L2L;65536;129;1;4;6
L2L;65536;129;0;6;5
L2L;65536;129;1;5;6
L2L;65536;129;0;6;6
L2L;65536;129;1;6;6
L2L;65536;129;0;6;7
L2L;65536;129;1;7;6
L2L;65536;129;0;6;8
L2L;65536;129;1;8;6
L2L;65536;129;0;6;9
L2L;65536;129;1;9;6
L2L;65536;129;0;6;10
L2L;65536;129;1;10;6
L2L;65536;129;0;6;11
L2L;65536;129;1;11;6
L2L;65536;129;0;6;12
L2L;65536;129;1;12;6
L2L;65536;129;0;6;13
L2L;65536;129;1;13;6
L2L;65536;129;0;6;14
L2L;65536;129;1;14;6
L2L;65536;129;0;6;15
L2L;65536;129;1;15;6
L2L;65536;129;0;7;0
L2L;65536;129;1;0;7
L2L;65536;129;0;7;1
L2L;65536;129;1;1;7
L2L;65536;129;0;7;2
L2L;65536;129;1;2;7
L2L;65536;129;0;7;3
L2L;65536;129;1;3;7
L2L;65536;129;0;7;4
L2L;65536;129;1;4;7
L2L;65536;129;0;7;5
L2L;65536;129;1;5;7
L2L;65536;129;0;7;6
L2L;65536;129;1;6;7
L2L;65536;129;0;7;7
L2L;65536;129;1;7;7
L2L;65536;129;0;7;8
L2L;65536;129;1;8;7
L2L;65536;129;0;7;9
L2L;65536;129;1;9;7
L2L;65536;129;0;7;10
L2L;65536;129;1;10;7
L2L;65536;129;0;7;11
L2L;65536;129;1;11;7
L2L;65536;129;0;7;12
L2L;65536;129;1;12;7
L2L;65536;129;0;7;13
L2L;65536;129;1;13;7
L2L;65536;129;0;7;14
L2L;65536;129;1;14;7
L2L;65536;129;0;7;15
L2L;65536;129;1;15;7
L2L;65536;129;0;8;0
L2L;65536;129;1;0;8
L2L;65536;129;0;8;1
L2L;65536;129;1;1;8
L2L;65536;129;0;8;2
L2L;65536;129;1;2;8
L2L;65536;129;0;8;3
L2L;65536;129;1;3;8
L2L;65536;129;0;8;4
L2L;65536;129;1;4;8
L2L;65536;129;0;8;5
L2L;65536;129;1;5;8
L2L;65536;129;0;8;6
L2L;65536;129;1;6;8
L2L;65536;129;0;8;7
L2L;65536;129;1;7;8
L2L;65536;129;0;8;8
L2L;65536;129;1;8;8
L2L;65536;129;0;8;9
L2L;65536;129;1;9;8
L2L;65536;129;0;8;10
L2L;65536;129;1;10;8
L2L;65536;129;0;8;11
L2L;65536;129;1;11;8
L2L;65536;129;0;8;12
L2L;65536;129;1;12;8
L2L;65536;129;0;8;13
L2L;65536;129;1;13;8
L2L;65536;129;0;8;14
L2L;65536;129;1;14;8
L2L;65536;129;0;8;15
L2L;65536;129;1;15;8
L2L;65536;129;0;9;0
L2L;65536;129;1;0;9
L2L;65536;129;0;9;1
L2L;65536;129;1;1;9
L2L;65536;129;0;9;2
L2L;65536;129;1;2;9
L2L;65536;129;0;9;3
L2L;65536;129;1;3;9
L2L;65536;129;0;9;4
L2L;65536;129;1;4;9
L2L;65536;129;0;9;5
L2L;65536;129;1;5;9
L2L;65536;129;0;9;6
L2L;65536;129;1;6;9
L2L;65536;129;0;9;7
L2L;65536;129;1;7;9
L2L;65536;129;0;9;8
L2L;65536;129;1;8;9
L2L;65536;129;0;9;9
L2L;65536;129;1;9;9
L2L;65536;129;0;9;10
L2L;65536;129;1;10;9
L2L;65536;129;0;9;11
L2L;65536;129;1;11;9
L2L;65536;129;0;9;12
L2L;65536;129;1;12;9
L2L;65536;129;0;9;13
L2L;65536;129;1;13;9
L2L;65536;129;0;9;14
L2L;65536;129;1;14;9
L2L;65536;129;0;9;15
L2L;65536;129;1;15;9
L2L;65536;129;0;10;0
L2L;65536;129;1;0;10
L2L;65536;129;0;10;1
L2L;65536;129;1;1;10
L2L;65536;129;0;10;2
L2L;65536;129;1;2;10
L2L;65536;129;0;10;3
L2L;65536;129;1;3;10
L2L;65536;129;0;10;4
L2L;65536;129;1;4;10
L2L;65536;129;0;10;5
L2L;65536;129;1;5;10
L2L;65536;129;0;10;6
L2L;65536;129;1;6;10
L2L;65536;129;0;10;7
L2L;65536;129;1;7;10
L2L;65536;129;0;10;8
L2L;65536;129;1;8;10
L2L;65536;129;0;10;9
L2L;65536;129;1;9;10
L2L;65536;129;0;10;10
L2L;65536;129;1;10;10
L2L;65536;129;0;10;11
L2L;65536;129;1;11;10
L2L;65536;129;0;10;12
L2L;65536;129;1;12;10
L2L;65536;129;0;10;13
L2L;65536;129;1;13;10
L2L;65536;129;0;10;14
L2L;65536;129;1;14;10
L2L;65536;129;0;10;15
L2L;65536;129;1;15;10
L2L;65536;129;0;11;0
L2L;65536;129;1;0;11
L2L;65536;129;0;11;1
L2L;65536;129;1;1;11
L2L;65536;129;0;11;2
L2L;65536;129;1;2;11
L2L;65536;129;0;11;3
L2L;65536;129;1;3;11
L2L;65536;129;0;11;4
L2L;65536;129;1;4;11
L2L;65536;129;0;11;5
L2L;65536;129;1;5;11
L2L;65536;129;0;11;6
L2L;65536;129;1;6;11
L2L;65536;129;0;11;7
L2L;65536;129;1;7;11
L2L;65536;129;0;11;8
L2L;65536;129;1;8;11
L2L;65536;129;0;11;9
L2L;65536;129;1;9;11
L2L;65536;129;0;11;10
L2L;65536;129;1;10;11
L2L;65536;129;0;11;11
L2L;65536;129;1;11;11
L2L;65536;129;0;11;12
L2L;65536;129;1;12;11
L2L;65536;129;0;11;13
L2L;65536;129;1;13;11
L2L;65536;129;0;11;14
L2L;65536;129;1;14;11
L2L;65536;129;0;11;15
L2L;65536;129;1;15;11
L2L;65536;129;0;12;0
L2L;65536;129;1;0;12
L2L;65536;129;0;12;1
L2L;65536;129;1;1;12
L2L;65536;129;0;12;2
L2L;65536;129;1;2;12
L2L;65536;129;0;12;3
L2L;65536;129;1;3;12
L2L;65536;129;0;12;4
L2L;65536;129;1;4;12
L2L;65536;129;0;12;5
L2L;65536;129;1;5;12
L2L;65536;129;0;12;6
L2L;65536;129;1;6;12
L2L;65536;129;0;12;7
L2L;65536;129;1;7;12
L2L;65536;129;0;12;8
L2L;65536;129;1;8;12
L2L;65536;129;0;12;9
L2L;65536;129;1;9;12
L2L;65536;129;0;12;10
L2L;65536;129;1;10;12
L2L;65536;129;0;12;11
L2L;65536;129;1;11;12
L2L;65536;129;0;12;12
L2L;65536;129;1;12;12
L2L;65536;129;0;12;13
L2L;65536;129;1;13;12
L2L;65536;129;0;12;14
L2L;65536;129;1;14;12
L2L;65536;129;0;12;15
L2L;65536;129;1;15;12
L2L;65536;129;0;13;0
L2L;65536;129;1;0;13
L2L;65536;129;0;13;1
L2L;65536;129;1;1;13
L2L;65536;129;0;13;2
L2L;65536;129;1;2;13
L2L;65536;129;0;13;3
L2L;65536;129;1;3;13
L2L;65536;129;0;13;4
L2L;65536;129;1;4;13
L2L;65536;129;0;13;5
L2L;65536;129;1;5;13
L2L;65536;129;0;13;6
L2L;65536;129;1;6;13
L2L;65536;129;0;13;7
L2L;65536;129;1;7;13
L2L;65536;129;0;13;8
L2L;65536;129;1;8;13
L2L;65536;129;0;13;9
L2L;65536;129;1;9;13
L2L;65536;129;0;13;10
L2L;65536;129;1;10;13
L2L;65536;129;0;13;11
L2L;65536;129;1;11;13
L2L;65536;129;0;13;12
L2L;65536;129;1;12;13
L2L;65536;129;0;13;13
L2L;65536;129;1;13;13
L2L;65536;129;0;13;14
L2L;65536;129;1;14;13
L2L;65536;129;0;13;15
L2L;65536;129;1;15;13
L2L;65536;129;0;14;0
L2L;65536;129;1;0;14
L2L;65536;129;0;14;1
L2L;65536;129;1;1;14
L2L;65536;129;0;14;2
L2L;65536;129;1;2;14
L2L;65536;129;0;14;3
L2L;65536;129;1;3;14
L2L;65536;129;0;14;4
L2L;65536;129;1;4;14
L2L;65536;129;0;14;5
L2L;65536;129;1;5;14
L2L;65536;129;0;14;6
L2L;65536;129;1;6;14
L2L;65536;129;0;14;7
L2L;65536;129;1;7;14
L2L;65536;129;0;14;8
L2L;65536;129;1;8;14
L2L;65536;129;0;14;9
L2L;65536;129;1;9;14
L2L;65536;129;0;14;10
L2L;65536;129;1;10;14
L2L;65536;129;0;14;11
L2L;65536;129;1;11;14
L2L;65536;129;0;14;12
L2L;65536;129;1;12;14
L2L;65536;129;0;14;13
L2L;65536;129;1;13;14
L2L;65536;129;0;14;14
L2L;65536;129;1;14;14
L2L;65536;129;0;14;15
L2L;65536;129;1;15;14
L2L;65536;129;0;15;0
L2L;65536;129;1;0;15
L2L;65536;129;0;15;1
L2L;65536;129;1;1;15
L2L;65536;129;0;15;2
L2L;65536;129;1;2;15
L2L;65536;129;0;15;3
L2L;65536;129;1;3;15
L2L;65536;129;0;15;4
L2L;65536;129;1;4;15
L2L;65536;129;0;15;5
L2L;65536;129;1;5;15
L2L;65536;129;0;15;6
L2L;65536;129;1;6;15
L2L;65536;129;0;15;7
L2L;65536;129;1;7;15
L2L;65536;129;0;15;8
L2L;65536;129;1;8;15
L2L;65536;129;0;15;9
L2L;65536;129;1;9;15
L2L;65536;129;0;15;10
L2L;65536;129;1;10;15
L2L;65536;129;0;15;11
L2L;65536;129;1;11;15
L2L;65536;129;0;15;12
L2L;65536;129;1;12;15
L2L;65536;129;0;15;13
L2L;65536;129;1;13;15
L2L;65536;129;0;15;14
L2L;65536;129;1;14;15
L2L;65536;129;0;15;15
L2L;65536;129;1;15;15
L2L;65536;130;0;0;0
L2L;65536;130;1;0;0
L2L;65536;130;0;0;1
L2L;65536;130;1;1;0
L2L;65536;130;0;0;2
L2L;65536;130;1;2;0
L2L;65536;130;0;0;3
L2L;65536;130;1;3;0
L2L;65536;130;0;0;4
L2L;65536;130;1;4;0
L2L;65536;130;0;0;5
L2L;65536;130;1;5;0
L2L;65536;130;0;0;6
L2L;65536;130;1;6;0
L2L;65536;130;0;0;7
L2L;65536;130;1;7;0
L2L;65536;130;0;0;8
L2L;65536;130;1;8;0
L2L;65536;130;0;0;9
L2L;65536;130;1;9;0
L2L;65536;130;0;0;10
L2L;65536;130;1;10;0
L2L;65536;130;0;0;11
L2L;65536;130;1;11;0
L2L;65536;130;0;0;12
L2L;65536;130;1;12;0
L2L;65536;130;0;0;13
L2L;65536;130;1;13;0
L2L;65536;130;0;0;14
L2L;65536;130;1;14;0
L2L;65536;130;0;0;15
L2L;65536;130;1;15;0
L2L;65536;130;0;1;0
L2L;65536;130;1;0;1
L2L;65536;130;0;1;1
L2L;65536;130;1;1;1
L2L;65536;130;0;1;2
L2L;65536;130;1;2;1
L2L;65536;130;0;1;3
L2L;65536;130;1;3;1
L2L;65536;130;0;1;4
L2L;65536;130;1;4;1
L2L;65536;130;0;1;5
L2L;65536;130;1;5;1
L2L;65536;130;0;1;6
L2L;65536;130;1;6;1
L2L;65536;130;0;1;7
L2L;65536;130;1;7;1
L2L;65536;130;0;1;8
L2L;65536;130;1;8;1
L2L;65536;130;0;1;9
L2L;65536;130;1;9;1
L2L;65536;130;0;1;10
L2L;65536;130;1;10;1
L2L;65536;130;0;1;11
L2L;65536;130;1;11;1
L2L;65536;130;0;1;12
L2L;65536;130;1;12;1
L2L;65536;130;0;1;13
L2L;65536;130;1;13;1
L2L;65536;130;0;1;14
L2L;65536;130;1;14;1
L2L;65536;130;0;1;15
L2L;65536;130;1;15;1
L2L;65536;130;0;2;0
L2L;65536;130;1;0;2
L2L;65536;130;0;2;1
L2L;65536;130;1;1;2
L2L;65536;130;0;2;2
L2L;65536;130;1;2;2
L2L;65536;130;0;2;3
L2L;65536;130;1;3;2
L2L;65536;130;0;2;4
L2L;65536;130;1;4;2
L2L;65536;130;0;2;5
L2L;65536;130;1;5;2
L2L;65536;130;0;2;6
L2L;65536;130;1;6;2
L2L;65536;130;0;2;7
L2L;65536;130;1;7;2
L2L;65536;130;0;2;8
L2L;65536;130;1;8;2
L2L;65536;130;0;2;9
L2L;65536;130;1;9;2
L2L;65536;130;0;2;10
L2L;65536;130;1;10;2
L2L;65536;130;0;2;11
L2L;65536;130;1;11;2
L2L;65536;130;0;2;12
L2L;65536;130;1;12;2
L2L;65536;130;0;2;13
L2L;65536;130;1;13;2
L2L;65536;130;0;2;14
L2L;65536;130;1;14;2
L2L;65536;130;0;2;15
L2L;65536;130;1;15;2
L2L;65536;130;0;3;0
L2L;65536;130;1;0;3
L2L;65536;130;0;3;1
L2L;65536;130;1;1;3
L2L;65536;130;0;3;2
L2L;65536;130;1;2;3
L2L;65536;130;0;3;3
L2L;65536;130;1;3;3
L2L;65536;130;0;3;4
L2L;65536;130;1;4;3
L2L;65536;130;0;3;5
L2L;65536;130;1;5;3
L2L;65536;130;0;3;6
L2L;65536;130;1;6;3
L2L;65536;130;0;3;7
L2L;65536;130;1;7;3
L2L;65536;130;0;3;8
L2L;65536;130;1;8;3
L2L;65536;130;0;3;9
L2L;65536;130;1;9;3
L2L;65536;130;0;3;10
L2L;65536;130;1;10;3
L2L;65536;130;0;3;11
L2L;65536;130;1;11;3
L2L;65536;130;0;3;12
L2L;65536;130;1;12;3
L2L;65536;130;0;3;13
L2L;65536;130;1;13;3
L2L;65536;130;0;3;14
L2L;65536;130;1;14;3
L2L;65536;130;0;3;15
L2L;65536;130;1;15;3
L2L;65536;130;0;4;0
L2L;65536;130;1;0;4
L2L;65536;130;0;4;1
L2L;65536;130;1;1;4
L2L;65536;130;0;4;2
L2L;65536;130;1;2;4
L2L;65536;130;0;4;3
L2L;65536;130;1;3;4
L2L;65536;130;0;4;4
L2L;65536;130;1;4;4
L2L;65536;130;0;4;5
L2L;65536;130;1;5;4
L2L;65536;130;0;4;6
L2L;65536;130;1;6;4
L2L;65536;130;0;4;7
L2L;65536;130;1;7;4
L2L;65536;130;0;4;8
L2L;65536;130;1;8;4
L2L;65536;130;0;4;9
L2L;65536;130;1;9;4
L2L;65536;130;0;4;10
L2L;65536;130;1;10;4
L2L;65536;130;0;4;11
L2L;65536;130;1;11;4
L2L;65536;130;0;4;12
L2L;65536;130;1;12;4
L2L;65536;130;0;4;13
L2L;65536;130;1;13;4
L2L;65536;130;0;4;14
L2L;65536;130;1;14;4
L2L;65536;130;0;4;15
L2L;65536;130;1;15;4
L2L;65536;130;0;5;0
L2L;65536;130;1;0;5
L2L;65536;130;0;5;1
L2L;65536;130;1;1;5
L2L;65536;130;0;5;2
L2L;65536;130;1;2;5
L2L;65536;130;0;5;3
L2L;65536;130;1;3;5
L2L;65536;130;0;5;4
L2L;65536;130;1;4;5
L2L;65536;130;0;5;5
L2L;65536;130;1;5;5
L2L;65536;130;0;5;6
L2L;65536;130;1;6;5
L2L;65536;130;0;5;7
L2L;65536;130;1;7;5
L2L;65536;130;0;5;8
L2L;65536;130;1;8;5
L2L;65536;130;0;5;9
L2L;65536;130;1;9;5
L2L;65536;130;0;5;10
L2L;65536;130;1;10;5
L2L;65536;130;0;5;11
L2L;65536;130;1;11;5
L2L;65536;130;0;5;12
L2L;65536;130;1;12;5
L2L;65536;130;0;5;13
L2L;65536;130;1;13;5
L2L;65536;130;0;5;14
L2L;65536;130;1;14;5
L2L;65536;130;0;5;15
L2L;65536;130;1;15;5
L2L;65536;130;0;6;0
L2L;65536;130;1;0;6
L2L;65536;130;0;6;1
L2L;65536;130;1;1;6
L2L;65536;130;0;6;2
L2L;65536;130;1;2;6
L2L;65536;130;0;6;3
L2L;65536;130;1;3;6
L2L;65536;130;0;6;4
L2L;65536;130;1;4;6
L2L;65536;130;0;6;5
L2L;65536;130;1;5;6
L2L;65536;130;0;6;6
L2L;65536;130;1;6;6
L2L;65536;130;0;6;7
L2L;65536;130;1;7;6
L2L;65536;130;0;6;8
L2L;65536;130;1;8;6
L2L;65536;130;0;6;9
L2L;65536;130;1;9;6
L2L;65536;130;0;6;10
L2L;65536;130;1;10;6
L2L;65536;130;0;6;11
L2L;65536;130;1;11;6
L2L;65536;130;0;6;12
L2L;65536;130;1;12;6
L2L;65536;130;0;6;13
L2L;65536;130;1;13;6
L2L;65536;130;0;6;14
L2L;65536;130;1;14;6
L2L;65536;130;0;6;15
L2L;65536;130;1;15;6
L2L;65536;130;0;7;0
L2L;65536;130;1;0;7
L2L;65536;130;0;7;1
L2L;65536;130;1;1;7
L2L;65536;130;0;7;2
L2L;65536;130;1;2;7
L2L;65536;130;0;7;3
L2L;65536;130;1;3;7
L2L;65536;130;0;7;4
L2L;65536;130;1;4;7
L2L;65536;130;0;7;5
L2L;65536;130;1;5;7
L2L;65536;130;0;7;6
L2L;65536;130;1;6;7
L2L;65536;130;0;7;7
L2L;65536;130;1;7;7
L2L;65536;130;0;7;8
L2L;65536;130;1;8;7
L2L;65536;130;0;7;9
L2L;65536;130;1;9;7
L2L;65536;130;0;7;10
L2L;65536;130;1;10;7
L2L;65536;130;0;7;11
L2L;65536;130;1;11;7
L2L;65536;130;0;7;12
L2L;65536;130;1;12;7
L2L;65536;130;0;7;13
L2L;65536;130;1;13;7
L2L;65536;130;0;7;14
L2L;65536;130;1;14;7
L2L;65536;130;0;7;15
L2L;65536;130;1;15;7
L2L;65536;130;0;8;0
L2L;65536;130;1;0;8
L2L;65536;130;0;8;1
L2L;65536;130;1;1;8
L2L;65536;130;0;8;2
L2L;65536;130;1;2;8
L2L;65536;130;0;8;3
L2L;65536;130;1;3;8
L2L;65536;130;0;8;4
L2L;65536;130;1;4;8
L2L;65536;130;0;8;5
L2L;65536;130;1;5;8
L2L;65536;130;0;8;6
L2L;65536;130;1;6;8
L2L;65536;130;0;8;7
L2L;65536;130;1;7;8
L2L;65536;130;0;8;8
L2L;65536;130;1;8;8
L2L;65536;130;0;8;9
L2L;65536;130;1;9;8
L2L;65536;130;0;8;10
L2L;65536;130;1;10;8
L2L;65536;130;0;8;11
L2L;65536;130;1;11;8
L2L;65536;130;0;8;12
L2L;65536;130;1;12;8
L2L;65536;130;0;8;13
L2L;65536;130;1;13;8
L2L;65536;130;0;8;14
L2L;65536;130;1;14;8
L2L;65536;130;0;8;15
L2L;65536;130;1;15;8
L2L;65536;130;0;9;0
L2L;65536;130;1;0;9
L2L;65536;130;0;9;1
L2L;65536;130;1;1;9
L2L;65536;130;0;9;2
L2L;65536;130;1;2;9
L2L;65536;130;0;9;3
L2L;65536;130;1;3;9
L2L;65536;130;0;9;4
L2L;65536;130;1;4;9
L2L;65536;130;0;9;5
L2L;65536;130;1;5;9
L2L;65536;130;0;9;6
L2L;65536;130;1;6;9
L2L;65536;130;0;9;7
L2L;65536;130;1;7;9
L2L;65536;130;0;9;8
L2L;65536;130;1;8;9
L2L;65536;130;0;9;9
L2L;65536;130;1;9;9
L2L;65536;130;0;9;10
L2L;65536;130;1;10;9
L2L;65536;130;0;9;11
L2L;65536;130;1;11;9
L2L;65536;130;0;9;12
L2L;65536;130;1;12;9
L2L;65536;130;0;9;13
L2L;65536;130;1;13;9
L2L;65536;130;0;9;14
L2L;65536;130;1;14;9
L2L;65536;130;0;9;15
L2L;65536;130;1;15;9
L2L;65536;130;0;10;0
L2L;65536;130;1;0;10
L2L;65536;130;0;10;1
L2L;65536;130;1;1;10
L2L;65536;130;0;10;2
L2L;65536;130;1;2;10
L2L;65536;130;0;10;3
L2L;65536;130;1;3;10
L2L;65536;130;0;10;4
L2L;65536;130;1;4;10
L2L;65536;130;0;10;5
L2L;65536;130;1;5;10
L2L;65536;130;0;10;6
L2L;65536;130;1;6;10
L2L;65536;130;0;10;7
L2L;65536;130;1;7;10
L2L;65536;130;0;10;8
L2L;65536;130;1;8;10
L2L;65536;130;0;10;9
L2L;65536;130;1;9;10
L2L;65536;130;0;10;10
L2L;65536;130;1;10;10
L2L;65536;130;0;10;11
L2L;65536;130;1;11;10
L2L;65536;130;0;10;12
L2L;65536;130;1;12;10
L2L;65536;130;0;10;13
L2L;65536;130;1;13;10
L2L;65536;130;0;10;14
L2L;65536;130;1;14;10
L2L;65536;130;0;10;15
L2L;65536;130;1;15;10
L2L;65536;130;0;11;0
L2L;65536;130;1;0;11
L2L;65536;130;0;11;1
L2L;65536;130;1;1;11
L2L;65536;130;0;11;2
L2L;65536;130;1;2;11
L2L;65536;130;0;11;3
L2L;65536;130;1;3;11
L2L;65536;130;0;11;4
L2L;65536;130;1;4;11
L2L;65536;130;0;11;5
L2L;65536;130;1;5;11
L2L;65536;130;0;11;6
L2L;65536;130;1;6;11
L2L;65536;130;0;11;7
L2L;65536;130;1;7;11
L2L;65536;130;0;11;8
L2L;65536;130;1;8;11
L2L;65536;130;0;11;9
L2L;65536;130;1;9;11
L2L;65536;130;0;11;10
L2L;65536;130;1;10;11
L2L;65536;130;0;11;11
L2L;65536;130;1;11;11
L2L;65536;130;0;11;12
L2L;65536;130;1;12;11
L2L;65536;130;0;11;13
L2L;65536;130;1;13;11
L2L;65536;130;0;11;14
L2L;65536;130;1;14;11
L2L;65536;130;0;11;15
L2L;65536;130;1;15;11
L2L;65536;130;0;12;0
L2L;65536;130;1;0;12
L2L;65536;130;0;12;1
L2L;65536;130;1;1;12
L2L;65536;130;0;12;2
L2L;65536;130;1;2;12
L2L;65536;130;0;12;3
L2L;65536;130;1;3;12
L2L;65536;130;0;12;4
L2L;65536;130;1;4;12
L2L;65536;130;0;12;5
L2L;65536;130;1;5;12
L2L;65536;130;0;12;6
L2L;65536;130;1;6;12
L2L;65536;130;0;12;7
L2L;65536;130;1;7;12
L2L;65536;130;0;12;8
L2L;65536;130;1;8;12
L2L;65536;130;0;12;9
L2L;65536;130;1;9;12
L2L;65536;130;0;12;10
L2L;65536;130;1;10;12
L2L;65536;130;0;12;11
L2L;65536;130;1;11;12
L2L;65536;130;0;12;12
L2L;65536;130;1;12;12
L2L;65536;130;0;12;13
L2L;65536;130;1;13;12
L2L;65536;130;0;12;14
L2L;65536;130;1;14;12
L2L;65536;130;0;12;15
L2L;65536;130;1;15;12
L2L;65536;130;0;13;0
L2L;65536;130;1;0;13
L2L;65536;130;0;13;1
L2L;65536;130;1;1;13
L2L;65536;130;0;13;2
L2L;65536;130;1;2;13
L2L;65536;130;0;13;3
L2L;65536;130;1;3;13
L2L;65536;130;0;13;4
L2L;65536;130;1;4;13
L2L;65536;130;0;13;5
L2L;65536;130;1;5;13
L2L;65536;130;0;13;6
L2L;65536;130;1;6;13
L2L;65536;130;0;13;7
L2L;65536;130;1;7;13
L2L;65536;130;0;13;8
L2L;65536;130;1;8;13
L2L;65536;130;0;13;9
L2L;65536;130;1;9;13
L2L;65536;130;0;13;10
L2L;65536;130;1;10;13
L2L;65536;130;0;13;11
L2L;65536;130;1;11;13
L2L;65536;130;0;13;12
L2L;65536;130;1;12;13
L2L;65536;130;0;13;13
L2L;65536;130;1;13;13
L2L;65536;130;0;13;14
L2L;65536;130;1;14;13
L2L;65536;130;0;13;15
L2L;65536;130;1;15;13
L2L;65536;130;0;14;0
L2L;65536;130;1;0;14
L2L;65536;130;0;14;1
L2L;65536;130;1;1;14
L2L;65536;130;0;14;2
L2L;65536;130;1;2;14
L2L;65536;130;0;14;3
L2L;65536;130;1;3;14
L2L;65536;130;0;14;4
L2L;65536;130;1;4;14
L2L;65536;130;0;14;5
L2L;65536;130;1;5;14
L2L;65536;130;0;14;6
L2L;65536;130;1;6;14
L2L;65536;130;0;14;7
L2L;65536;130;1;7;14
L2L;65536;130;0;14;8
L2L;65536;130;1;8;14
L2L;65536;130;0;14;9
L2L;65536;130;1;9;14
L2L;65536;130;0;14;10
L2L;65536;130;1;10;14
L2L;65536;130;0;14;11
L2L;65536;130;1;11;14
L2L;65536;130;0;14;12
L2L;65536;130;1;12;14
L2L;65536;130;0;14;13
L2L;65536;130;1;13;14
L2L;65536;130;0;14;14
L2L;65536;130;1;14;14
L2L;65536;130;0;14;15
L2L;65536;130;1;15;14
L2L;65536;130;0;15;0
L2L;65536;130;1;0;15
L2L;65536;130;0;15;1
L2L;65536;130;1;1;15
L2L;65536;130;0;15;2
L2L;65536;130;1;2;15
L2L;65536;130;0;15;3
L2L;65536;130;1;3;15
L2L;65536;130;0;15;4
L2L;65536;130;1;4;15
L2L;65536;130;0;15;5
L2L;65536;130;1;5;15
L2L;65536;130;0;15;6
L2L;65536;130;1;6;15
L2L;65536;130;0;15;7
L2L;65536;130;1;7;15
L2L;65536;130;0;15;8
L2L;65536;130;1;8;15
L2L;65536;130;0;15;9
L2L;65536;130;1;9;15
L2L;65536;130;0;15;10
L2L;65536;130;1;10;15
L2L;65536;130;0;15;11
L2L;65536;130;1;11;15
L2L;65536;130;0;15;12
L2L;65536;130;1;12;15
L2L;65536;130;0;15;13
L2L;65536;130;1;13;15
L2L;65536;130;0;15;14
L2L;65536;130;1;14;15
L2L;65536;130;0;15;15
L2L;65536;130;1;15;15
L2L;65536;130;0;0;0
L2L;65536;130;1;0;0
L2L;65536;130;0;0;1
L2L;65536;130;1;1;0
L2L;65536;130;0;0;2
L2L;65536;130;1;2;0
L2L;65536;130;0;0;3
L2L;65536;130;1;3;0
L2L;65536;130;0;0;4
L2L;65536;130;1;4;0
L2L;65536;130;0;0;5
L2L;65536;130;1;5;0
L2L;65536;130;0;0;6
L2L;65536;130;1;6;0
L2L;65536;130;0;0;7
L2L;65536;130;1;7;0
L2L;65536;130;0;0;8
L2L;65536;130;1;8;0
L2L;65536;130;0;0;9
L2L;65536;130;1;9;0
L2L;65536;130;0;0;10
L2L;65536;130;1;10;0
L2L;65536;130;0;0;11
L2L;65536;130;1;11;0
L2L;65536;130;0;0;12
L2L;65536;130;1;12;0
L2L;65536;130;0;0;13
L2L;65536;130;1;13;0
L2L;65536;130;0;0;14
L2L;65536;130;1;14;0
L2L;65536;130;0;0;15
L2L;65536;130;1;15;0
L2L;65536;130;0;1;0
L2L;65536;130;1;0;1
L2L;65536;130;0;1;1
L2L;65536;130;1;1;1
L2L;65536;130;0;1;2
L2L;65536;130;1;2;1
L2L;65536;130;0;1;3
L2L;65536;130;1;3;1
L2L;65536;130;0;1;4
L2L;65536;130;1;4;1
L2L;65536;130;0;1;5
L2L;65536;130;1;5;1
L2L;65536;130;0;1;6
L2L;65536;130;1;6;1
L2L;65536;130;0;1;7
L2L;65536;130;1;7;1
L2L;65536;130;0;1;8
L2L;65536;130;1;8;1
L2L;65536;130;0;1;9
L2L;65536;130;1;9;1
L2L;65536;130;0;1;10
L2L;65536;130;1;10;1
L2L;65536;130;0;1;11
L2L;65536;130;1;11;1
L2L;65536;130;0;1;12
L2L;65536;130;1;12;1
L2L;65536;130;0;1;13
L2L;65536;130;1;13;1
L2L;65536;130;0;1;14
L2L;65536;130;1;14;1
L2L;65536;130;0;1;15
L2L;65536;130;1;15;1
L2L;65536;130;0;2;0
L2L;65536;130;1;0;2
L2L;65536;130;0;2;1
L2L;65536;130;1;1;2
L2L;65536;130;0;2;2
L2L;65536;130;1;2;2
L2L;65536;130;0;2;3
L2L;65536;130;1;3;2
L2L;65536;130;0;2;4
L2L;65536;130;1;4;2
L2L;65536;130;0;2;5
L2L;65536;130;1;5;2
L2L;65536;130;0;2;6
L2L;65536;130;1;6;2
L2L;65536;130;0;2;7
L2L;65536;130;1;7;2
L2L;65536;130;0;2;8
L2L;65536;130;1;8;2
L2L;65536;130;0;2;9
L2L;65536;130;1;9;2
L2L;65536;130;0;2;10
L2L;65536;130;1;10;2
L2L;65536;130;0;2;11
L2L;65536;130;1;11;2
L2L;65536;130;0;2;12
L2L;65536;130;1;12;2
L2L;65536;130;0;2;13
L2L;65536;130;1;13;2
L2L;65536;130;0;2;14
L2L;65536;130;1;14;2
L2L;65536;130;0;2;15
L2L;65536;130;1;15;2
L2L;65536;130;0;3;0
L2L;65536;130;1;0;3
L2L;65536;130;0;3;1
L2L;65536;130;1;1;3
L2L;65536;130;0;3;2
L2L;65536;130;1;2;3
L2L;65536;130;0;3;3
L2L;65536;130;1;3;3
L2L;65536;130;0;3;4
L2L;65536;130;1;4;3
L2L;65536;130;0;3;5
L2L;65536;130;1;5;3
L2L;65536;130;0;3;6
L2L;65536;130;1;6;3
L2L;65536;130;0;3;7
L2L;65536;130;1;7;3
L2L;65536;130;0;3;8
L2L;65536;130;1;8;3
L2L;65536;130;0;3;9
L2L;65536;130;1;9;3
L2L;65536;130;0;3;10
L2L;65536;130;1;10;3
L2L;65536;130;0;3;11
L2L;65536;130;1;11;3
L2L;65536;130;0;3;12
L2L;65536;130;1;12;3
L2L;65536;130;0;3;13
L2L;65536;130;1;13;3
L2L;65536;130;0;3;14
L2L;65536;130;1;14;3
L2L;65536;130;0;3;15
L2L;65536;130;1;15;3
L2L;65536;130;0;4;0
L2L;65536;130;1;0;4
L2L;65536;130;0;4;1
L2L;65536;130;1;1;4
L2L;65536;130;0;4;2
L2L;65536;130;1;2;4
L2L;65536;130;0;4;3
L2L;65536;130;1;3;4
L2L;65536;130;0;4;4
L2L;65536;130;1;4;4
L2L;65536;130;0;4;5
L2L;65536;130;1;5;4
L2L;65536;130;0;4;6
L2L;65536;130;1;6;4
L2L;65536;130;0;4;7
L2L;65536;130;1;7;4
L2L;65536;130;0;4;8
L2L;65536;130;1;8;4
L2L;65536;130;0;4;9
L2L;65536;130;1;9;4
L2L;65536;130;0;4;10
L2L;65536;130;1;10;4
L2L;65536;130;0;4;11
L2L;65536;130;1;11;4
L2L;65536;130;0;4;12
L2L;65536;130;1;12;4
L2L;65536;130;0;4;13
L2L;65536;130;1;13;4
L2L;65536;130;0;4;14
L2L;65536;130;1;14;4
L2L;65536;130;0;4;15
L2L;65536;130;1;15;4
L2L;65536;130;0;5;0
L2L;65536;130;1;0;5
L2L;65536;130;0;5;1
L2L;65536;130;1;1;5
L2L;65536;130;0;5;2
L2L;65536;130;1;2;5
L2L;65536;130;0;5;3
L2L;65536;130;1;3;5
L2L;65536;130;0;5;4
L2L;65536;130;1;4;5
L2L;65536;130;0;5;5
L2L;65536;130;1;5;5
L2L;65536;130;0;5;6
L2L;65536;130;1;6;5
L2L;65536;130;0;5;7
L2L;65536;130;1;7;5
L2L;65536;130;0;5;8
L2L;65536;130;1;8;5
L2L;65536;130;0;5;9
L2L;65536;130;1;9;5
L2L;65536;130;0;5;10
L2L;65536;130;1;10;5
L2L;65536;130;0;5;11
L2L;65536;130;1;11;5
L2L;65536;130;0;5;12
L2L;65536;130;1;12;5
L2L;65536;130;0;5;13
L2L;65536;130;1;13;5
L2L;65536;130;0;5;14
L2L;65536;130;1;14;5
L2L;65536;130;0;5;15
L2L;65536;130;1;15;5
L2L;65536;130;0;6;0
L2L;65536;130;1;0;6
L2L;65536;130;0;6;1
L2L;65536;130;1;1;6
L2L;65536;130;0;6;2
L2L;65536;130;1;2;6
L2L;65536;130;0;6;3
L2L;65536;130;1;3;6
L2L;65536;130;0;6;4
L2L;65536;130;1;4;6
L2L;65536;130;0;6;5
L2L;65536;130;1;5;6
L2L;65536;130;0;6;6
L2L;65536;130;1;6;6
L2L;65536;130;0;6;7
L2L;65536;130;1;7;6
L2L;65536;130;0;6;8
L2L;65536;130;1;8;6
L2L;65536;130;0;6;9
L2L;65536;130;1;9;6
L2L;65536;130;0;6;10
L2L;65536;130;1;10;6
L2L;65536;130;0;6;11
L2L;65536;130;1;11;6
L2L;65536;130;0;6;12
L2L;65536;130;1;12;6
L2L;65536;130;0;6;13
L2L;65536;130;1;13;6
L2L;65536;130;0;6;14
L2L;65536;130;1;14;6
L2L;65536;130;0;6;15
L2L;65536;130;1;15;6
L2L;65536;130;0;7;0
L2L;65536;130;1;0;7
L2L;65536;130;0;7;1
L2L;65536;130;1;1;7
L2L;65536;130;0;7;2
L2L;65536;130;1;2;7
L2L;65536;130;0;7;3
L2L;65536;130;1;3;7
L2L;65536;130;0;7;4
L2L;65536;130;1;4;7
L2L;65536;130;0;7;5
L2L;65536;130;1;5;7
L2L;65536;130;0;7;6
L2L;65536;130;1;6;7
L2L;65536;130;0;7;7
L2L;65536;130;1;7;7
L2L;65536;130;0;7;8
L2L;65536;130;1;8;7
L2L;65536;130;0;7;9
L2L;65536;130;1;9;7
L2L;65536;130;0;7;10
L2L;65536;130;1;10;7
L2L;65536;130;0;7;11
L2L;65536;130;1;11;7
L2L;65536;130;0;7;12
L2L;65536;130;1;12;7
L2L;65536;130;0;7;13
L2L;65536;130;1;13;7
L2L;65536;130;0;7;14
L2L;65536;130;1;14;7
L2L;65536;130;0;7;15
L2L;65536;130;1;15;7
L2L;65536;130;0;8;0
L2L;65536;130;1;0;8
L2L;65536;130;0;8;1
L2L;65536;130;1;1;8
L2L;65536;130;0;8;2
L2L;65536;130;1;2;8
L2L;65536;130;0;8;3
L2L;65536;130;1;3;8
L2L;65536;130;0;8;4
L2L;65536;130;1;4;8
L2L;65536;130;0;8;5
L2L;65536;130;1;5;8
L2L;65536;130;0;8;6
L2L;65536;130;1;6;8
L2L;65536;130;0;8;7
L2L;65536;130;1;7;8
L2L;65536;130;0;8;8
L2L;65536;130;1;8;8
L2L;65536;130;0;8;9
L2L;65536;130;1;9;8
L2L;65536;130;0;8;10
L2L;65536;130;1;10;8
L2L;65536;130;0;8;11
L2L;65536;130;1;11;8
L2L;65536;130;0;8;12
L2L;65536;130;1;12;8
L2L;65536;130;0;8;13
L2L;65536;130;1;13;8
L2L;65536;130;0;8;14
L2L;65536;130;1;14;8
L2L;65536;130;0;8;15
L2L;65536;130;1;15;8
L2L;65536;130;0;9;0
L2L;65536;130;1;0;9
L2L;65536;130;0;9;1
L2L;65536;130;1;1;9
L2L;65536;130;0;9;2
L2L;65536;130;1;2;9
L2L;65536;130;0;9;3
L2L;65536;130;1;3;9
L2L;65536;130;0;9;4
L2L;65536;130;1;4;9
L2L;65536;130;0;9;5
L2L;65536;130;1;5;9
L2L;65536;130;0;9;6
L2L;65536;130;1;6;9
L2L;65536;130;0;9;7
L2L;65536;130;1;7;9
L2L;65536;130;0;9;8
L2L;65536;130;1;8;9
L2L;65536;130;0;9;9
L2L;65536;130;1;9;9
L2L;65536;130;0;9;10
L2L;65536;130;1;10;9
L2L;65536;130;0;9;11
L2L;65536;130;1;11;9
L2L;65536;130;0;9;12
L2L;65536;130;1;12;9
L2L;65536;130;0;9;13
L2L;65536;130;1;13;9
L2L;65536;130;0;9;14
L2L;65536;130;1;14;9
L2L;65536;130;0;9;15
L2L;65536;130;1;15;9
L2L;65536;130;0;10;0
L2L;65536;130;1;0;10
L2L;65536;130;0;10;1
L2L;65536;130;1;1;10
L2L;65536;130;0;10;2
L2L;65536;130;1;2;10
L2L;65536;130;0;10;3
L2L;65536;130;1;3;10
L2L;65536;130;0;10;4
L2L;65536;130;1;4;10
L2L;65536;130;0;10;5
L2L;65536;130;1;5;10
L2L;65536;130;0;10;6
L2L;65536;130;1;6;10
L2L;65536;130;0;10;7
L2L;65536;130;1;7;10
L2L;65536;130;0;10;8
L2L;65536;130;1;8;10
L2L;65536;130;0;10;9
L2L;65536;130;1;9;10
L2L;65536;130;0;10;10
L2L;65536;130;1;10;10
L2L;65536;130;0;10;11
L2L;65536;130;1;11;10
L2L;65536;130;0;10;12
L2L;65536;130;1;12;10
L2L;65536;130;0;10;13
L2L;65536;130;1;13;10
L2L;65536;130;0;10;14
L2L;65536;130;1;14;10
L2L;65536;130;0;10;15
L2L;65536;130;1;15;10
L2L;65536;130;0;11;0
L2L;65536;130;1;0;11
L2L;65536;130;0;11;1
L2L;65536;130;1;1;11
L2L;65536;130;0;11;2
L2L;65536;130;1;2;11
L2L;65536;130;0;11;3
L2L;65536;130;1;3;11
L2L;65536;130;0;11;4
L2L;65536;130;1;4;11
L2L;65536;130;0;11;5
L2L;65536;130;1;5;11
L2L;65536;130;0;11;6
L2L;65536;130;1;6;11
L2L;65536;130;0;11;7
L2L;65536;130;1;7;11
L2L;65536;130;0;11;8
L2L;65536;130;1;8;11
L2L;65536;130;0;11;9
L2L;65536;130;1;9;11
L2L;65536;130;0;11;10
L2L;65536;130;1;10;11
L2L;65536;130;0;11;11
L2L;65536;130;1;11;11
L2L;65536;130;0;11;12
L2L;65536;130;1;12;11
L2L;65536;130;0;11;13
L2L;65536;130;1;13;11
L2L;65536;130;0;11;14
L2L;65536;130;1;14;11
L2L;65536;130;0;11;15
L2L;65536;130;1;15;11
L2L;65536;130;0;12;0
L2L;65536;130;1;0;12
L2L;65536;130;0;12;1
L2L;65536;130;1;1;12
L2L;65536;130;0;12;2
L2L;65536;130;1;2;12
L2L;65536;130;0;12;3
L2L;65536;130;1;3;12
L2L;65536;130;0;12;4
L2L;65536;130;1;4;12
L2L;65536;130;0;12;5
L2L;65536;130;1;5;12
L2L;65536;130;0;12;6
L2L;65536;130;1;6;12
L2L;65536;130;0;12;7
L2L;65536;130;1;7;12
L2L;65536;130;0;12;8
L2L;65536;130;1;8;12
L2L;65536;130;0;12;9
L2L;65536;130;1;9;12
L2L;65536;130;0;12;10
L2L;65536;130;1;10;12
L2L;65536;130;0;12;11
L2L;65536;130;1;11;12
L2L;65536;130;0;12;12
L2L;65536;130;1;12;12
L2L;65536;130;0;12;13
L2L;65536;130;1;13;12
L2L;65536;130;0;12;14
L2L;65536;130;1;14;12
L2L;65536;130;0;12;15
L2L;65536;130;1;15;12
L2L;65536;130;0;13;0
L2L;65536;130;1;0;13
L2L;65536;130;0;13;1
L2L;65536;130;1;1;13
L2L;65536;130;0;13;2
L2L;65536;130;1;2;13
L2L;65536;130;0;13;3
L2L;65536;130;1;3;13
L2L;65536;130;0;13;4
L2L;65536;130;1;4;13
L2L;65536;130;0;13;5
L2L;65536;130;1;5;13
L2L;65536;130;0;13;6
L2L;65536;130;1;6;13
L2L;65536;130;0;13;7
L2L;65536;130;1;7;13
L2L;65536;130;0;13;8
L2L;65536;130;1;8;13
L2L;65536;130;0;13;9
L2L;65536;130;1;9;13
L2L;65536;130;0;13;10
L2L;65536;130;1;10;13
L2L;65536;130;0;13;11
L2L;65536;130;1;11;13
L2L;65536;130;0;13;12
L2L;65536;130;1;12;13
L2L;65536;130;0;13;13
L2L;65536;130;1;13;13
L2L;65536;130;0;13;14
L2L;65536;130;1;14;13
L2L;65536;130;0;13;15
L2L;65536;130;1;15;13
L2L;65536;130;0;14;0
L2L;65536;130;1;0;14
L2L;65536;130;0;14;1
L2L;65536;130;1;1;14
L2L;65536;130;0;14;2
L2L;65536;130;1;2;14
L2L;65536;130;0;14;3
L2L;65536;130;1;3;14
L2L;65536;130;0;14;4
L2L;65536;130;1;4;14
L2L;65536;130;0;14;5
L2L;65536;130;1;5;14
L2L;65536;130;0;14;6
L2L;65536;130;1;6;14
L2L;65536;130;0;14;7
L2L;65536;130;1;7;14
L2L;65536;130;0;14;8
L2L;65536;130;1;8;14
L2L;65536;130;0;14;9
L2L;65536;130;1;9;14
L2L;65536;130;0;14;10
L2L;65536;130;1;10;14
L2L;65536;130;0;14;11
L2L;65536;130;1;11;14
L2L;65536;130;0;14;12
L2L;65536;130;1;12;14
L2L;65536;130;0;14;13
L2L;65536;130;1;13;14
L2L;65536;130;0;14;14
L2L;65536;130;1;14;14
L2L;65536;130;0;14;15
L2L;65536;130;1;15;14
L2L;65536;130;0;15;0
L2L;65536;130;1;0;15
L2L;65536;130;0;15;1
L2L;65536;130;1;1;15
L2L;65536;130;0;15;2
L2L;65536;130;1;2;15
L2L;65536;130;0;15;3
L2L;65536;130;1;3;15
L2L;65536;130;0;15;4
L2L;65536;130;1;4;15
L2L;65536;130;0;15;5
L2L;65536;130;1;5;15
L2L;65536;130;0;15;6
L2L;65536;130;1;6;15
L2L;65536;130;0;15;7
L2L;65536;130;1;7;15
L2L;65536;130;0;15;8
L2L;65536;130;1;8;15
L2L;65536;130;0;15;9
L2L;65536;130;1;9;15
L2L;65536;130;0;15;10
L2L;65536;130;1;10;15
L2L;65536;130;0;15;11
L2L;65536;130;1;11;15
L2L;65536;130;0;15;12
L2L;65536;130;1;12;15
L2L;65536;130;0;15;13
L2L;65536;130;1;13;15
L2L;65536;130;0;15;14
L2L;65536;130;1;14;15
L2L;65536;130;0;15;15
L2L;65536;130;1;15;15
L2L;2097152;131;0;0;0
L2L;2097152;131;1;0;0
L2L;2097152;131;0;1;1
L2L;2097152;131;1;1;1
L2L;2097152;131;0;2;2
L2L;2097152;131;1;2;2
L2L;2097152;131;0;3;3
L2L;2097152;131;1;3;3
L2L;2097152;131;0;4;4
L2L;2097152;131;1;4;4
L2L;2097152;131;0;5;5
L2L;2097152;131;1;5;5
L2L;2097152;131;0;6;6
L2L;2097152;131;1;6;6
L2L;2097152;131;0;7;7
L2L;2097152;131;1;7;7
L2L;2097152;131;0;8;8
L2L;2097152;131;1;8;8
L2L;2097152;131;0;9;9
L2L;2097152;131;1;9;9
L2L;2097152;131;0;10;10
L2L;2097152;131;1;10;10
L2L;2097152;131;0;11;11
L2L;2097152;131;1;11;11
L2L;2097152;131;0;12;12
L2L;2097152;131;1;12;12
L2L;2097152;131;0;13;13
L2L;2097152;131;1;13;13
L2L;2097152;131;0;14;14
L2L;2097152;131;1;14;14
L2L;2097152;131;0;15;15
L2L;2097152;131;1;15;15
L2L;2097152;131;0;0;0
L2L;2097152;131;1;0;0
L2L;2097152;131;0;1;1
L2L;2097152;131;1;1;1
L2L;2097152;131;0;2;2
L2L;2097152;131;1;2;2
L2L;2097152;131;0;3;3
L2L;2097152;131;1;3;3
L2L;2097152;131;0;4;4
L2L;2097152;131;1;4;4
L2L;2097152;131;0;5;5
L2L;2097152;131;1;5;5
L2L;2097152;131;0;6;6
L2L;2097152;131;1;6;6
L2L;2097152;131;0;7;7
L2L;2097152;131;1;7;7
L2L;2097152;131;0;8;8
L2L;2097152;131;1;8;8
L2L;2097152;131;0;9;9
L2L;2097152;131;1;9;9
L2L;2097152;131;0;10;10
L2L;2097152;131;1;10;10
L2L;2097152;131;0;11;11
L2L;2097152;131;1;11;11
L2L;2097152;131;0;12;12
L2L;2097152;131;1;12;12
L2L;2097152;131;0;13;13
L2L;2097152;131;1;13;13
L2L;2097152;131;0;14;14
L2L;2097152;131;1;14;14
L2L;2097152;131;0;15;15
L2L;2097152;131;1;15;15
L2L;2097152;132;0;0;0
L2L;2097152;132;1;0;0
L2L;2097152;132;0;1;1
L2L;2097152;132;1;1;1
L2L;2097152;132;0;2;2
L2L;2097152;132;1;2;2
L2L;2097152;132;0;3;3
L2L;2097152;132;1;3;3
L2L;2097152;132;0;4;4
L2L;2097152;132;1;4;4
L2L;2097152;132;0;5;5
L2L;2097152;132;1;5;5
L2L;2097152;132;0;6;6
L2L;2097152;132;1;6;6
L2L;2097152;132;0;7;7
L2L;2097152;132;1;7;7
L2L;2097152;132;0;8;8
L2L;2097152;132;1;8;8
L2L;2097152;132;0;9;9
L2L;2097152;132;1;9;9
L2L;2097152;132;0;10;10
L2L;2097152;132;1;10;10
L2L;2097152;132;0;11;11
L2L;2097152;132;1;11;11
L2L;2097152;132;0;12;12
L2L;2097152;132;1;12;12
L2L;2097152;132;0;13;13
L2L;2097152;132;1;13;13
L2L;2097152;132;0;14;14
L2L;2097152;132;1;14;14
L2L;2097152;132;0;15;15
L2L;2097152;132;1;15;15
L2L;8388608;133;0;0;0
L2L;8388608;133;1;0;0
L2L;8388608;133;0;1;1
L2L;8388608;133;1;1;1
L2L;8388608;133;0;2;2
L2L;8388608;133;1;2;2
L2L;8388608;133;0;3;3
L2L;8388608;133;1;3;3
L2L;8388608;133;0;4;4
L2L;8388608;133;1;4;4
L2L;8388608;133;0;5;5
L2L;8388608;133;1;5;5
L2L;8388608;133;0;6;6
L2L;8388608;133;1;6;6
L2L;8388608;133;0;7;7
L2L;8388608;133;1;7;7
L2L;8388608;133;0;8;8
L2L;8388608;133;1;8;8
L2L;8388608;133;0;9;9
L2L;8388608;133;1;9;9
L2L;8388608;133;0;10;10
L2L;8388608;133;1;10;10
L2L;8388608;133;0;11;11
L2L;8388608;133;1;11;11
L2L;8388608;133;0;12;12
L2L;8388608;133;1;12;12
L2L;8388608;133;0;13;13
L2L;8388608;133;1;13;13
L2L;8388608;133;0;14;14
L2L;8388608;133;1;14;14
L2L;8388608;133;0;15;15
L2L;8388608;133;1;15;15
L2L;4194304;134;0;0;0
L2L;4194304;134;1;0;0
L2L;4194304;134;0;1;1
L2L;4194304;134;1;1;1
L2L;4194304;134;0;2;2
L2L;4194304;134;1;2;2
L2L;4194304;134;0;3;3
L2L;4194304;134;1;3;3
L2L;4194304;134;0;4;4
L2L;4194304;134;1;4;4
L2L;4194304;134;0;5;5
L2L;4194304;134;1;5;5
L2L;4194304;134;0;6;6
L2L;4194304;134;1;6;6
L2L;4194304;134;0;7;7
L2L;4194304;134;1;7;7
L2L;4194304;134;0;8;8
L2L;4194304;134;1;8;8
L2L;4194304;134;0;9;9
L2L;4194304;134;1;9;9
L2L;4194304;134;0;10;10
L2L;4194304;134;1;10;10
L2L;4194304;134;0;11;11
L2L;4194304;134;1;11;11
L2L;4194304;134;0;12;12
L2L;4194304;134;1;12;12
L2L;4194304;134;0;13;13
L2L;4194304;134;1;13;13
L2L;4194304;134;0;14;14
L2L;4194304;134;1;14;14
L2L;4194304;134;0;15;15
L2L;4194304;134;1;15;15
L2L;4194304;135;0;0;0
L2L;4194304;135;1;0;0
L2L;4194304;135;0;1;1
L2L;4194304;135;1;1;1
L2L;4194304;135;0;2;2
L2L;4194304;135;1;2;2
L2L;4194304;135;0;3;3
L2L;4194304;135;1;3;3
L2L;4194304;135;0;4;4
L2L;4194304;135;1;4;4
L2L;4194304;135;0;5;5
L2L;4194304;135;1;5;5
L2L;4194304;135;0;6;6
L2L;4194304;135;1;6;6
L2L;4194304;135;0;7;7
L2L;4194304;135;1;7;7
L2L;4194304;135;0;8;8
L2L;4194304;135;1;8;8
L2L;4194304;135;0;9;9
L2L;4194304;135;1;9;9
L2L;4194304;135;0;10;10
L2L;4194304;135;1;10;10
L2L;4194304;135;0;11;11
L2L;4194304;135;1;11;11
L2L;4194304;135;0;12;12
L2L;4194304;135;1;12;12
L2L;4194304;135;0;13;13
L2L;4194304;135;1;13;13
L2L;4194304;135;0;14;14
L2L;4194304;135;1;14;14
L2L;4194304;135;0;15;15
L2L;4194304;135;1;15;15
L2L;4194304;136;0;0;0
L2L;4194304;136;1;0;0
L2L;4194304;136;0;1;1
L2L;4194304;136;1;1;1
L2L;4194304;136;0;2;2
L2L;4194304;136;1;2;2
L2L;4194304;136;0;3;3
L2L;4194304;136;1;3;3
L2L;4194304;136;0;4;4
L2L;4194304;136;1;4;4
L2L;4194304;136;0;5;5
L2L;4194304;136;1;5;5
L2L;4194304;136;0;6;6
L2L;4194304;136;1;6;6
L2L;4194304;136;0;7;7
L2L;4194304;136;1;7;7
L2L;4194304;136;0;8;8
L2L;4194304;136;1;8;8
L2L;4194304;136;0;9;9
L2L;4194304;136;1;9;9
L2L;4194304;136;0;10;10
L2L;4194304;136;1;10;10
L2L;4194304;136;0;11;11
L2L;4194304;136;1;11;11
L2L;4194304;136;0;12;12
L2L;4194304;136;1;12;12
L2L;4194304;136;0;13;13
L2L;4194304;136;1;13;13
L2L;4194304;136;0;14;14
L2L;4194304;136;1;14;14
L2L;4194304;136;0;15;15
L2L;4194304;136;1;15;15
L2L;4194304;137;0;0;0
L2L;4194304;137;1;0;0
L2L;4194304;137;0;1;1
L2L;4194304;137;1;1;1
L2L;4194304;137;0;2;2
L2L;4194304;137;1;2;2
L2L;4194304;137;0;3;3
L2L;4194304;137;1;3;3
L2L;4194304;137;0;4;4
L2L;4194304;137;1;4;4
L2L;4194304;137;0;5;5
L2L;4194304;137;1;5;5
L2L;4194304;137;0;6;6
L2L;4194304;137;1;6;6
L2L;4194304;137;0;7;7
L2L;4194304;137;1;7;7
L2L;4194304;137;0;8;8
L2L;4194304;137;1;8;8
L2L;4194304;137;0;9;9
L2L;4194304;137;1;9;9
L2L;4194304;137;0;10;10
L2L;4194304;137;1;10;10
L2L;4194304;137;0;11;11
L2L;4194304;137;1;11;11
L2L;4194304;137;0;12;12
L2L;4194304;137;1;12;12
L2L;4194304;137;0;13;13
L2L;4194304;137;1;13;13
L2L;4194304;137;0;14;14
L2L;4194304;137;1;14;14
L2L;4194304;137;0;15;15
L2L;4194304;137;1;15;15
L2L;4194304;138;0;0;0
L2L;4194304;138;1;0;0
L2L;4194304;138;0;1;1
L2L;4194304;138;1;1;1
L2L;4194304;138;0;2;2
L2L;4194304;138;1;2;2
L2L;4194304;138;0;3;3
L2L;4194304;138;1;3;3
L2L;4194304;138;0;4;4
L2L;4194304;138;1;4;4
L2L;4194304;138;0;5;5
L2L;4194304;138;1;5;5
L2L;4194304;138;0;6;6
L2L;4194304;138;1;6;6
L2L;4194304;138;0;7;7
L2L;4194304;138;1;7;7
L2L;4194304;138;0;8;8
L2L;4194304;138;1;8;8
L2L;4194304;138;0;9;9
L2L;4194304;138;1;9;9
L2L;4194304;138;0;10;10
L2L;4194304;138;1;10;10
L2L;4194304;138;0;11;11
L2L;4194304;138;1;11;11
L2L;4194304;138;0;12;12
L2L;4194304;138;1;12;12
L2L;4194304;138;0;13;13
L2L;4194304;138;1;13;13
L2L;4194304;138;0;14;14
L2L;4194304;138;1;14;14
L2L;4194304;138;0;15;15
L2L;4194304;138;1;15;15
L2L;4194304;139;0;0;0
L2L;4194304;139;1;0;0
L2L;4194304;139;0;1;1
L2L;4194304;139;1;1;1
L2L;4194304;139;0;2;2
L2L;4194304;139;1;2;2
L2L;4194304;139;0;3;3
L2L;4194304;139;1;3;3
L2L;4194304;139;0;4;4
L2L;4194304;139;1;4;4
L2L;4194304;139;0;5;5
L2L;4194304;139;1;5;5
L2L;4194304;139;0;6;6
L2L;4194304;139;1;6;6
L2L;4194304;139;0;7;7
L2L;4194304;139;1;7;7
L2L;4194304;139;0;8;8
L2L;4194304;139;1;8;8
L2L;4194304;139;0;9;9
L2L;4194304;139;1;9;9
L2L;4194304;139;0;10;10
L2L;4194304;139;1;10;10
L2L;4194304;139;0;11;11
L2L;4194304;139;1;11;11
L2L;4194304;139;0;12;12
L2L;4194304;139;1;12;12
L2L;4194304;139;0;13;13
L2L;4194304;139;1;13;13
L2L;4194304;139;0;14;14
L2L;4194304;139;1;14;14
L2L;4194304;139;0;15;15
L2L;4194304;139;1;15;15
L2L;1024;140;0;0;0
L2L;1024;140;1;0;0
L2L;1024;140;0;1;1
L2L;1024;140;1;1;1
L2L;1024;140;0;2;2
L2L;1024;140;1;2;2
L2L;1024;140;0;3;3
L2L;1024;140;1;3;3
L2L;1024;140;0;4;4
L2L;1024;140;1;4;4
L2L;1024;140;0;5;5
L2L;1024;140;1;5;5
L2L;1024;140;0;6;6
L2L;1024;140;1;6;6
L2L;1024;140;0;7;7
L2L;1024;140;1;7;7
L2L;1024;140;0;8;8
L2L;1024;140;1;8;8
L2L;1024;140;0;9;9
L2L;1024;140;1;9;9
L2L;1024;140;0;10;10
L2L;1024;140;1;10;10
L2L;1024;140;0;11;11
L2L;1024;140;1;11;11
L2L;1024;140;0;12;12
L2L;1024;140;1;12;12
L2L;1024;140;0;13;13
L2L;1024;140;1;13;13
L2L;1024;140;0;14;14
L2L;1024;140;1;14;14
L2L;1024;140;0;15;15
L2L;1024;140;1;15;15
L2L;4194304;140;0;0;0
L2L;4194304;140;1;0;0
L2L;4194304;140;0;1;1
L2L;4194304;140;1;1;1
L2L;4194304;140;0;2;2
L2L;4194304;140;1;2;2
L2L;4194304;140;0;3;3
L2L;4194304;140;1;3;3
L2L;4194304;140;0;4;4
L2L;4194304;140;1;4;4
L2L;4194304;140;0;5;5
L2L;4194304;140;1;5;5
L2L;4194304;140;0;6;6
L2L;4194304;140;1;6;6
L2L;4194304;140;0;7;7
L2L;4194304;140;1;7;7
L2L;4194304;140;0;8;8
L2L;4194304;140;1;8;8
L2L;4194304;140;0;9;9
L2L;4194304;140;1;9;9
L2L;4194304;140;0;10;10
L2L;4194304;140;1;10;10
L2L;4194304;140;0;11;11
L2L;4194304;140;1;11;11
L2L;4194304;140;0;12;12
L2L;4194304;140;1;12;12
L2L;4194304;140;0;13;13
L2L;4194304;140;1;13;13
L2L;4194304;140;0;14;14
L2L;4194304;140;1;14;14
L2L;4194304;140;0;15;15
L2L;4194304;140;1;15;15
L2L;4195328;141;0;0;0
L2L;4195328;141;1;0;0
L2L;4195328;141;0;1;1
L2L;4195328;141;1;1;1
L2L;4195328;141;0;2;2
L2L;4195328;141;1;2;2
L2L;4195328;141;0;3;3
L2L;4195328;141;1;3;3
L2L;4195328;141;0;4;4
L2L;4195328;141;1;4;4
L2L;4195328;141;0;5;5
L2L;4195328;141;1;5;5
L2L;4195328;141;0;6;6
L2L;4195328;141;1;6;6
L2L;4195328;141;0;7;7
L2L;4195328;141;1;7;7
L2L;4195328;141;0;8;8
L2L;4195328;141;1;8;8
L2L;4195328;141;0;9;9
L2L;4195328;141;1;9;9
L2L;4195328;141;0;10;10
L2L;4195328;141;1;10;10
L2L;4195328;141;0;11;11
L2L;4195328;141;1;11;11
L2L;4195328;141;0;12;12
L2L;4195328;141;1;12;12
L2L;4195328;141;0;13;13
L2L;4195328;141;1;13;13
L2L;4195328;141;0;14;14
L2L;4195328;141;1;14;14
L2L;4195328;141;0;15;15
L2L;4195328;141;1;15;15
